{"D:\\mt club1\\backend\\middleware\\auth.js": {"path":"D:\\mt club1\\backend\\middleware\\auth.js","statementMap":{"0":{"start":{"line":3,"column":19},"end":{"line":3,"column":60}},"1":{"start":{"line":6,"column":21},"end":{"line":6,"column":46}},"2":{"start":{"line":7,"column":2},"end":{"line":7,"column":null}},"3":{"start":{"line":7,"column":19},"end":{"line":7,"column":null}},"4":{"start":{"line":9,"column":16},"end":{"line":9,"column":40}},"5":{"start":{"line":10,"column":2},"end":{"line":15,"column":null}},"6":{"start":{"line":11,"column":4},"end":{"line":11,"column":null}},"7":{"start":{"line":12,"column":4},"end":{"line":12,"column":null}},"8":{"start":{"line":14,"column":4},"end":{"line":14,"column":null}}},"fnMap":{"0":{"name":"auth","decl":{"start":{"line":5,"column":24},"end":{"line":5,"column":28}},"loc":{"start":{"line":5,"column":45},"end":{"line":16,"column":null}},"line":5}},"branchMap":{"0":{"loc":{"start":{"line":3,"column":19},"end":{"line":3,"column":60}},"type":"binary-expr","locations":[{"start":{"line":3,"column":19},"end":{"line":3,"column":41}},{"start":{"line":3,"column":45},"end":{"line":3,"column":60}}],"line":3},"1":{"loc":{"start":{"line":7,"column":2},"end":{"line":7,"column":null}},"type":"if","locations":[{"start":{"line":7,"column":2},"end":{"line":7,"column":null}},{"start":{},"end":{}}],"line":7}},"s":{"0":7,"1":46,"2":46,"3":5,"4":41,"5":41,"6":41,"7":41,"8":5},"f":{"0":46},"b":{"0":[7,0],"1":[5,41]},"meta":{"lastBranch":2,"lastFunction":1,"lastStatement":9,"seen":{"s:3:19:3:60":0,"b:3:19:3:41:3:45:3:60":0,"f:5:24:5:28":0,"s:6:21:6:46":1,"b:7:2:7:Infinity:undefined:undefined:undefined:undefined":1,"s:7:2:7:Infinity":2,"s:7:19:7:Infinity":3,"s:9:16:9:40":4,"s:10:2:15:Infinity":5,"s:11:4:11:Infinity":6,"s:12:4:12:Infinity":7,"s:14:4:14:Infinity":8},"fnNames":{}}}
,"D:\\mt club1\\backend\\middleware\\role.js": {"path":"D:\\mt club1\\backend\\middleware\\role.js","statementMap":{"0":{"start":{"line":4,"column":2},"end":{"line":11,"column":null}},"1":{"start":{"line":5,"column":4},"end":{"line":10,"column":null}},"2":{"start":{"line":6,"column":6},"end":{"line":8,"column":null}},"3":{"start":{"line":7,"column":8},"end":{"line":7,"column":null}},"4":{"start":{"line":9,"column":6},"end":{"line":9,"column":null}},"5":{"start":{"line":15,"column":2},"end":{"line":20,"column":null}},"6":{"start":{"line":16,"column":4},"end":{"line":18,"column":null}},"7":{"start":{"line":17,"column":6},"end":{"line":17,"column":null}},"8":{"start":{"line":19,"column":4},"end":{"line":19,"column":null}},"9":{"start":{"line":24,"column":2},"end":{"line":29,"column":null}},"10":{"start":{"line":25,"column":4},"end":{"line":27,"column":null}},"11":{"start":{"line":26,"column":6},"end":{"line":26,"column":null}},"12":{"start":{"line":28,"column":4},"end":{"line":28,"column":null}},"13":{"start":{"line":33,"column":2},"end":{"line":38,"column":null}},"14":{"start":{"line":34,"column":4},"end":{"line":36,"column":null}},"15":{"start":{"line":35,"column":6},"end":{"line":35,"column":null}},"16":{"start":{"line":37,"column":4},"end":{"line":37,"column":null}}},"fnMap":{"0":{"name":"requireRole","decl":{"start":{"line":3,"column":16},"end":{"line":3,"column":27}},"loc":{"start":{"line":3,"column":38},"end":{"line":12,"column":null}},"line":3},"1":{"name":"(anonymous_1)","decl":{"start":{"line":4,"column":9},"end":{"line":4,"column":10}},"loc":{"start":{"line":4,"column":29},"end":{"line":11,"column":3}},"line":4},"2":{"name":"(anonymous_2)","decl":{"start":{"line":5,"column":19},"end":{"line":5,"column":20}},"loc":{"start":{"line":5,"column":25},"end":{"line":10,"column":5}},"line":5},"3":{"name":"requireAdmin","decl":{"start":{"line":14,"column":16},"end":{"line":14,"column":28}},"loc":{"start":{"line":14,"column":45},"end":{"line":21,"column":null}},"line":14},"4":{"name":"(anonymous_4)","decl":{"start":{"line":15,"column":17},"end":{"line":15,"column":18}},"loc":{"start":{"line":15,"column":23},"end":{"line":20,"column":3}},"line":15},"5":{"name":"requireLeaderOrAdmin","decl":{"start":{"line":23,"column":16},"end":{"line":23,"column":36}},"loc":{"start":{"line":23,"column":53},"end":{"line":30,"column":null}},"line":23},"6":{"name":"(anonymous_6)","decl":{"start":{"line":24,"column":17},"end":{"line":24,"column":18}},"loc":{"start":{"line":24,"column":23},"end":{"line":29,"column":3}},"line":24},"7":{"name":"requireMember","decl":{"start":{"line":32,"column":16},"end":{"line":32,"column":29}},"loc":{"start":{"line":32,"column":46},"end":{"line":39,"column":null}},"line":32},"8":{"name":"(anonymous_8)","decl":{"start":{"line":33,"column":17},"end":{"line":33,"column":18}},"loc":{"start":{"line":33,"column":23},"end":{"line":38,"column":3}},"line":33}},"branchMap":{"0":{"loc":{"start":{"line":6,"column":6},"end":{"line":8,"column":null}},"type":"if","locations":[{"start":{"line":6,"column":6},"end":{"line":8,"column":null}},{"start":{},"end":{}}],"line":6},"1":{"loc":{"start":{"line":16,"column":4},"end":{"line":18,"column":null}},"type":"if","locations":[{"start":{"line":16,"column":4},"end":{"line":18,"column":null}},{"start":{},"end":{}}],"line":16},"2":{"loc":{"start":{"line":25,"column":4},"end":{"line":27,"column":null}},"type":"if","locations":[{"start":{"line":25,"column":4},"end":{"line":27,"column":null}},{"start":{},"end":{}}],"line":25},"3":{"loc":{"start":{"line":25,"column":8},"end":{"line":25,"column":63}},"type":"binary-expr","locations":[{"start":{"line":25,"column":8},"end":{"line":25,"column":33}},{"start":{"line":25,"column":37},"end":{"line":25,"column":63}}],"line":25},"4":{"loc":{"start":{"line":34,"column":4},"end":{"line":36,"column":null}},"type":"if","locations":[{"start":{"line":34,"column":4},"end":{"line":36,"column":null}},{"start":{},"end":{}}],"line":34}},"s":{"0":2,"1":2,"2":2,"3":1,"4":1,"5":15,"6":13,"7":5,"8":8,"9":8,"10":8,"11":3,"12":5,"13":9,"14":8,"15":0,"16":8},"f":{"0":2,"1":2,"2":2,"3":15,"4":13,"5":8,"6":8,"7":9,"8":8},"b":{"0":[1,1],"1":[5,8],"2":[3,5],"3":[8,6],"4":[0,8]},"meta":{"lastBranch":5,"lastFunction":9,"lastStatement":17,"seen":{"f:3:16:3:27":0,"s:4:2:11:Infinity":0,"f:4:9:4:10":1,"s:5:4:10:Infinity":1,"f:5:19:5:20":2,"b:6:6:8:Infinity:undefined:undefined:undefined:undefined":0,"s:6:6:8:Infinity":2,"s:7:8:7:Infinity":3,"s:9:6:9:Infinity":4,"f:14:16:14:28":3,"s:15:2:20:Infinity":5,"f:15:17:15:18":4,"b:16:4:18:Infinity:undefined:undefined:undefined:undefined":1,"s:16:4:18:Infinity":6,"s:17:6:17:Infinity":7,"s:19:4:19:Infinity":8,"f:23:16:23:36":5,"s:24:2:29:Infinity":9,"f:24:17:24:18":6,"b:25:4:27:Infinity:undefined:undefined:undefined:undefined":2,"s:25:4:27:Infinity":10,"b:25:8:25:33:25:37:25:63":3,"s:26:6:26:Infinity":11,"s:28:4:28:Infinity":12,"f:32:16:32:29":7,"s:33:2:38:Infinity":13,"f:33:17:33:18":8,"b:34:4:36:Infinity:undefined:undefined:undefined:undefined":4,"s:34:4:36:Infinity":14,"s:35:6:35:Infinity":15,"s:37:4:37:Infinity":16},"fnNames":{}}}
,"D:\\mt club1\\backend\\routes\\admin.js": {"path":"D:\\mt club1\\backend\\routes\\admin.js","statementMap":{"0":{"start":{"line":9,"column":15},"end":{"line":9,"column":31}},"1":{"start":{"line":11,"column":15},"end":{"line":14,"column":2}},"2":{"start":{"line":12,"column":14},"end":{"line":12,"column":55}},"3":{"start":{"line":13,"column":2},"end":{"line":13,"column":null}},"4":{"start":{"line":16,"column":0},"end":{"line":32,"column":null}},"5":{"start":{"line":17,"column":2},"end":{"line":31,"column":null}},"6":{"start":{"line":18,"column":4},"end":{"line":20,"column":null}},"7":{"start":{"line":19,"column":6},"end":{"line":19,"column":null}},"8":{"start":{"line":21,"column":28},"end":{"line":24,"column":40}},"9":{"start":{"line":25,"column":4},"end":{"line":27,"column":null}},"10":{"start":{"line":26,"column":6},"end":{"line":26,"column":null}},"11":{"start":{"line":28,"column":4},"end":{"line":28,"column":null}},"12":{"start":{"line":30,"column":4},"end":{"line":30,"column":null}},"13":{"start":{"line":34,"column":0},"end":{"line":66,"column":null}},"14":{"start":{"line":35,"column":104},"end":{"line":35,"column":112}},"15":{"start":{"line":36,"column":15},"end":{"line":36,"column":51}},"16":{"start":{"line":37,"column":16},"end":{"line":37,"column":67}},"17":{"start":{"line":38,"column":24},"end":{"line":38,"column":63}},"18":{"start":{"line":39,"column":28},"end":{"line":39,"column":70}},"19":{"start":{"line":40,"column":2},"end":{"line":40,"column":null}},"20":{"start":{"line":40,"column":40},"end":{"line":40,"column":null}},"21":{"start":{"line":41,"column":2},"end":{"line":41,"column":null}},"22":{"start":{"line":41,"column":31},"end":{"line":41,"column":null}},"23":{"start":{"line":42,"column":21},"end":{"line":42,"column":50}},"24":{"start":{"line":43,"column":21},"end":{"line":43,"column":64}},"25":{"start":{"line":44,"column":2},"end":{"line":65,"column":null}},"26":{"start":{"line":45,"column":4},"end":{"line":45,"column":null}},"27":{"start":{"line":45,"column":19},"end":{"line":45,"column":null}},"28":{"start":{"line":46,"column":27},"end":{"line":46,"column":62}},"29":{"start":{"line":47,"column":23},"end":{"line":54,"column":5}},"30":{"start":{"line":55,"column":28},"end":{"line":59,"column":15}},"31":{"start":{"line":60,"column":4},"end":{"line":60,"column":null}},"32":{"start":{"line":60,"column":15},"end":{"line":60,"column":null}},"33":{"start":{"line":61,"column":4},"end":{"line":61,"column":null}},"34":{"start":{"line":63,"column":4},"end":{"line":63,"column":null}},"35":{"start":{"line":63,"column":30},"end":{"line":63,"column":null}},"36":{"start":{"line":64,"column":4},"end":{"line":64,"column":null}},"37":{"start":{"line":68,"column":0},"end":{"line":105,"column":null}},"38":{"start":{"line":69,"column":90},"end":{"line":69,"column":98}},"39":{"start":{"line":70,"column":21},"end":{"line":70,"column":50}},"40":{"start":{"line":71,"column":21},"end":{"line":71,"column":23}},"41":{"start":{"line":72,"column":2},"end":{"line":72,"column":null}},"42":{"start":{"line":72,"column":29},"end":{"line":72,"column":null}},"43":{"start":{"line":73,"column":2},"end":{"line":73,"column":null}},"44":{"start":{"line":73,"column":30},"end":{"line":73,"column":null}},"45":{"start":{"line":74,"column":2},"end":{"line":74,"column":null}},"46":{"start":{"line":74,"column":55},"end":{"line":74,"column":null}},"47":{"start":{"line":75,"column":2},"end":{"line":75,"column":null}},"48":{"start":{"line":75,"column":32},"end":{"line":75,"column":null}},"49":{"start":{"line":76,"column":2},"end":{"line":76,"column":null}},"50":{"start":{"line":76,"column":36},"end":{"line":76,"column":null}},"51":{"start":{"line":77,"column":2},"end":{"line":81,"column":null}},"52":{"start":{"line":78,"column":4},"end":{"line":78,"column":null}},"53":{"start":{"line":79,"column":9},"end":{"line":81,"column":null}},"54":{"start":{"line":80,"column":4},"end":{"line":80,"column":null}},"55":{"start":{"line":82,"column":2},"end":{"line":104,"column":null}},"56":{"start":{"line":83,"column":4},"end":{"line":83,"column":null}},"57":{"start":{"line":83,"column":19},"end":{"line":83,"column":null}},"58":{"start":{"line":84,"column":26},"end":{"line":89,"column":15}},"59":{"start":{"line":90,"column":4},"end":{"line":98,"column":null}},"60":{"start":{"line":91,"column":6},"end":{"line":91,"column":null}},"61":{"start":{"line":92,"column":6},"end":{"line":97,"column":null}},"62":{"start":{"line":99,"column":4},"end":{"line":99,"column":null}},"63":{"start":{"line":99,"column":15},"end":{"line":99,"column":null}},"64":{"start":{"line":100,"column":4},"end":{"line":100,"column":null}},"65":{"start":{"line":102,"column":4},"end":{"line":102,"column":null}},"66":{"start":{"line":102,"column":30},"end":{"line":102,"column":null}},"67":{"start":{"line":103,"column":4},"end":{"line":103,"column":null}},"68":{"start":{"line":107,"column":0},"end":{"line":117,"column":null}},"69":{"start":{"line":108,"column":2},"end":{"line":116,"column":null}},"70":{"start":{"line":109,"column":29},"end":{"line":109,"column":110}},"71":{"start":{"line":110,"column":4},"end":{"line":110,"column":null}},"72":{"start":{"line":110,"column":17},"end":{"line":110,"column":null}},"73":{"start":{"line":111,"column":22},"end":{"line":111,"column":44}},"74":{"start":{"line":112,"column":4},"end":{"line":112,"column":null}},"75":{"start":{"line":113,"column":4},"end":{"line":113,"column":null}},"76":{"start":{"line":115,"column":4},"end":{"line":115,"column":null}},"77":{"start":{"line":119,"column":0},"end":{"line":131,"column":null}},"78":{"start":{"line":120,"column":2},"end":{"line":130,"column":null}},"79":{"start":{"line":121,"column":4},"end":{"line":121,"column":null}},"80":{"start":{"line":121,"column":19},"end":{"line":121,"column":null}},"81":{"start":{"line":122,"column":22},"end":{"line":122,"column":85}},"82":{"start":{"line":123,"column":4},"end":{"line":123,"column":null}},"83":{"start":{"line":123,"column":15},"end":{"line":123,"column":null}},"84":{"start":{"line":124,"column":4},"end":{"line":126,"column":null}},"85":{"start":{"line":125,"column":6},"end":{"line":125,"column":null}},"86":{"start":{"line":127,"column":4},"end":{"line":127,"column":null}},"87":{"start":{"line":129,"column":4},"end":{"line":129,"column":null}},"88":{"start":{"line":133,"column":0},"end":{"line":148,"column":null}},"89":{"start":{"line":134,"column":2},"end":{"line":147,"column":null}},"90":{"start":{"line":135,"column":4},"end":{"line":135,"column":null}},"91":{"start":{"line":135,"column":13},"end":{"line":135,"column":null}},"92":{"start":{"line":136,"column":4},"end":{"line":136,"column":null}},"93":{"start":{"line":136,"column":19},"end":{"line":136,"column":null}},"94":{"start":{"line":137,"column":4},"end":{"line":146,"column":null}},"95":{"start":{"line":138,"column":6},"end":{"line":138,"column":null}},"96":{"start":{"line":139,"column":35},"end":{"line":139,"column":114}},"97":{"start":{"line":140,"column":6},"end":{"line":142,"column":null}},"98":{"start":{"line":141,"column":8},"end":{"line":141,"column":null}},"99":{"start":{"line":143,"column":6},"end":{"line":143,"column":null}},"100":{"start":{"line":145,"column":6},"end":{"line":145,"column":null}},"101":{"start":{"line":150,"column":0},"end":{"line":160,"column":null}},"102":{"start":{"line":151,"column":2},"end":{"line":159,"column":null}},"103":{"start":{"line":152,"column":4},"end":{"line":154,"column":null}},"104":{"start":{"line":153,"column":6},"end":{"line":153,"column":null}},"105":{"start":{"line":155,"column":4},"end":{"line":155,"column":null}},"106":{"start":{"line":156,"column":4},"end":{"line":156,"column":null}},"107":{"start":{"line":158,"column":4},"end":{"line":158,"column":null}},"108":{"start":{"line":162,"column":0},"end":{"line":199,"column":null}},"109":{"start":{"line":163,"column":2},"end":{"line":198,"column":null}},"110":{"start":{"line":164,"column":47},"end":{"line":167,"column":42}},"111":{"start":{"line":168,"column":4},"end":{"line":170,"column":null}},"112":{"start":{"line":169,"column":6},"end":{"line":169,"column":null}},"113":{"start":{"line":172,"column":21},"end":{"line":172,"column":50}},"114":{"start":{"line":172,"column":45},"end":{"line":172,"column":49}},"115":{"start":{"line":173,"column":17},"end":{"line":173,"column":19}},"116":{"start":{"line":174,"column":4},"end":{"line":182,"column":null}},"117":{"start":{"line":175,"column":47},"end":{"line":178,"column":33}},"118":{"start":{"line":179,"column":6},"end":{"line":181,"column":null}},"119":{"start":{"line":180,"column":8},"end":{"line":180,"column":null}},"120":{"start":{"line":180,"column":28},"end":{"line":180,"column":79}},"121":{"start":{"line":184,"column":19},"end":{"line":194,"column":7}},"122":{"start":{"line":184,"column":44},"end":{"line":194,"column":5}},"123":{"start":{"line":195,"column":4},"end":{"line":195,"column":null}},"124":{"start":{"line":197,"column":4},"end":{"line":197,"column":null}},"125":{"start":{"line":201,"column":0},"end":{"line":224,"column":null}},"126":{"start":{"line":202,"column":2},"end":{"line":223,"column":null}},"127":{"start":{"line":203,"column":63},"end":{"line":203,"column":71}},"128":{"start":{"line":204,"column":19},"end":{"line":204,"column":21}},"129":{"start":{"line":205,"column":4},"end":{"line":205,"column":null}},"130":{"start":{"line":205,"column":32},"end":{"line":205,"column":null}},"131":{"start":{"line":206,"column":4},"end":{"line":206,"column":null}},"132":{"start":{"line":206,"column":33},"end":{"line":206,"column":null}},"133":{"start":{"line":207,"column":4},"end":{"line":207,"column":null}},"134":{"start":{"line":207,"column":30},"end":{"line":207,"column":null}},"135":{"start":{"line":208,"column":4},"end":{"line":208,"column":null}},"136":{"start":{"line":208,"column":41},"end":{"line":208,"column":null}},"137":{"start":{"line":210,"column":28},"end":{"line":215,"column":15}},"138":{"start":{"line":216,"column":4},"end":{"line":218,"column":null}},"139":{"start":{"line":217,"column":6},"end":{"line":217,"column":null}},"140":{"start":{"line":219,"column":4},"end":{"line":219,"column":null}},"141":{"start":{"line":219,"column":15},"end":{"line":219,"column":null}},"142":{"start":{"line":220,"column":4},"end":{"line":220,"column":null}},"143":{"start":{"line":222,"column":4},"end":{"line":222,"column":null}},"144":{"start":{"line":226,"column":0},"end":{"line":256,"column":null}},"145":{"start":{"line":227,"column":2},"end":{"line":255,"column":null}},"146":{"start":{"line":228,"column":4},"end":{"line":228,"column":null}},"147":{"start":{"line":228,"column":19},"end":{"line":228,"column":null}},"148":{"start":{"line":229,"column":76},"end":{"line":229,"column":84}},"149":{"start":{"line":230,"column":19},"end":{"line":230,"column":21}},"150":{"start":{"line":231,"column":4},"end":{"line":231,"column":null}},"151":{"start":{"line":231,"column":29},"end":{"line":231,"column":null}},"152":{"start":{"line":232,"column":4},"end":{"line":232,"column":null}},"153":{"start":{"line":232,"column":28},"end":{"line":232,"column":null}},"154":{"start":{"line":233,"column":4},"end":{"line":233,"column":null}},"155":{"start":{"line":233,"column":32},"end":{"line":233,"column":null}},"156":{"start":{"line":234,"column":4},"end":{"line":234,"column":null}},"157":{"start":{"line":234,"column":33},"end":{"line":234,"column":null}},"158":{"start":{"line":235,"column":4},"end":{"line":235,"column":null}},"159":{"start":{"line":235,"column":30},"end":{"line":235,"column":null}},"160":{"start":{"line":236,"column":4},"end":{"line":236,"column":null}},"161":{"start":{"line":236,"column":41},"end":{"line":236,"column":null}},"162":{"start":{"line":238,"column":4},"end":{"line":240,"column":null}},"163":{"start":{"line":239,"column":6},"end":{"line":239,"column":null}},"164":{"start":{"line":242,"column":28},"end":{"line":247,"column":15}},"165":{"start":{"line":248,"column":4},"end":{"line":250,"column":null}},"166":{"start":{"line":249,"column":6},"end":{"line":249,"column":null}},"167":{"start":{"line":251,"column":4},"end":{"line":251,"column":null}},"168":{"start":{"line":251,"column":15},"end":{"line":251,"column":null}},"169":{"start":{"line":252,"column":4},"end":{"line":252,"column":null}},"170":{"start":{"line":254,"column":4},"end":{"line":254,"column":null}},"171":{"start":{"line":258,"column":0},"end":{"line":299,"column":null}},"172":{"start":{"line":259,"column":2},"end":{"line":298,"column":null}},"173":{"start":{"line":260,"column":26},"end":{"line":267,"column":47}},"174":{"start":{"line":269,"column":4},"end":{"line":278,"column":null}},"175":{"start":{"line":270,"column":6},"end":{"line":277,"column":null}},"176":{"start":{"line":280,"column":4},"end":{"line":282,"column":null}},"177":{"start":{"line":281,"column":6},"end":{"line":281,"column":null}},"178":{"start":{"line":284,"column":17},"end":{"line":294,"column":7}},"179":{"start":{"line":284,"column":40},"end":{"line":294,"column":5}},"180":{"start":{"line":295,"column":4},"end":{"line":295,"column":null}},"181":{"start":{"line":297,"column":4},"end":{"line":297,"column":null}},"182":{"start":{"line":301,"column":0},"end":{"line":339,"column":null}},"183":{"start":{"line":302,"column":2},"end":{"line":338,"column":null}},"184":{"start":{"line":303,"column":45},"end":{"line":307,"column":15}},"185":{"start":{"line":308,"column":4},"end":{"line":310,"column":null}},"186":{"start":{"line":309,"column":6},"end":{"line":309,"column":null}},"187":{"start":{"line":311,"column":4},"end":{"line":311,"column":null}},"188":{"start":{"line":311,"column":16},"end":{"line":311,"column":null}},"189":{"start":{"line":313,"column":22},"end":{"line":313,"column":86}},"190":{"start":{"line":315,"column":33},"end":{"line":318,"column":25}},"191":{"start":{"line":319,"column":4},"end":{"line":325,"column":null}},"192":{"start":{"line":320,"column":6},"end":{"line":324,"column":null}},"193":{"start":{"line":323,"column":8},"end":{"line":323,"column":null}},"194":{"start":{"line":327,"column":19},"end":{"line":334,"column":6}},"195":{"start":{"line":335,"column":4},"end":{"line":335,"column":null}},"196":{"start":{"line":337,"column":4},"end":{"line":337,"column":null}},"197":{"start":{"line":341,"column":0},"end":{"line":349,"column":null}},"198":{"start":{"line":342,"column":2},"end":{"line":348,"column":null}},"199":{"start":{"line":343,"column":4},"end":{"line":343,"column":null}},"200":{"start":{"line":343,"column":19},"end":{"line":343,"column":null}},"201":{"start":{"line":344,"column":19},"end":{"line":344,"column":47}},"202":{"start":{"line":345,"column":4},"end":{"line":345,"column":null}},"203":{"start":{"line":347,"column":4},"end":{"line":347,"column":null}},"204":{"start":{"line":351,"column":0},"end":{"line":429,"column":null}},"205":{"start":{"line":352,"column":2},"end":{"line":428,"column":null}},"206":{"start":{"line":353,"column":4},"end":{"line":353,"column":null}},"207":{"start":{"line":353,"column":19},"end":{"line":353,"column":null}},"208":{"start":{"line":355,"column":37},"end":{"line":359,"column":47}},"209":{"start":{"line":361,"column":30},"end":{"line":361,"column":32}},"210":{"start":{"line":362,"column":27},"end":{"line":362,"column":28}},"211":{"start":{"line":364,"column":4},"end":{"line":388,"column":null}},"212":{"start":{"line":365,"column":23},"end":{"line":365,"column":72}},"213":{"start":{"line":365,"column":59},"end":{"line":365,"column":69}},"214":{"start":{"line":366,"column":34},"end":{"line":369,"column":27}},"215":{"start":{"line":371,"column":23},"end":{"line":371,"column":25}},"216":{"start":{"line":372,"column":6},"end":{"line":372,"column":null}},"217":{"start":{"line":372,"column":39},"end":{"line":372,"column":58}},"218":{"start":{"line":374,"column":6},"end":{"line":387,"column":null}},"219":{"start":{"line":375,"column":19},"end":{"line":375,"column":39}},"220":{"start":{"line":376,"column":20},"end":{"line":376,"column":21}},"221":{"start":{"line":377,"column":8},"end":{"line":377,"column":null}},"222":{"start":{"line":378,"column":8},"end":{"line":386,"column":null}},"223":{"start":{"line":390,"column":27},"end":{"line":390,"column":28}},"224":{"start":{"line":391,"column":28},"end":{"line":391,"column":30}},"225":{"start":{"line":392,"column":4},"end":{"line":415,"column":null}},"226":{"start":{"line":393,"column":29},"end":{"line":397,"column":50}},"227":{"start":{"line":399,"column":6},"end":{"line":414,"column":null}},"228":{"start":{"line":400,"column":8},"end":{"line":413,"column":null}},"229":{"start":{"line":401,"column":10},"end":{"line":412,"column":null}},"230":{"start":{"line":402,"column":12},"end":{"line":402,"column":null}},"231":{"start":{"line":403,"column":12},"end":{"line":411,"column":null}},"232":{"start":{"line":417,"column":23},"end":{"line":418,"column":70}},"233":{"start":{"line":418,"column":22},"end":{"line":418,"column":69}},"234":{"start":{"line":420,"column":4},"end":{"line":425,"column":null}},"235":{"start":{"line":427,"column":4},"end":{"line":427,"column":null}},"236":{"start":{"line":431,"column":0},"end":{"line":470,"column":null}},"237":{"start":{"line":432,"column":2},"end":{"line":469,"column":null}},"238":{"start":{"line":433,"column":60},"end":{"line":433,"column":68}},"239":{"start":{"line":434,"column":19},"end":{"line":434,"column":57}},"240":{"start":{"line":435,"column":19},"end":{"line":435,"column":42}},"241":{"start":{"line":436,"column":22},"end":{"line":436,"column":38}},"242":{"start":{"line":437,"column":4},"end":{"line":437,"column":null}},"243":{"start":{"line":437,"column":39},"end":{"line":437,"column":null}},"244":{"start":{"line":438,"column":4},"end":{"line":438,"column":null}},"245":{"start":{"line":438,"column":17},"end":{"line":438,"column":null}},"246":{"start":{"line":439,"column":23},"end":{"line":439,"column":57}},"247":{"start":{"line":440,"column":20},"end":{"line":440,"column":91}},"248":{"start":{"line":442,"column":24},"end":{"line":442,"column":90}},"249":{"start":{"line":444,"column":41},"end":{"line":455,"column":15}},"250":{"start":{"line":456,"column":4},"end":{"line":458,"column":null}},"251":{"start":{"line":457,"column":6},"end":{"line":457,"column":null}},"252":{"start":{"line":460,"column":30},"end":{"line":463,"column":28}},"253":{"start":{"line":464,"column":20},"end":{"line":464,"column":73}},"254":{"start":{"line":464,"column":55},"end":{"line":464,"column":69}},"255":{"start":{"line":466,"column":4},"end":{"line":466,"column":null}},"256":{"start":{"line":468,"column":4},"end":{"line":468,"column":null}},"257":{"start":{"line":472,"column":0},"end":{"line":494,"column":null}},"258":{"start":{"line":473,"column":2},"end":{"line":493,"column":null}},"259":{"start":{"line":474,"column":4},"end":{"line":474,"column":null}},"260":{"start":{"line":474,"column":19},"end":{"line":474,"column":null}},"261":{"start":{"line":475,"column":20},"end":{"line":475,"column":33}},"262":{"start":{"line":477,"column":45},"end":{"line":481,"column":15}},"263":{"start":{"line":482,"column":4},"end":{"line":482,"column":null}},"264":{"start":{"line":482,"column":28},"end":{"line":482,"column":null}},"265":{"start":{"line":484,"column":4},"end":{"line":484,"column":null}},"266":{"start":{"line":485,"column":4},"end":{"line":485,"column":null}},"267":{"start":{"line":487,"column":30},"end":{"line":487,"column":86}},"268":{"start":{"line":488,"column":4},"end":{"line":488,"column":null}},"269":{"start":{"line":488,"column":16},"end":{"line":488,"column":null}},"270":{"start":{"line":490,"column":4},"end":{"line":490,"column":null}},"271":{"start":{"line":492,"column":4},"end":{"line":492,"column":null}},"272":{"start":{"line":496,"column":0},"end":{"line":543,"column":null}},"273":{"start":{"line":497,"column":2},"end":{"line":542,"column":null}},"274":{"start":{"line":498,"column":4},"end":{"line":498,"column":null}},"275":{"start":{"line":498,"column":19},"end":{"line":498,"column":null}},"276":{"start":{"line":499,"column":46},"end":{"line":499,"column":54}},"277":{"start":{"line":501,"column":48},"end":{"line":505,"column":15}},"278":{"start":{"line":506,"column":4},"end":{"line":506,"column":null}},"279":{"start":{"line":506,"column":31},"end":{"line":506,"column":null}},"280":{"start":{"line":508,"column":23},"end":{"line":508,"column":25}},"281":{"start":{"line":509,"column":4},"end":{"line":509,"column":null}},"282":{"start":{"line":509,"column":35},"end":{"line":509,"column":null}},"283":{"start":{"line":510,"column":4},"end":{"line":510,"column":null}},"284":{"start":{"line":510,"column":33},"end":{"line":510,"column":null}},"285":{"start":{"line":512,"column":4},"end":{"line":523,"column":null}},"286":{"start":{"line":513,"column":29},"end":{"line":513,"column":64}},"287":{"start":{"line":514,"column":34},"end":{"line":517,"column":32}},"288":{"start":{"line":518,"column":6},"end":{"line":522,"column":null}},"289":{"start":{"line":520,"column":13},"end":{"line":522,"column":null}},"290":{"start":{"line":525,"column":4},"end":{"line":531,"column":null}},"291":{"start":{"line":526,"column":35},"end":{"line":529,"column":32}},"292":{"start":{"line":530,"column":6},"end":{"line":530,"column":null}},"293":{"start":{"line":530,"column":21},"end":{"line":530,"column":null}},"294":{"start":{"line":533,"column":30},"end":{"line":537,"column":15}},"295":{"start":{"line":539,"column":4},"end":{"line":539,"column":null}},"296":{"start":{"line":541,"column":4},"end":{"line":541,"column":null}},"297":{"start":{"line":545,"column":0},"end":{"line":566,"column":null}},"298":{"start":{"line":546,"column":2},"end":{"line":565,"column":null}},"299":{"start":{"line":547,"column":4},"end":{"line":547,"column":null}},"300":{"start":{"line":547,"column":19},"end":{"line":547,"column":null}},"301":{"start":{"line":549,"column":46},"end":{"line":553,"column":15}},"302":{"start":{"line":554,"column":4},"end":{"line":554,"column":null}},"303":{"start":{"line":554,"column":29},"end":{"line":554,"column":null}},"304":{"start":{"line":556,"column":30},"end":{"line":559,"column":30}},"305":{"start":{"line":560,"column":4},"end":{"line":560,"column":null}},"306":{"start":{"line":560,"column":16},"end":{"line":560,"column":null}},"307":{"start":{"line":562,"column":4},"end":{"line":562,"column":null}},"308":{"start":{"line":564,"column":4},"end":{"line":564,"column":null}}},"fnMap":{"0":{"name":"(anonymous_0)","decl":{"start":{"line":11,"column":39},"end":{"line":11,"column":40}},"loc":{"start":{"line":11,"column":58},"end":{"line":14,"column":1}},"line":11},"1":{"name":"(anonymous_1)","decl":{"start":{"line":16,"column":45},"end":{"line":16,"column":50}},"loc":{"start":{"line":16,"column":65},"end":{"line":32,"column":1}},"line":16},"2":{"name":"(anonymous_2)","decl":{"start":{"line":34,"column":38},"end":{"line":34,"column":43}},"loc":{"start":{"line":34,"column":58},"end":{"line":66,"column":1}},"line":34},"3":{"name":"(anonymous_3)","decl":{"start":{"line":68,"column":41},"end":{"line":68,"column":46}},"loc":{"start":{"line":68,"column":61},"end":{"line":105,"column":1}},"line":68},"4":{"name":"(anonymous_4)","decl":{"start":{"line":107,"column":48},"end":{"line":107,"column":53}},"loc":{"start":{"line":107,"column":68},"end":{"line":117,"column":1}},"line":107},"5":{"name":"(anonymous_5)","decl":{"start":{"line":119,"column":44},"end":{"line":119,"column":49}},"loc":{"start":{"line":119,"column":64},"end":{"line":131,"column":1}},"line":119},"6":{"name":"(anonymous_6)","decl":{"start":{"line":125,"column":75},"end":{"line":125,"column":76}},"loc":{"start":{"line":125,"column":81},"end":{"line":125,"column":83}},"line":125},"7":{"name":"(anonymous_7)","decl":{"start":{"line":133,"column":49},"end":{"line":133,"column":50}},"loc":{"start":{"line":133,"column":63},"end":{"line":148,"column":1}},"line":133},"8":{"name":"(anonymous_8)","decl":{"start":{"line":134,"column":35},"end":{"line":134,"column":40}},"loc":{"start":{"line":134,"column":50},"end":{"line":147,"column":3}},"line":134},"9":{"name":"(anonymous_9)","decl":{"start":{"line":150,"column":50},"end":{"line":150,"column":55}},"loc":{"start":{"line":150,"column":70},"end":{"line":160,"column":1}},"line":150},"10":{"name":"(anonymous_10)","decl":{"start":{"line":162,"column":44},"end":{"line":162,"column":49}},"loc":{"start":{"line":162,"column":64},"end":{"line":199,"column":1}},"line":162},"11":{"name":"(anonymous_11)","decl":{"start":{"line":172,"column":40},"end":{"line":172,"column":41}},"loc":{"start":{"line":172,"column":45},"end":{"line":172,"column":49}},"line":172},"12":{"name":"(anonymous_12)","decl":{"start":{"line":180,"column":21},"end":{"line":180,"column":22}},"loc":{"start":{"line":180,"column":26},"end":{"line":180,"column":81}},"line":180},"13":{"name":"(anonymous_13)","decl":{"start":{"line":184,"column":38},"end":{"line":184,"column":39}},"loc":{"start":{"line":184,"column":44},"end":{"line":194,"column":5}},"line":184},"14":{"name":"(anonymous_14)","decl":{"start":{"line":201,"column":49},"end":{"line":201,"column":54}},"loc":{"start":{"line":201,"column":69},"end":{"line":224,"column":1}},"line":201},"15":{"name":"(anonymous_15)","decl":{"start":{"line":226,"column":40},"end":{"line":226,"column":45}},"loc":{"start":{"line":226,"column":60},"end":{"line":256,"column":1}},"line":226},"16":{"name":"(anonymous_16)","decl":{"start":{"line":258,"column":59},"end":{"line":258,"column":64}},"loc":{"start":{"line":258,"column":79},"end":{"line":299,"column":1}},"line":258},"17":{"name":"(anonymous_17)","decl":{"start":{"line":284,"column":34},"end":{"line":284,"column":35}},"loc":{"start":{"line":284,"column":40},"end":{"line":294,"column":5}},"line":284},"18":{"name":"(anonymous_18)","decl":{"start":{"line":301,"column":53},"end":{"line":301,"column":58}},"loc":{"start":{"line":301,"column":73},"end":{"line":339,"column":1}},"line":301},"19":{"name":"(anonymous_19)","decl":{"start":{"line":341,"column":56},"end":{"line":341,"column":61}},"loc":{"start":{"line":341,"column":76},"end":{"line":349,"column":1}},"line":341},"20":{"name":"(anonymous_20)","decl":{"start":{"line":351,"column":54},"end":{"line":351,"column":59}},"loc":{"start":{"line":351,"column":74},"end":{"line":429,"column":1}},"line":351},"21":{"name":"(anonymous_21)","decl":{"start":{"line":365,"column":54},"end":{"line":365,"column":55}},"loc":{"start":{"line":365,"column":59},"end":{"line":365,"column":69}},"line":365},"22":{"name":"(anonymous_22)","decl":{"start":{"line":372,"column":32},"end":{"line":372,"column":33}},"loc":{"start":{"line":372,"column":37},"end":{"line":372,"column":60}},"line":372},"23":{"name":"(anonymous_23)","decl":{"start":{"line":374,"column":29},"end":{"line":374,"column":30}},"loc":{"start":{"line":374,"column":34},"end":{"line":387,"column":7}},"line":374},"24":{"name":"(anonymous_24)","decl":{"start":{"line":400,"column":21},"end":{"line":400,"column":22}},"loc":{"start":{"line":400,"column":26},"end":{"line":413,"column":9}},"line":400},"25":{"name":"(anonymous_25)","decl":{"start":{"line":418,"column":12},"end":{"line":418,"column":13}},"loc":{"start":{"line":418,"column":22},"end":{"line":418,"column":69}},"line":418},"26":{"name":"(anonymous_26)","decl":{"start":{"line":431,"column":47},"end":{"line":431,"column":52}},"loc":{"start":{"line":431,"column":67},"end":{"line":470,"column":1}},"line":431},"27":{"name":"(anonymous_27)","decl":{"start":{"line":464,"column":43},"end":{"line":464,"column":44}},"loc":{"start":{"line":464,"column":55},"end":{"line":464,"column":69}},"line":464},"28":{"name":"(anonymous_28)","decl":{"start":{"line":472,"column":43},"end":{"line":472,"column":48}},"loc":{"start":{"line":472,"column":63},"end":{"line":494,"column":1}},"line":472},"29":{"name":"(anonymous_29)","decl":{"start":{"line":496,"column":44},"end":{"line":496,"column":49}},"loc":{"start":{"line":496,"column":64},"end":{"line":543,"column":1}},"line":496},"30":{"name":"(anonymous_30)","decl":{"start":{"line":545,"column":47},"end":{"line":545,"column":52}},"loc":{"start":{"line":545,"column":67},"end":{"line":566,"column":1}},"line":545}},"branchMap":{"0":{"loc":{"start":{"line":12,"column":14},"end":{"line":12,"column":55}},"type":"binary-expr","locations":[{"start":{"line":12,"column":14},"end":{"line":12,"column":45}},{"start":{"line":12,"column":49},"end":{"line":12,"column":55}}],"line":12},"1":{"loc":{"start":{"line":18,"column":4},"end":{"line":20,"column":null}},"type":"if","locations":[{"start":{"line":18,"column":4},"end":{"line":20,"column":null}},{"start":{},"end":{}}],"line":18},"2":{"loc":{"start":{"line":25,"column":4},"end":{"line":27,"column":null}},"type":"if","locations":[{"start":{"line":25,"column":4},"end":{"line":27,"column":null}},{"start":{},"end":{}}],"line":25},"3":{"loc":{"start":{"line":28,"column":13},"end":{"line":28,"column":23}},"type":"binary-expr","locations":[{"start":{"line":28,"column":13},"end":{"line":28,"column":17}},{"start":{"line":28,"column":21},"end":{"line":28,"column":23}}],"line":28},"4":{"loc":{"start":{"line":36,"column":16},"end":{"line":36,"column":29}},"type":"binary-expr","locations":[{"start":{"line":36,"column":16},"end":{"line":36,"column":23}},{"start":{"line":36,"column":27},"end":{"line":36,"column":29}}],"line":36},"5":{"loc":{"start":{"line":37,"column":17},"end":{"line":37,"column":31}},"type":"binary-expr","locations":[{"start":{"line":37,"column":17},"end":{"line":37,"column":25}},{"start":{"line":37,"column":29},"end":{"line":37,"column":31}}],"line":37},"6":{"loc":{"start":{"line":38,"column":25},"end":{"line":38,"column":41}},"type":"binary-expr","locations":[{"start":{"line":38,"column":25},"end":{"line":38,"column":35}},{"start":{"line":38,"column":39},"end":{"line":38,"column":41}}],"line":38},"7":{"loc":{"start":{"line":39,"column":29},"end":{"line":39,"column":49}},"type":"binary-expr","locations":[{"start":{"line":39,"column":29},"end":{"line":39,"column":43}},{"start":{"line":39,"column":47},"end":{"line":39,"column":49}}],"line":39},"8":{"loc":{"start":{"line":40,"column":2},"end":{"line":40,"column":null}},"type":"if","locations":[{"start":{"line":40,"column":2},"end":{"line":40,"column":null}},{"start":{},"end":{}}],"line":40},"9":{"loc":{"start":{"line":40,"column":6},"end":{"line":40,"column":38}},"type":"binary-expr","locations":[{"start":{"line":40,"column":6},"end":{"line":40,"column":11}},{"start":{"line":40,"column":15},"end":{"line":40,"column":21}},{"start":{"line":40,"column":25},"end":{"line":40,"column":38}}],"line":40},"10":{"loc":{"start":{"line":41,"column":2},"end":{"line":41,"column":null}},"type":"if","locations":[{"start":{"line":41,"column":2},"end":{"line":41,"column":null}},{"start":{},"end":{}}],"line":41},"11":{"loc":{"start":{"line":43,"column":21},"end":{"line":43,"column":64}},"type":"cond-expr","locations":[{"start":{"line":43,"column":49},"end":{"line":43,"column":53}},{"start":{"line":43,"column":56},"end":{"line":43,"column":64}}],"line":43},"12":{"loc":{"start":{"line":45,"column":4},"end":{"line":45,"column":null}},"type":"if","locations":[{"start":{"line":45,"column":4},"end":{"line":45,"column":null}},{"start":{},"end":{}}],"line":45},"13":{"loc":{"start":{"line":60,"column":4},"end":{"line":60,"column":null}},"type":"if","locations":[{"start":{"line":60,"column":4},"end":{"line":60,"column":null}},{"start":{},"end":{}}],"line":60},"14":{"loc":{"start":{"line":61,"column":70},"end":{"line":61,"column":87}},"type":"binary-expr","locations":[{"start":{"line":61,"column":70},"end":{"line":61,"column":79}},{"start":{"line":61,"column":83},"end":{"line":61,"column":87}}],"line":61},"15":{"loc":{"start":{"line":63,"column":4},"end":{"line":63,"column":null}},"type":"if","locations":[{"start":{"line":63,"column":4},"end":{"line":63,"column":null}},{"start":{},"end":{}}],"line":63},"16":{"loc":{"start":{"line":72,"column":2},"end":{"line":72,"column":null}},"type":"if","locations":[{"start":{"line":72,"column":2},"end":{"line":72,"column":null}},{"start":{},"end":{}}],"line":72},"17":{"loc":{"start":{"line":72,"column":48},"end":{"line":72,"column":61}},"type":"binary-expr","locations":[{"start":{"line":72,"column":48},"end":{"line":72,"column":55}},{"start":{"line":72,"column":59},"end":{"line":72,"column":61}}],"line":72},"18":{"loc":{"start":{"line":73,"column":2},"end":{"line":73,"column":null}},"type":"if","locations":[{"start":{"line":73,"column":2},"end":{"line":73,"column":null}},{"start":{},"end":{}}],"line":73},"19":{"loc":{"start":{"line":73,"column":50},"end":{"line":73,"column":64}},"type":"binary-expr","locations":[{"start":{"line":73,"column":50},"end":{"line":73,"column":58}},{"start":{"line":73,"column":62},"end":{"line":73,"column":64}}],"line":73},"20":{"loc":{"start":{"line":74,"column":2},"end":{"line":74,"column":null}},"type":"if","locations":[{"start":{"line":74,"column":2},"end":{"line":74,"column":null}},{"start":{},"end":{}}],"line":74},"21":{"loc":{"start":{"line":74,"column":6},"end":{"line":74,"column":53}},"type":"binary-expr","locations":[{"start":{"line":74,"column":6},"end":{"line":74,"column":24}},{"start":{"line":74,"column":28},"end":{"line":74,"column":53}}],"line":74},"22":{"loc":{"start":{"line":75,"column":2},"end":{"line":75,"column":null}},"type":"if","locations":[{"start":{"line":75,"column":2},"end":{"line":75,"column":null}},{"start":{},"end":{}}],"line":75},"23":{"loc":{"start":{"line":75,"column":57},"end":{"line":75,"column":73}},"type":"binary-expr","locations":[{"start":{"line":75,"column":57},"end":{"line":75,"column":67}},{"start":{"line":75,"column":71},"end":{"line":75,"column":73}}],"line":75},"24":{"loc":{"start":{"line":76,"column":2},"end":{"line":76,"column":null}},"type":"if","locations":[{"start":{"line":76,"column":2},"end":{"line":76,"column":null}},{"start":{},"end":{}}],"line":76},"25":{"loc":{"start":{"line":76,"column":66},"end":{"line":76,"column":86}},"type":"binary-expr","locations":[{"start":{"line":76,"column":66},"end":{"line":76,"column":80}},{"start":{"line":76,"column":84},"end":{"line":76,"column":86}}],"line":76},"26":{"loc":{"start":{"line":77,"column":2},"end":{"line":81,"column":null}},"type":"if","locations":[{"start":{"line":77,"column":2},"end":{"line":81,"column":null}},{"start":{"line":79,"column":9},"end":{"line":81,"column":null}}],"line":77},"27":{"loc":{"start":{"line":77,"column":6},"end":{"line":77,"column":47}},"type":"binary-expr","locations":[{"start":{"line":77,"column":6},"end":{"line":77,"column":34}},{"start":{"line":77,"column":38},"end":{"line":77,"column":47}}],"line":77},"28":{"loc":{"start":{"line":79,"column":9},"end":{"line":81,"column":null}},"type":"if","locations":[{"start":{"line":79,"column":9},"end":{"line":81,"column":null}},{"start":{},"end":{}}],"line":79},"29":{"loc":{"start":{"line":79,"column":13},"end":{"line":79,"column":60}},"type":"binary-expr","locations":[{"start":{"line":79,"column":13},"end":{"line":79,"column":28}},{"start":{"line":79,"column":32},"end":{"line":79,"column":60}}],"line":79},"30":{"loc":{"start":{"line":83,"column":4},"end":{"line":83,"column":null}},"type":"if","locations":[{"start":{"line":83,"column":4},"end":{"line":83,"column":null}},{"start":{},"end":{}}],"line":83},"31":{"loc":{"start":{"line":90,"column":4},"end":{"line":98,"column":null}},"type":"if","locations":[{"start":{"line":90,"column":4},"end":{"line":98,"column":null}},{"start":{},"end":{}}],"line":90},"32":{"loc":{"start":{"line":90,"column":8},"end":{"line":90,"column":81}},"type":"binary-expr","locations":[{"start":{"line":90,"column":8},"end":{"line":90,"column":13}},{"start":{"line":90,"column":18},"end":{"line":90,"column":40}},{"start":{"line":90,"column":44},"end":{"line":90,"column":80}}],"line":90},"33":{"loc":{"start":{"line":99,"column":4},"end":{"line":99,"column":null}},"type":"if","locations":[{"start":{"line":99,"column":4},"end":{"line":99,"column":null}},{"start":{},"end":{}}],"line":99},"34":{"loc":{"start":{"line":102,"column":4},"end":{"line":102,"column":null}},"type":"if","locations":[{"start":{"line":102,"column":4},"end":{"line":102,"column":null}},{"start":{},"end":{}}],"line":102},"35":{"loc":{"start":{"line":110,"column":4},"end":{"line":110,"column":null}},"type":"if","locations":[{"start":{"line":110,"column":4},"end":{"line":110,"column":null}},{"start":{},"end":{}}],"line":110},"36":{"loc":{"start":{"line":111,"column":22},"end":{"line":111,"column":44}},"type":"cond-expr","locations":[{"start":{"line":111,"column":39},"end":{"line":111,"column":40}},{"start":{"line":111,"column":43},"end":{"line":111,"column":44}}],"line":111},"37":{"loc":{"start":{"line":121,"column":4},"end":{"line":121,"column":null}},"type":"if","locations":[{"start":{"line":121,"column":4},"end":{"line":121,"column":null}},{"start":{},"end":{}}],"line":121},"38":{"loc":{"start":{"line":123,"column":4},"end":{"line":123,"column":null}},"type":"if","locations":[{"start":{"line":123,"column":4},"end":{"line":123,"column":null}},{"start":{},"end":{}}],"line":123},"39":{"loc":{"start":{"line":135,"column":4},"end":{"line":135,"column":null}},"type":"if","locations":[{"start":{"line":135,"column":4},"end":{"line":135,"column":null}},{"start":{},"end":{}}],"line":135},"40":{"loc":{"start":{"line":136,"column":4},"end":{"line":136,"column":null}},"type":"if","locations":[{"start":{"line":136,"column":4},"end":{"line":136,"column":null}},{"start":{},"end":{}}],"line":136},"41":{"loc":{"start":{"line":140,"column":6},"end":{"line":142,"column":null}},"type":"if","locations":[{"start":{"line":140,"column":6},"end":{"line":142,"column":null}},{"start":{},"end":{}}],"line":140},"42":{"loc":{"start":{"line":168,"column":4},"end":{"line":170,"column":null}},"type":"if","locations":[{"start":{"line":168,"column":4},"end":{"line":170,"column":null}},{"start":{},"end":{}}],"line":168},"43":{"loc":{"start":{"line":172,"column":22},"end":{"line":172,"column":34}},"type":"binary-expr","locations":[{"start":{"line":172,"column":22},"end":{"line":172,"column":28}},{"start":{"line":172,"column":32},"end":{"line":172,"column":34}}],"line":172},"44":{"loc":{"start":{"line":174,"column":4},"end":{"line":182,"column":null}},"type":"if","locations":[{"start":{"line":174,"column":4},"end":{"line":182,"column":null}},{"start":{},"end":{}}],"line":174},"45":{"loc":{"start":{"line":179,"column":6},"end":{"line":181,"column":null}},"type":"if","locations":[{"start":{"line":179,"column":6},"end":{"line":181,"column":null}},{"start":{},"end":{}}],"line":179},"46":{"loc":{"start":{"line":179,"column":10},"end":{"line":179,"column":28}},"type":"binary-expr","locations":[{"start":{"line":179,"column":10},"end":{"line":179,"column":20}},{"start":{"line":179,"column":24},"end":{"line":179,"column":28}}],"line":179},"47":{"loc":{"start":{"line":180,"column":50},"end":{"line":180,"column":73}},"type":"binary-expr","locations":[{"start":{"line":180,"column":50},"end":{"line":180,"column":68}},{"start":{"line":180,"column":72},"end":{"line":180,"column":73}}],"line":180},"48":{"loc":{"start":{"line":184,"column":20},"end":{"line":184,"column":32}},"type":"binary-expr","locations":[{"start":{"line":184,"column":20},"end":{"line":184,"column":26}},{"start":{"line":184,"column":30},"end":{"line":184,"column":32}}],"line":184},"49":{"loc":{"start":{"line":188,"column":18},"end":{"line":188,"column":38}},"type":"binary-expr","locations":[{"start":{"line":188,"column":18},"end":{"line":188,"column":30}},{"start":{"line":188,"column":34},"end":{"line":188,"column":38}}],"line":188},"50":{"loc":{"start":{"line":189,"column":16},"end":{"line":189,"column":34}},"type":"binary-expr","locations":[{"start":{"line":189,"column":16},"end":{"line":189,"column":26}},{"start":{"line":189,"column":30},"end":{"line":189,"column":34}}],"line":189},"51":{"loc":{"start":{"line":190,"column":17},"end":{"line":190,"column":36}},"type":"binary-expr","locations":[{"start":{"line":190,"column":17},"end":{"line":190,"column":28}},{"start":{"line":190,"column":32},"end":{"line":190,"column":36}}],"line":190},"52":{"loc":{"start":{"line":191,"column":14},"end":{"line":191,"column":30}},"type":"binary-expr","locations":[{"start":{"line":191,"column":14},"end":{"line":191,"column":22}},{"start":{"line":191,"column":26},"end":{"line":191,"column":30}}],"line":191},"53":{"loc":{"start":{"line":192,"column":25},"end":{"line":192,"column":49}},"type":"binary-expr","locations":[{"start":{"line":192,"column":25},"end":{"line":192,"column":44}},{"start":{"line":192,"column":48},"end":{"line":192,"column":49}}],"line":192},"54":{"loc":{"start":{"line":193,"column":23},"end":{"line":193,"column":40}},"type":"binary-expr","locations":[{"start":{"line":193,"column":23},"end":{"line":193,"column":35}},{"start":{"line":193,"column":39},"end":{"line":193,"column":40}}],"line":193},"55":{"loc":{"start":{"line":205,"column":4},"end":{"line":205,"column":null}},"type":"if","locations":[{"start":{"line":205,"column":4},"end":{"line":205,"column":null}},{"start":{},"end":{}}],"line":205},"56":{"loc":{"start":{"line":206,"column":4},"end":{"line":206,"column":null}},"type":"if","locations":[{"start":{"line":206,"column":4},"end":{"line":206,"column":null}},{"start":{},"end":{}}],"line":206},"57":{"loc":{"start":{"line":207,"column":4},"end":{"line":207,"column":null}},"type":"if","locations":[{"start":{"line":207,"column":4},"end":{"line":207,"column":null}},{"start":{},"end":{}}],"line":207},"58":{"loc":{"start":{"line":208,"column":4},"end":{"line":208,"column":null}},"type":"if","locations":[{"start":{"line":208,"column":4},"end":{"line":208,"column":null}},{"start":{},"end":{}}],"line":208},"59":{"loc":{"start":{"line":216,"column":4},"end":{"line":218,"column":null}},"type":"if","locations":[{"start":{"line":216,"column":4},"end":{"line":218,"column":null}},{"start":{},"end":{}}],"line":216},"60":{"loc":{"start":{"line":219,"column":4},"end":{"line":219,"column":null}},"type":"if","locations":[{"start":{"line":219,"column":4},"end":{"line":219,"column":null}},{"start":{},"end":{}}],"line":219},"61":{"loc":{"start":{"line":228,"column":4},"end":{"line":228,"column":null}},"type":"if","locations":[{"start":{"line":228,"column":4},"end":{"line":228,"column":null}},{"start":{},"end":{}}],"line":228},"62":{"loc":{"start":{"line":231,"column":4},"end":{"line":231,"column":null}},"type":"if","locations":[{"start":{"line":231,"column":4},"end":{"line":231,"column":null}},{"start":{},"end":{}}],"line":231},"63":{"loc":{"start":{"line":231,"column":45},"end":{"line":231,"column":56}},"type":"binary-expr","locations":[{"start":{"line":231,"column":45},"end":{"line":231,"column":50}},{"start":{"line":231,"column":54},"end":{"line":231,"column":56}}],"line":231},"64":{"loc":{"start":{"line":232,"column":4},"end":{"line":232,"column":null}},"type":"if","locations":[{"start":{"line":232,"column":4},"end":{"line":232,"column":null}},{"start":{},"end":{}}],"line":232},"65":{"loc":{"start":{"line":233,"column":4},"end":{"line":233,"column":null}},"type":"if","locations":[{"start":{"line":233,"column":4},"end":{"line":233,"column":null}},{"start":{},"end":{}}],"line":233},"66":{"loc":{"start":{"line":233,"column":50},"end":{"line":233,"column":95}},"type":"cond-expr","locations":[{"start":{"line":233,"column":68},"end":{"line":233,"column":88}},{"start":{"line":233,"column":91},"end":{"line":233,"column":95}}],"line":233},"67":{"loc":{"start":{"line":234,"column":4},"end":{"line":234,"column":null}},"type":"if","locations":[{"start":{"line":234,"column":4},"end":{"line":234,"column":null}},{"start":{},"end":{}}],"line":234},"68":{"loc":{"start":{"line":234,"column":52},"end":{"line":234,"column":99}},"type":"cond-expr","locations":[{"start":{"line":234,"column":71},"end":{"line":234,"column":92}},{"start":{"line":234,"column":95},"end":{"line":234,"column":99}}],"line":234},"69":{"loc":{"start":{"line":235,"column":4},"end":{"line":235,"column":null}},"type":"if","locations":[{"start":{"line":235,"column":4},"end":{"line":235,"column":null}},{"start":{},"end":{}}],"line":235},"70":{"loc":{"start":{"line":235,"column":46},"end":{"line":235,"column":69}},"type":"binary-expr","locations":[{"start":{"line":235,"column":46},"end":{"line":235,"column":62}},{"start":{"line":235,"column":66},"end":{"line":235,"column":69}}],"line":235},"71":{"loc":{"start":{"line":236,"column":4},"end":{"line":236,"column":null}},"type":"if","locations":[{"start":{"line":236,"column":4},"end":{"line":236,"column":null}},{"start":{},"end":{}}],"line":236},"72":{"loc":{"start":{"line":236,"column":68},"end":{"line":236,"column":100}},"type":"binary-expr","locations":[{"start":{"line":236,"column":68},"end":{"line":236,"column":95}},{"start":{"line":236,"column":99},"end":{"line":236,"column":100}}],"line":236},"73":{"loc":{"start":{"line":238,"column":4},"end":{"line":240,"column":null}},"type":"if","locations":[{"start":{"line":238,"column":4},"end":{"line":240,"column":null}},{"start":{},"end":{}}],"line":238},"74":{"loc":{"start":{"line":248,"column":4},"end":{"line":250,"column":null}},"type":"if","locations":[{"start":{"line":248,"column":4},"end":{"line":250,"column":null}},{"start":{},"end":{}}],"line":248},"75":{"loc":{"start":{"line":251,"column":4},"end":{"line":251,"column":null}},"type":"if","locations":[{"start":{"line":251,"column":4},"end":{"line":251,"column":null}},{"start":{},"end":{}}],"line":251},"76":{"loc":{"start":{"line":269,"column":4},"end":{"line":278,"column":null}},"type":"if","locations":[{"start":{"line":269,"column":4},"end":{"line":278,"column":null}},{"start":{},"end":{}}],"line":269},"77":{"loc":{"start":{"line":269,"column":8},"end":{"line":269,"column":83}},"type":"binary-expr","locations":[{"start":{"line":269,"column":8},"end":{"line":269,"column":13}},{"start":{"line":269,"column":18},"end":{"line":269,"column":40}},{"start":{"line":269,"column":44},"end":{"line":269,"column":82}}],"line":269},"78":{"loc":{"start":{"line":280,"column":4},"end":{"line":282,"column":null}},"type":"if","locations":[{"start":{"line":280,"column":4},"end":{"line":282,"column":null}},{"start":{},"end":{}}],"line":280},"79":{"loc":{"start":{"line":284,"column":18},"end":{"line":284,"column":28}},"type":"binary-expr","locations":[{"start":{"line":284,"column":18},"end":{"line":284,"column":22}},{"start":{"line":284,"column":26},"end":{"line":284,"column":28}}],"line":284},"80":{"loc":{"start":{"line":287,"column":18},"end":{"line":287,"column":39}},"type":"binary-expr","locations":[{"start":{"line":287,"column":18},"end":{"line":287,"column":33}},{"start":{"line":287,"column":37},"end":{"line":287,"column":39}}],"line":287},"81":{"loc":{"start":{"line":288,"column":18},"end":{"line":288,"column":39}},"type":"binary-expr","locations":[{"start":{"line":288,"column":18},"end":{"line":288,"column":33}},{"start":{"line":288,"column":37},"end":{"line":288,"column":39}}],"line":288},"82":{"loc":{"start":{"line":289,"column":22},"end":{"line":289,"column":54}},"type":"binary-expr","locations":[{"start":{"line":289,"column":22},"end":{"line":289,"column":48}},{"start":{"line":289,"column":52},"end":{"line":289,"column":54}}],"line":289},"83":{"loc":{"start":{"line":290,"column":18},"end":{"line":290,"column":45}},"type":"binary-expr","locations":[{"start":{"line":290,"column":18},"end":{"line":290,"column":39}},{"start":{"line":290,"column":43},"end":{"line":290,"column":45}}],"line":290},"84":{"loc":{"start":{"line":293,"column":18},"end":{"line":293,"column":39}},"type":"binary-expr","locations":[{"start":{"line":293,"column":18},"end":{"line":293,"column":31}},{"start":{"line":293,"column":35},"end":{"line":293,"column":39}}],"line":293},"85":{"loc":{"start":{"line":308,"column":4},"end":{"line":310,"column":null}},"type":"if","locations":[{"start":{"line":308,"column":4},"end":{"line":310,"column":null}},{"start":{},"end":{}}],"line":308},"86":{"loc":{"start":{"line":311,"column":4},"end":{"line":311,"column":null}},"type":"if","locations":[{"start":{"line":311,"column":4},"end":{"line":311,"column":null}},{"start":{},"end":{}}],"line":311},"87":{"loc":{"start":{"line":319,"column":4},"end":{"line":325,"column":null}},"type":"if","locations":[{"start":{"line":319,"column":4},"end":{"line":325,"column":null}},{"start":{},"end":{}}],"line":319},"88":{"loc":{"start":{"line":320,"column":6},"end":{"line":324,"column":null}},"type":"if","locations":[{"start":{"line":320,"column":6},"end":{"line":324,"column":null}},{"start":{"line":322,"column":13},"end":{"line":324,"column":null}}],"line":320},"89":{"loc":{"start":{"line":320,"column":10},"end":{"line":320,"column":81}},"type":"binary-expr","locations":[{"start":{"line":320,"column":10},"end":{"line":320,"column":36}},{"start":{"line":320,"column":40},"end":{"line":320,"column":81}}],"line":320},"90":{"loc":{"start":{"line":331,"column":16},"end":{"line":331,"column":38}},"type":"binary-expr","locations":[{"start":{"line":331,"column":16},"end":{"line":331,"column":30}},{"start":{"line":331,"column":34},"end":{"line":331,"column":38}}],"line":331},"91":{"loc":{"start":{"line":332,"column":17},"end":{"line":332,"column":40}},"type":"binary-expr","locations":[{"start":{"line":332,"column":17},"end":{"line":332,"column":32}},{"start":{"line":332,"column":36},"end":{"line":332,"column":40}}],"line":332},"92":{"loc":{"start":{"line":333,"column":14},"end":{"line":333,"column":33}},"type":"binary-expr","locations":[{"start":{"line":333,"column":14},"end":{"line":333,"column":26}},{"start":{"line":333,"column":30},"end":{"line":333,"column":33}}],"line":333},"93":{"loc":{"start":{"line":343,"column":4},"end":{"line":343,"column":null}},"type":"if","locations":[{"start":{"line":343,"column":4},"end":{"line":343,"column":null}},{"start":{},"end":{}}],"line":343},"94":{"loc":{"start":{"line":353,"column":4},"end":{"line":353,"column":null}},"type":"if","locations":[{"start":{"line":353,"column":4},"end":{"line":353,"column":null}},{"start":{},"end":{}}],"line":353},"95":{"loc":{"start":{"line":364,"column":4},"end":{"line":388,"column":null}},"type":"if","locations":[{"start":{"line":364,"column":4},"end":{"line":388,"column":null}},{"start":{},"end":{}}],"line":364},"96":{"loc":{"start":{"line":364,"column":8},"end":{"line":364,"column":51}},"type":"binary-expr","locations":[{"start":{"line":364,"column":8},"end":{"line":364,"column":22}},{"start":{"line":364,"column":26},"end":{"line":364,"column":51}}],"line":364},"97":{"loc":{"start":{"line":372,"column":7},"end":{"line":372,"column":22}},"type":"binary-expr","locations":[{"start":{"line":372,"column":7},"end":{"line":372,"column":16}},{"start":{"line":372,"column":20},"end":{"line":372,"column":22}}],"line":372},"98":{"loc":{"start":{"line":382,"column":33},"end":{"line":382,"column":53}},"type":"binary-expr","locations":[{"start":{"line":382,"column":33},"end":{"line":382,"column":42}},{"start":{"line":382,"column":46},"end":{"line":382,"column":53}}],"line":382},"99":{"loc":{"start":{"line":384,"column":22},"end":{"line":384,"column":39}},"type":"binary-expr","locations":[{"start":{"line":384,"column":22},"end":{"line":384,"column":31}},{"start":{"line":384,"column":35},"end":{"line":384,"column":39}}],"line":384},"100":{"loc":{"start":{"line":399,"column":6},"end":{"line":414,"column":null}},"type":"if","locations":[{"start":{"line":399,"column":6},"end":{"line":414,"column":null}},{"start":{},"end":{}}],"line":399},"101":{"loc":{"start":{"line":401,"column":10},"end":{"line":412,"column":null}},"type":"if","locations":[{"start":{"line":401,"column":10},"end":{"line":412,"column":null}},{"start":{},"end":{}}],"line":401},"102":{"loc":{"start":{"line":409,"column":26},"end":{"line":409,"column":49}},"type":"binary-expr","locations":[{"start":{"line":409,"column":26},"end":{"line":409,"column":41}},{"start":{"line":409,"column":45},"end":{"line":409,"column":49}}],"line":409},"103":{"loc":{"start":{"line":410,"column":29},"end":{"line":410,"column":52}},"type":"binary-expr","locations":[{"start":{"line":410,"column":29},"end":{"line":410,"column":44}},{"start":{"line":410,"column":48},"end":{"line":410,"column":52}}],"line":410},"104":{"loc":{"start":{"line":434,"column":20},"end":{"line":434,"column":35}},"type":"binary-expr","locations":[{"start":{"line":434,"column":20},"end":{"line":434,"column":29}},{"start":{"line":434,"column":33},"end":{"line":434,"column":35}}],"line":434},"105":{"loc":{"start":{"line":437,"column":4},"end":{"line":437,"column":null}},"type":"if","locations":[{"start":{"line":437,"column":4},"end":{"line":437,"column":null}},{"start":{},"end":{}}],"line":437},"106":{"loc":{"start":{"line":437,"column":8},"end":{"line":437,"column":37}},"type":"binary-expr","locations":[{"start":{"line":437,"column":8},"end":{"line":437,"column":18}},{"start":{"line":437,"column":22},"end":{"line":437,"column":37}}],"line":437},"107":{"loc":{"start":{"line":438,"column":4},"end":{"line":438,"column":null}},"type":"if","locations":[{"start":{"line":438,"column":4},"end":{"line":438,"column":null}},{"start":{},"end":{}}],"line":438},"108":{"loc":{"start":{"line":440,"column":20},"end":{"line":440,"column":91}},"type":"cond-expr","locations":[{"start":{"line":440,"column":60},"end":{"line":440,"column":76}},{"start":{"line":440,"column":79},"end":{"line":440,"column":91}}],"line":440},"109":{"loc":{"start":{"line":442,"column":24},"end":{"line":442,"column":90}},"type":"cond-expr","locations":[{"start":{"line":442,"column":48},"end":{"line":442,"column":68}},{"start":{"line":442,"column":71},"end":{"line":442,"column":90}}],"line":442},"110":{"loc":{"start":{"line":456,"column":4},"end":{"line":458,"column":null}},"type":"if","locations":[{"start":{"line":456,"column":4},"end":{"line":458,"column":null}},{"start":{},"end":{}}],"line":456},"111":{"loc":{"start":{"line":464,"column":21},"end":{"line":464,"column":34}},"type":"binary-expr","locations":[{"start":{"line":464,"column":21},"end":{"line":464,"column":28}},{"start":{"line":464,"column":32},"end":{"line":464,"column":34}}],"line":464},"112":{"loc":{"start":{"line":474,"column":4},"end":{"line":474,"column":null}},"type":"if","locations":[{"start":{"line":474,"column":4},"end":{"line":474,"column":null}},{"start":{},"end":{}}],"line":474},"113":{"loc":{"start":{"line":482,"column":4},"end":{"line":482,"column":null}},"type":"if","locations":[{"start":{"line":482,"column":4},"end":{"line":482,"column":null}},{"start":{},"end":{}}],"line":482},"114":{"loc":{"start":{"line":482,"column":8},"end":{"line":482,"column":26}},"type":"binary-expr","locations":[{"start":{"line":482,"column":8},"end":{"line":482,"column":16}},{"start":{"line":482,"column":20},"end":{"line":482,"column":26}}],"line":482},"115":{"loc":{"start":{"line":488,"column":4},"end":{"line":488,"column":null}},"type":"if","locations":[{"start":{"line":488,"column":4},"end":{"line":488,"column":null}},{"start":{},"end":{}}],"line":488},"116":{"loc":{"start":{"line":498,"column":4},"end":{"line":498,"column":null}},"type":"if","locations":[{"start":{"line":498,"column":4},"end":{"line":498,"column":null}},{"start":{},"end":{}}],"line":498},"117":{"loc":{"start":{"line":506,"column":4},"end":{"line":506,"column":null}},"type":"if","locations":[{"start":{"line":506,"column":4},"end":{"line":506,"column":null}},{"start":{},"end":{}}],"line":506},"118":{"loc":{"start":{"line":506,"column":8},"end":{"line":506,"column":29}},"type":"binary-expr","locations":[{"start":{"line":506,"column":8},"end":{"line":506,"column":16}},{"start":{"line":506,"column":20},"end":{"line":506,"column":29}}],"line":506},"119":{"loc":{"start":{"line":509,"column":4},"end":{"line":509,"column":null}},"type":"if","locations":[{"start":{"line":509,"column":4},"end":{"line":509,"column":null}},{"start":{},"end":{}}],"line":509},"120":{"loc":{"start":{"line":510,"column":4},"end":{"line":510,"column":null}},"type":"if","locations":[{"start":{"line":510,"column":4},"end":{"line":510,"column":null}},{"start":{},"end":{}}],"line":510},"121":{"loc":{"start":{"line":512,"column":4},"end":{"line":523,"column":null}},"type":"if","locations":[{"start":{"line":512,"column":4},"end":{"line":523,"column":null}},{"start":{},"end":{}}],"line":512},"122":{"loc":{"start":{"line":513,"column":30},"end":{"line":513,"column":41}},"type":"binary-expr","locations":[{"start":{"line":513,"column":30},"end":{"line":513,"column":35}},{"start":{"line":513,"column":39},"end":{"line":513,"column":41}}],"line":513},"123":{"loc":{"start":{"line":518,"column":6},"end":{"line":522,"column":null}},"type":"if","locations":[{"start":{"line":518,"column":6},"end":{"line":522,"column":null}},{"start":{"line":520,"column":13},"end":{"line":522,"column":null}}],"line":518},"124":{"loc":{"start":{"line":518,"column":10},"end":{"line":518,"column":47}},"type":"binary-expr","locations":[{"start":{"line":518,"column":10},"end":{"line":518,"column":18}},{"start":{"line":518,"column":22},"end":{"line":518,"column":47}}],"line":518},"125":{"loc":{"start":{"line":520,"column":13},"end":{"line":522,"column":null}},"type":"if","locations":[{"start":{"line":520,"column":13},"end":{"line":522,"column":null}},{"start":{},"end":{}}],"line":520},"126":{"loc":{"start":{"line":525,"column":4},"end":{"line":531,"column":null}},"type":"if","locations":[{"start":{"line":525,"column":4},"end":{"line":531,"column":null}},{"start":{},"end":{}}],"line":525},"127":{"loc":{"start":{"line":530,"column":6},"end":{"line":530,"column":null}},"type":"if","locations":[{"start":{"line":530,"column":6},"end":{"line":530,"column":null}},{"start":{},"end":{}}],"line":530},"128":{"loc":{"start":{"line":547,"column":4},"end":{"line":547,"column":null}},"type":"if","locations":[{"start":{"line":547,"column":4},"end":{"line":547,"column":null}},{"start":{},"end":{}}],"line":547},"129":{"loc":{"start":{"line":554,"column":4},"end":{"line":554,"column":null}},"type":"if","locations":[{"start":{"line":554,"column":4},"end":{"line":554,"column":null}},{"start":{},"end":{}}],"line":554},"130":{"loc":{"start":{"line":554,"column":8},"end":{"line":554,"column":27}},"type":"binary-expr","locations":[{"start":{"line":554,"column":8},"end":{"line":554,"column":16}},{"start":{"line":554,"column":20},"end":{"line":554,"column":27}}],"line":554},"131":{"loc":{"start":{"line":560,"column":4},"end":{"line":560,"column":null}},"type":"if","locations":[{"start":{"line":560,"column":4},"end":{"line":560,"column":null}},{"start":{},"end":{}}],"line":560}},"s":{"0":1,"1":1,"2":0,"3":0,"4":1,"5":2,"6":2,"7":0,"8":2,"9":2,"10":0,"11":2,"12":0,"13":1,"14":3,"15":3,"16":3,"17":3,"18":3,"19":3,"20":1,"21":2,"22":1,"23":1,"24":1,"25":3,"26":3,"27":0,"28":1,"29":1,"30":1,"31":1,"32":0,"33":1,"34":0,"35":0,"36":0,"37":1,"38":0,"39":0,"40":0,"41":0,"42":0,"43":0,"44":0,"45":0,"46":0,"47":0,"48":0,"49":0,"50":0,"51":0,"52":0,"53":0,"54":0,"55":0,"56":0,"57":0,"58":0,"59":0,"60":0,"61":0,"62":0,"63":0,"64":0,"65":0,"66":0,"67":0,"68":1,"69":1,"70":1,"71":1,"72":0,"73":1,"74":1,"75":1,"76":0,"77":1,"78":1,"79":1,"80":0,"81":1,"82":1,"83":0,"84":1,"85":4,"86":1,"87":0,"88":1,"89":0,"90":0,"91":0,"92":0,"93":0,"94":0,"95":0,"96":0,"97":0,"98":0,"99":0,"100":0,"101":1,"102":0,"103":0,"104":0,"105":0,"106":0,"107":0,"108":1,"109":0,"110":0,"111":0,"112":0,"113":0,"114":0,"115":0,"116":0,"117":0,"118":0,"119":0,"120":0,"121":0,"122":0,"123":0,"124":0,"125":1,"126":0,"127":0,"128":0,"129":0,"130":0,"131":0,"132":0,"133":0,"134":0,"135":0,"136":0,"137":0,"138":0,"139":0,"140":0,"141":0,"142":0,"143":0,"144":1,"145":0,"146":0,"147":0,"148":0,"149":0,"150":0,"151":0,"152":0,"153":0,"154":0,"155":0,"156":0,"157":0,"158":0,"159":0,"160":0,"161":0,"162":0,"163":0,"164":0,"165":0,"166":0,"167":0,"168":0,"169":0,"170":0,"171":1,"172":0,"173":0,"174":0,"175":0,"176":0,"177":0,"178":0,"179":0,"180":0,"181":0,"182":1,"183":0,"184":0,"185":0,"186":0,"187":0,"188":0,"189":0,"190":0,"191":0,"192":0,"193":0,"194":0,"195":0,"196":0,"197":1,"198":0,"199":0,"200":0,"201":0,"202":0,"203":0,"204":1,"205":0,"206":0,"207":0,"208":0,"209":0,"210":0,"211":0,"212":0,"213":0,"214":0,"215":0,"216":0,"217":0,"218":0,"219":0,"220":0,"221":0,"222":0,"223":0,"224":0,"225":0,"226":0,"227":0,"228":0,"229":0,"230":0,"231":0,"232":0,"233":0,"234":0,"235":0,"236":1,"237":0,"238":0,"239":0,"240":0,"241":0,"242":0,"243":0,"244":0,"245":0,"246":0,"247":0,"248":0,"249":0,"250":0,"251":0,"252":0,"253":0,"254":0,"255":0,"256":0,"257":1,"258":0,"259":0,"260":0,"261":0,"262":0,"263":0,"264":0,"265":0,"266":0,"267":0,"268":0,"269":0,"270":0,"271":0,"272":1,"273":0,"274":0,"275":0,"276":0,"277":0,"278":0,"279":0,"280":0,"281":0,"282":0,"283":0,"284":0,"285":0,"286":0,"287":0,"288":0,"289":0,"290":0,"291":0,"292":0,"293":0,"294":0,"295":0,"296":0,"297":1,"298":0,"299":0,"300":0,"301":0,"302":0,"303":0,"304":0,"305":0,"306":0,"307":0,"308":0},"f":{"0":0,"1":2,"2":3,"3":0,"4":1,"5":1,"6":0,"7":0,"8":0,"9":0,"10":0,"11":0,"12":0,"13":0,"14":0,"15":0,"16":0,"17":0,"18":0,"19":0,"20":0,"21":0,"22":0,"23":0,"24":0,"25":0,"26":0,"27":0,"28":0,"29":0,"30":0},"b":{"0":[0,0],"1":[0,2],"2":[0,2],"3":[2,0],"4":[3,0],"5":[3,1],"6":[3,3],"7":[3,3],"8":[1,2],"9":[3,3,2],"10":[1,1],"11":[1,0],"12":[0,3],"13":[0,1],"14":[1,1],"15":[0,0],"16":[0,0],"17":[0,0],"18":[0,0],"19":[0,0],"20":[0,0],"21":[0,0],"22":[0,0],"23":[0,0],"24":[0,0],"25":[0,0],"26":[0,0],"27":[0,0],"28":[0,0],"29":[0,0],"30":[0,0],"31":[0,0],"32":[0,0,0],"33":[0,0],"34":[0,0],"35":[0,1],"36":[1,0],"37":[0,1],"38":[0,1],"39":[0,0],"40":[0,0],"41":[0,0],"42":[0,0],"43":[0,0],"44":[0,0],"45":[0,0],"46":[0,0],"47":[0,0],"48":[0,0],"49":[0,0],"50":[0,0],"51":[0,0],"52":[0,0],"53":[0,0],"54":[0,0],"55":[0,0],"56":[0,0],"57":[0,0],"58":[0,0],"59":[0,0],"60":[0,0],"61":[0,0],"62":[0,0],"63":[0,0],"64":[0,0],"65":[0,0],"66":[0,0],"67":[0,0],"68":[0,0],"69":[0,0],"70":[0,0],"71":[0,0],"72":[0,0],"73":[0,0],"74":[0,0],"75":[0,0],"76":[0,0],"77":[0,0,0],"78":[0,0],"79":[0,0],"80":[0,0],"81":[0,0],"82":[0,0],"83":[0,0],"84":[0,0],"85":[0,0],"86":[0,0],"87":[0,0],"88":[0,0],"89":[0,0],"90":[0,0],"91":[0,0],"92":[0,0],"93":[0,0],"94":[0,0],"95":[0,0],"96":[0,0],"97":[0,0],"98":[0,0],"99":[0,0],"100":[0,0],"101":[0,0],"102":[0,0],"103":[0,0],"104":[0,0],"105":[0,0],"106":[0,0],"107":[0,0],"108":[0,0],"109":[0,0],"110":[0,0],"111":[0,0],"112":[0,0],"113":[0,0],"114":[0,0],"115":[0,0],"116":[0,0],"117":[0,0],"118":[0,0],"119":[0,0],"120":[0,0],"121":[0,0],"122":[0,0],"123":[0,0],"124":[0,0],"125":[0,0],"126":[0,0],"127":[0,0],"128":[0,0],"129":[0,0],"130":[0,0],"131":[0,0]},"meta":{"lastBranch":132,"lastFunction":31,"lastStatement":309,"seen":{"s:9:15:9:31":0,"s:11:15:14:2":1,"f:11:39:11:40":0,"s:12:14:12:55":2,"b:12:14:12:45:12:49:12:55":0,"s:13:2:13:Infinity":3,"s:16:0:32:Infinity":4,"f:16:45:16:50":1,"s:17:2:31:Infinity":5,"b:18:4:20:Infinity:undefined:undefined:undefined:undefined":1,"s:18:4:20:Infinity":6,"s:19:6:19:Infinity":7,"s:21:28:24:40":8,"b:25:4:27:Infinity:undefined:undefined:undefined:undefined":2,"s:25:4:27:Infinity":9,"s:26:6:26:Infinity":10,"s:28:4:28:Infinity":11,"b:28:13:28:17:28:21:28:23":3,"s:30:4:30:Infinity":12,"s:34:0:66:Infinity":13,"f:34:38:34:43":2,"s:35:104:35:112":14,"s:36:15:36:51":15,"b:36:16:36:23:36:27:36:29":4,"s:37:16:37:67":16,"b:37:17:37:25:37:29:37:31":5,"s:38:24:38:63":17,"b:38:25:38:35:38:39:38:41":6,"s:39:28:39:70":18,"b:39:29:39:43:39:47:39:49":7,"b:40:2:40:Infinity:undefined:undefined:undefined:undefined":8,"s:40:2:40:Infinity":19,"b:40:6:40:11:40:15:40:21:40:25:40:38":9,"s:40:40:40:Infinity":20,"b:41:2:41:Infinity:undefined:undefined:undefined:undefined":10,"s:41:2:41:Infinity":21,"s:41:31:41:Infinity":22,"s:42:21:42:50":23,"s:43:21:43:64":24,"b:43:49:43:53:43:56:43:64":11,"s:44:2:65:Infinity":25,"b:45:4:45:Infinity:undefined:undefined:undefined:undefined":12,"s:45:4:45:Infinity":26,"s:45:19:45:Infinity":27,"s:46:27:46:62":28,"s:47:23:54:5":29,"s:55:28:59:15":30,"b:60:4:60:Infinity:undefined:undefined:undefined:undefined":13,"s:60:4:60:Infinity":31,"s:60:15:60:Infinity":32,"s:61:4:61:Infinity":33,"b:61:70:61:79:61:83:61:87":14,"b:63:4:63:Infinity:undefined:undefined:undefined:undefined":15,"s:63:4:63:Infinity":34,"s:63:30:63:Infinity":35,"s:64:4:64:Infinity":36,"s:68:0:105:Infinity":37,"f:68:41:68:46":3,"s:69:90:69:98":38,"s:70:21:70:50":39,"s:71:21:71:23":40,"b:72:2:72:Infinity:undefined:undefined:undefined:undefined":16,"s:72:2:72:Infinity":41,"s:72:29:72:Infinity":42,"b:72:48:72:55:72:59:72:61":17,"b:73:2:73:Infinity:undefined:undefined:undefined:undefined":18,"s:73:2:73:Infinity":43,"s:73:30:73:Infinity":44,"b:73:50:73:58:73:62:73:64":19,"b:74:2:74:Infinity:undefined:undefined:undefined:undefined":20,"s:74:2:74:Infinity":45,"b:74:6:74:24:74:28:74:53":21,"s:74:55:74:Infinity":46,"b:75:2:75:Infinity:undefined:undefined:undefined:undefined":22,"s:75:2:75:Infinity":47,"s:75:32:75:Infinity":48,"b:75:57:75:67:75:71:75:73":23,"b:76:2:76:Infinity:undefined:undefined:undefined:undefined":24,"s:76:2:76:Infinity":49,"s:76:36:76:Infinity":50,"b:76:66:76:80:76:84:76:86":25,"b:77:2:81:Infinity:79:9:81:Infinity":26,"s:77:2:81:Infinity":51,"b:77:6:77:34:77:38:77:47":27,"s:78:4:78:Infinity":52,"b:79:9:81:Infinity:undefined:undefined:undefined:undefined":28,"s:79:9:81:Infinity":53,"b:79:13:79:28:79:32:79:60":29,"s:80:4:80:Infinity":54,"s:82:2:104:Infinity":55,"b:83:4:83:Infinity:undefined:undefined:undefined:undefined":30,"s:83:4:83:Infinity":56,"s:83:19:83:Infinity":57,"s:84:26:89:15":58,"b:90:4:98:Infinity:undefined:undefined:undefined:undefined":31,"s:90:4:98:Infinity":59,"b:90:8:90:13:90:18:90:40:90:44:90:80":32,"s:91:6:91:Infinity":60,"s:92:6:97:Infinity":61,"b:99:4:99:Infinity:undefined:undefined:undefined:undefined":33,"s:99:4:99:Infinity":62,"s:99:15:99:Infinity":63,"s:100:4:100:Infinity":64,"b:102:4:102:Infinity:undefined:undefined:undefined:undefined":34,"s:102:4:102:Infinity":65,"s:102:30:102:Infinity":66,"s:103:4:103:Infinity":67,"s:107:0:117:Infinity":68,"f:107:48:107:53":4,"s:108:2:116:Infinity":69,"s:109:29:109:110":70,"b:110:4:110:Infinity:undefined:undefined:undefined:undefined":35,"s:110:4:110:Infinity":71,"s:110:17:110:Infinity":72,"s:111:22:111:44":73,"b:111:39:111:40:111:43:111:44":36,"s:112:4:112:Infinity":74,"s:113:4:113:Infinity":75,"s:115:4:115:Infinity":76,"s:119:0:131:Infinity":77,"f:119:44:119:49":5,"s:120:2:130:Infinity":78,"b:121:4:121:Infinity:undefined:undefined:undefined:undefined":37,"s:121:4:121:Infinity":79,"s:121:19:121:Infinity":80,"s:122:22:122:85":81,"b:123:4:123:Infinity:undefined:undefined:undefined:undefined":38,"s:123:4:123:Infinity":82,"s:123:15:123:Infinity":83,"s:124:4:126:Infinity":84,"s:125:6:125:Infinity":85,"f:125:75:125:76":6,"s:127:4:127:Infinity":86,"s:129:4:129:Infinity":87,"s:133:0:148:Infinity":88,"f:133:49:133:50":7,"s:134:2:147:Infinity":89,"f:134:35:134:40":8,"b:135:4:135:Infinity:undefined:undefined:undefined:undefined":39,"s:135:4:135:Infinity":90,"s:135:13:135:Infinity":91,"b:136:4:136:Infinity:undefined:undefined:undefined:undefined":40,"s:136:4:136:Infinity":92,"s:136:19:136:Infinity":93,"s:137:4:146:Infinity":94,"s:138:6:138:Infinity":95,"s:139:35:139:114":96,"b:140:6:142:Infinity:undefined:undefined:undefined:undefined":41,"s:140:6:142:Infinity":97,"s:141:8:141:Infinity":98,"s:143:6:143:Infinity":99,"s:145:6:145:Infinity":100,"s:150:0:160:Infinity":101,"f:150:50:150:55":9,"s:151:2:159:Infinity":102,"s:152:4:154:Infinity":103,"s:153:6:153:Infinity":104,"s:155:4:155:Infinity":105,"s:156:4:156:Infinity":106,"s:158:4:158:Infinity":107,"s:162:0:199:Infinity":108,"f:162:44:162:49":10,"s:163:2:198:Infinity":109,"s:164:47:167:42":110,"b:168:4:170:Infinity:undefined:undefined:undefined:undefined":42,"s:168:4:170:Infinity":111,"s:169:6:169:Infinity":112,"s:172:21:172:50":113,"b:172:22:172:28:172:32:172:34":43,"f:172:40:172:41":11,"s:172:45:172:49":114,"s:173:17:173:19":115,"b:174:4:182:Infinity:undefined:undefined:undefined:undefined":44,"s:174:4:182:Infinity":116,"s:175:47:178:33":117,"b:179:6:181:Infinity:undefined:undefined:undefined:undefined":45,"s:179:6:181:Infinity":118,"b:179:10:179:20:179:24:179:28":46,"s:180:8:180:Infinity":119,"f:180:21:180:22":12,"s:180:28:180:79":120,"b:180:50:180:68:180:72:180:73":47,"s:184:19:194:7":121,"b:184:20:184:26:184:30:184:32":48,"f:184:38:184:39":13,"s:184:44:194:5":122,"b:188:18:188:30:188:34:188:38":49,"b:189:16:189:26:189:30:189:34":50,"b:190:17:190:28:190:32:190:36":51,"b:191:14:191:22:191:26:191:30":52,"b:192:25:192:44:192:48:192:49":53,"b:193:23:193:35:193:39:193:40":54,"s:195:4:195:Infinity":123,"s:197:4:197:Infinity":124,"s:201:0:224:Infinity":125,"f:201:49:201:54":14,"s:202:2:223:Infinity":126,"s:203:63:203:71":127,"s:204:19:204:21":128,"b:205:4:205:Infinity:undefined:undefined:undefined:undefined":55,"s:205:4:205:Infinity":129,"s:205:32:205:Infinity":130,"b:206:4:206:Infinity:undefined:undefined:undefined:undefined":56,"s:206:4:206:Infinity":131,"s:206:33:206:Infinity":132,"b:207:4:207:Infinity:undefined:undefined:undefined:undefined":57,"s:207:4:207:Infinity":133,"s:207:30:207:Infinity":134,"b:208:4:208:Infinity:undefined:undefined:undefined:undefined":58,"s:208:4:208:Infinity":135,"s:208:41:208:Infinity":136,"s:210:28:215:15":137,"b:216:4:218:Infinity:undefined:undefined:undefined:undefined":59,"s:216:4:218:Infinity":138,"s:217:6:217:Infinity":139,"b:219:4:219:Infinity:undefined:undefined:undefined:undefined":60,"s:219:4:219:Infinity":140,"s:219:15:219:Infinity":141,"s:220:4:220:Infinity":142,"s:222:4:222:Infinity":143,"s:226:0:256:Infinity":144,"f:226:40:226:45":15,"s:227:2:255:Infinity":145,"b:228:4:228:Infinity:undefined:undefined:undefined:undefined":61,"s:228:4:228:Infinity":146,"s:228:19:228:Infinity":147,"s:229:76:229:84":148,"s:230:19:230:21":149,"b:231:4:231:Infinity:undefined:undefined:undefined:undefined":62,"s:231:4:231:Infinity":150,"s:231:29:231:Infinity":151,"b:231:45:231:50:231:54:231:56":63,"b:232:4:232:Infinity:undefined:undefined:undefined:undefined":64,"s:232:4:232:Infinity":152,"s:232:28:232:Infinity":153,"b:233:4:233:Infinity:undefined:undefined:undefined:undefined":65,"s:233:4:233:Infinity":154,"s:233:32:233:Infinity":155,"b:233:68:233:88:233:91:233:95":66,"b:234:4:234:Infinity:undefined:undefined:undefined:undefined":67,"s:234:4:234:Infinity":156,"s:234:33:234:Infinity":157,"b:234:71:234:92:234:95:234:99":68,"b:235:4:235:Infinity:undefined:undefined:undefined:undefined":69,"s:235:4:235:Infinity":158,"s:235:30:235:Infinity":159,"b:235:46:235:62:235:66:235:69":70,"b:236:4:236:Infinity:undefined:undefined:undefined:undefined":71,"s:236:4:236:Infinity":160,"s:236:41:236:Infinity":161,"b:236:68:236:95:236:99:236:100":72,"b:238:4:240:Infinity:undefined:undefined:undefined:undefined":73,"s:238:4:240:Infinity":162,"s:239:6:239:Infinity":163,"s:242:28:247:15":164,"b:248:4:250:Infinity:undefined:undefined:undefined:undefined":74,"s:248:4:250:Infinity":165,"s:249:6:249:Infinity":166,"b:251:4:251:Infinity:undefined:undefined:undefined:undefined":75,"s:251:4:251:Infinity":167,"s:251:15:251:Infinity":168,"s:252:4:252:Infinity":169,"s:254:4:254:Infinity":170,"s:258:0:299:Infinity":171,"f:258:59:258:64":16,"s:259:2:298:Infinity":172,"s:260:26:267:47":173,"b:269:4:278:Infinity:undefined:undefined:undefined:undefined":76,"s:269:4:278:Infinity":174,"b:269:8:269:13:269:18:269:40:269:44:269:82":77,"s:270:6:277:Infinity":175,"b:280:4:282:Infinity:undefined:undefined:undefined:undefined":78,"s:280:4:282:Infinity":176,"s:281:6:281:Infinity":177,"s:284:17:294:7":178,"b:284:18:284:22:284:26:284:28":79,"f:284:34:284:35":17,"s:284:40:294:5":179,"b:287:18:287:33:287:37:287:39":80,"b:288:18:288:33:288:37:288:39":81,"b:289:22:289:48:289:52:289:54":82,"b:290:18:290:39:290:43:290:45":83,"b:293:18:293:31:293:35:293:39":84,"s:295:4:295:Infinity":180,"s:297:4:297:Infinity":181,"s:301:0:339:Infinity":182,"f:301:53:301:58":18,"s:302:2:338:Infinity":183,"s:303:45:307:15":184,"b:308:4:310:Infinity:undefined:undefined:undefined:undefined":85,"s:308:4:310:Infinity":185,"s:309:6:309:Infinity":186,"b:311:4:311:Infinity:undefined:undefined:undefined:undefined":86,"s:311:4:311:Infinity":187,"s:311:16:311:Infinity":188,"s:313:22:313:86":189,"s:315:33:318:25":190,"b:319:4:325:Infinity:undefined:undefined:undefined:undefined":87,"s:319:4:325:Infinity":191,"b:320:6:324:Infinity:322:13:324:Infinity":88,"s:320:6:324:Infinity":192,"b:320:10:320:36:320:40:320:81":89,"s:323:8:323:Infinity":193,"s:327:19:334:6":194,"b:331:16:331:30:331:34:331:38":90,"b:332:17:332:32:332:36:332:40":91,"b:333:14:333:26:333:30:333:33":92,"s:335:4:335:Infinity":195,"s:337:4:337:Infinity":196,"s:341:0:349:Infinity":197,"f:341:56:341:61":19,"s:342:2:348:Infinity":198,"b:343:4:343:Infinity:undefined:undefined:undefined:undefined":93,"s:343:4:343:Infinity":199,"s:343:19:343:Infinity":200,"s:344:19:344:47":201,"s:345:4:345:Infinity":202,"s:347:4:347:Infinity":203,"s:351:0:429:Infinity":204,"f:351:54:351:59":20,"s:352:2:428:Infinity":205,"b:353:4:353:Infinity:undefined:undefined:undefined:undefined":94,"s:353:4:353:Infinity":206,"s:353:19:353:Infinity":207
[...]
umn":20},"end":{"line":58,"column":22}}],"line":58},"5":{"loc":{"start":{"line":59,"column":37},"end":{"line":59,"column":71}},"type":"binary-expr","locations":[{"start":{"line":59,"column":37},"end":{"line":59,"column":66}},{"start":{"line":59,"column":70},"end":{"line":59,"column":71}}],"line":59},"6":{"loc":{"start":{"line":72,"column":4},"end":{"line":78,"column":null}},"type":"if","locations":[{"start":{"line":72,"column":4},"end":{"line":78,"column":null}},{"start":{},"end":{}}],"line":72},"7":{"loc":{"start":{"line":74,"column":8},"end":{"line":76,"column":null}},"type":"if","locations":[{"start":{"line":74,"column":8},"end":{"line":76,"column":null}},{"start":{},"end":{}}],"line":74},"8":{"loc":{"start":{"line":75,"column":41},"end":{"line":75,"column":73}},"type":"binary-expr","locations":[{"start":{"line":75,"column":41},"end":{"line":75,"column":68}},{"start":{"line":75,"column":72},"end":{"line":75,"column":73}}],"line":75},"9":{"loc":{"start":{"line":81,"column":10},"end":{"line":81,"column":24}},"type":"binary-expr","locations":[{"start":{"line":81,"column":10},"end":{"line":81,"column":18}},{"start":{"line":81,"column":22},"end":{"line":81,"column":24}}],"line":81},"10":{"loc":{"start":{"line":88,"column":13},"end":{"line":88,"column":40}},"type":"binary-expr","locations":[{"start":{"line":88,"column":13},"end":{"line":88,"column":35}},{"start":{"line":88,"column":39},"end":{"line":88,"column":40}}],"line":88},"11":{"loc":{"start":{"line":88,"column":45},"end":{"line":88,"column":72}},"type":"binary-expr","locations":[{"start":{"line":88,"column":45},"end":{"line":88,"column":67}},{"start":{"line":88,"column":71},"end":{"line":88,"column":72}}],"line":88},"12":{"loc":{"start":{"line":89,"column":21},"end":{"line":89,"column":48}},"type":"binary-expr","locations":[{"start":{"line":89,"column":21},"end":{"line":89,"column":43}},{"start":{"line":89,"column":47},"end":{"line":89,"column":48}}],"line":89}},"s":{"0":1,"1":4,"2":4,"3":4,"4":4,"5":3,"6":3,"7":4,"8":4,"9":4,"10":4,"11":4,"12":4,"13":4,"14":3,"15":3,"16":4,"17":3,"18":3,"19":3,"20":3,"21":4,"22":3,"23":3,"24":3,"25":3,"26":3,"27":3,"28":3,"29":3,"30":1,"31":1,"32":3,"33":4,"34":2},"f":{"0":4,"1":4,"2":3,"3":4,"4":3,"5":1,"6":4,"7":2},"b":{"0":[3,1],"1":[4,4],"2":[4,0],"3":[3,1],"4":[3,0],"5":[4,3],"6":[3,0],"7":[1,0],"8":[1,1],"9":[3,0],"10":[4,1],"11":[4,3],"12":[4,1]},"meta":{"lastBranch":13,"lastFunction":8,"lastStatement":35,"seen":{"s:3:25:3:26":0,"f:5:22:5:41":0,"s:6:25:6:26":1,"s:7:24:7:25":2,"s:9:35:12:28":3,"b:14:2:17:Infinity:undefined:undefined:undefined:undefined":0,"s:14:2:17:Infinity":4,"b:14:6:14:20:14:24:14:49":1,"s:15:4:15:Infinity":5,"s:16:4:16:Infinity":6,"s:19:25:19:26":7,"s:20:26:20:28":8,"s:21:2:36:Infinity":9,"s:22:27:26:48":10,"b:28:4:35:Infinity:undefined:undefined:undefined:undefined":2,"s:28:4:35:Infinity":11,"s:29:6:34:Infinity":12,"f:29:19:29:20":1,"b:30:8:33:Infinity:undefined:undefined:undefined:undefined":3,"s:30:8:33:Infinity":13,"s:31:10:31:Infinity":14,"s:32:10:32:Infinity":15,"s:38:2:44:Infinity":16,"f:47:22:47:42":2,"s:48:34:50:34":17,"s:52:29:55:39":18,"s:57:27:57:29":19,"s:58:2:60:Infinity":20,"b:58:3:58:16:58:20:58:22":4,"f:58:32:58:33":3,"s:59:4:59:Infinity":21,"b:59:37:59:66:59:70:59:71":5,"s:62:27:62:29":22,"s:63:2:65:Infinity":23,"f:63:40:63:43":4,"s:64:4:64:Infinity":24,"s:67:25:67:27":25,"s:68:2:79:Infinity":26,"s:69:27:71:50":27,"b:72:4:78:Infinity:undefined:undefined:undefined:undefined":6,"s:72:4:78:Infinity":28,"s:73:6:77:Infinity":29,"f:73:19:73:20":5,"b:74:8:76:Infinity:undefined:undefined:undefined:undefined":7,"s:74:8:76:Infinity":30,"s:75:10:75:Infinity":31,"b:75:41:75:68:75:72:75:73":8,"s:81:2:90:Infinity":32,"b:81:10:81:18:81:22:81:24":9,"f:81:30:81:31":6,"s:81:36:90:3":33,"b:88:13:88:35:88:39:88:40":10,"b:88:45:88:67:88:71:88:72":11,"b:89:21:89:43:89:47:89:48":12,"f:90:11:90:12":7,"s:90:21:90:40":34},"fnNames":{}}}
,"D:\\mt club1\\backend\\utils\\pushSender.js": {"path":"D:\\mt club1\\backend\\utils\\pushSender.js","statementMap":{"0":{"start":{"line":4,"column":34},"end":{"line":7,"column":26}},"1":{"start":{"line":9,"column":2},"end":{"line":12,"column":null}},"2":{"start":{"line":10,"column":4},"end":{"line":10,"column":null}},"3":{"start":{"line":11,"column":4},"end":{"line":11,"column":null}},"4":{"start":{"line":14,"column":13},"end":{"line":14,"column":14}},"5":{"start":{"line":15,"column":15},"end":{"line":15,"column":16}},"6":{"start":{"line":17,"column":2},"end":{"line":28,"column":null}},"7":{"start":{"line":18,"column":4},"end":{"line":27,"column":null}},"8":{"start":{"line":19,"column":6},"end":{"line":23,"column":null}},"9":{"start":{"line":20,"column":8},"end":{"line":20,"column":null}},"10":{"start":{"line":21,"column":8},"end":{"line":21,"column":null}},"11":{"start":{"line":22,"column":8},"end":{"line":22,"column":null}},"12":{"start":{"line":25,"column":6},"end":{"line":25,"column":null}},"13":{"start":{"line":26,"column":6},"end":{"line":26,"column":null}},"14":{"start":{"line":30,"column":2},"end":{"line":30,"column":null}},"15":{"start":{"line":34,"column":18},"end":{"line":34,"column":19}},"16":{"start":{"line":35,"column":20},"end":{"line":35,"column":21}},"17":{"start":{"line":37,"column":2},"end":{"line":41,"column":null}},"18":{"start":{"line":38,"column":19},"end":{"line":38,"column":56}},"19":{"start":{"line":39,"column":4},"end":{"line":39,"column":null}},"20":{"start":{"line":40,"column":4},"end":{"line":40,"column":null}},"21":{"start":{"line":43,"column":2},"end":{"line":43,"column":null}},"22":{"start":{"line":47,"column":34},"end":{"line":50,"column":21}},"23":{"start":{"line":52,"column":2},"end":{"line":55,"column":null}},"24":{"start":{"line":53,"column":4},"end":{"line":53,"column":null}},"25":{"start":{"line":54,"column":4},"end":{"line":54,"column":null}},"26":{"start":{"line":57,"column":18},"end":{"line":57,"column":60}},"27":{"start":{"line":57,"column":48},"end":{"line":57,"column":57}},"28":{"start":{"line":58,"column":2},"end":{"line":58,"column":null}}},"fnMap":{"0":{"name":"sendPushToUser","decl":{"start":{"line":3,"column":22},"end":{"line":3,"column":36}},"loc":{"start":{"line":3,"column":54},"end":{"line":31,"column":null}},"line":3},"1":{"name":"sendPushToMultipleUsers","decl":{"start":{"line":33,"column":22},"end":{"line":33,"column":45}},"loc":{"start":{"line":33,"column":64},"end":{"line":44,"column":null}},"line":33},"2":{"name":"sendPushToAll","decl":{"start":{"line":46,"column":22},"end":{"line":46,"column":35}},"loc":{"start":{"line":46,"column":45},"end":{"line":59,"column":null}},"line":46},"3":{"name":"(anonymous_3)","decl":{"start":{"line":57,"column":41},"end":{"line":57,"column":42}},"loc":{"start":{"line":57,"column":48},"end":{"line":57,"column":57}},"line":57}},"branchMap":{"0":{"loc":{"start":{"line":9,"column":2},"end":{"line":12,"column":null}},"type":"if","locations":[{"start":{"line":9,"column":2},"end":{"line":12,"column":null}},{"start":{},"end":{}}],"line":9},"1":{"loc":{"start":{"line":9,"column":6},"end":{"line":9,"column":45}},"type":"binary-expr","locations":[{"start":{"line":9,"column":6},"end":{"line":9,"column":11}},{"start":{"line":9,"column":15},"end":{"line":9,"column":22}},{"start":{"line":9,"column":26},"end":{"line":9,"column":45}}],"line":9},"2":{"loc":{"start":{"line":10,"column":54},"end":{"line":10,"column":78}},"type":"binary-expr","locations":[{"start":{"line":10,"column":54},"end":{"line":10,"column":68}},{"start":{"line":10,"column":72},"end":{"line":10,"column":78}}],"line":10},"3":{"loc":{"start":{"line":19,"column":6},"end":{"line":23,"column":null}},"type":"if","locations":[{"start":{"line":19,"column":6},"end":{"line":23,"column":null}},{"start":{},"end":{}}],"line":19},"4":{"loc":{"start":{"line":19,"column":10},"end":{"line":19,"column":58}},"type":"binary-expr","locations":[{"start":{"line":19,"column":10},"end":{"line":19,"column":34}},{"start":{"line":19,"column":38},"end":{"line":19,"column":58}}],"line":19},"5":{"loc":{"start":{"line":52,"column":2},"end":{"line":55,"column":null}},"type":"if","locations":[{"start":{"line":52,"column":2},"end":{"line":55,"column":null}},{"start":{},"end":{}}],"line":52},"6":{"loc":{"start":{"line":52,"column":6},"end":{"line":52,"column":22}},"type":"binary-expr","locations":[{"start":{"line":52,"column":6},"end":{"line":52,"column":11}},{"start":{"line":52,"column":15},"end":{"line":52,"column":22}}],"line":52}},"s":{"0":0,"1":0,"2":0,"3":0,"4":0,"5":0,"6":0,"7":0,"8":0,"9":0,"10":0,"11":0,"12":0,"13":0,"14":0,"15":0,"16":0,"17":0,"18":0,"19":0,"20":0,"21":0,"22":0,"23":0,"24":0,"25":0,"26":0,"27":0,"28":0},"f":{"0":0,"1":0,"2":0,"3":0},"b":{"0":[0,0],"1":[0,0,0],"2":[0,0],"3":[0,0],"4":[0,0],"5":[0,0],"6":[0,0]},"meta":{"lastBranch":7,"lastFunction":4,"lastStatement":29,"seen":{"f:3:22:3:36":0,"s:4:34:7:26":0,"b:9:2:12:Infinity:undefined:undefined:undefined:undefined":0,"s:9:2:12:Infinity":1,"b:9:6:9:11:9:15:9:22:9:26:9:45":1,"s:10:4:10:Infinity":2,"b:10:54:10:68:10:72:10:78":2,"s:11:4:11:Infinity":3,"s:14:13:14:14":4,"s:15:15:15:16":5,"s:17:2:28:Infinity":6,"s:18:4:27:Infinity":7,"b:19:6:23:Infinity:undefined:undefined:undefined:undefined":3,"s:19:6:23:Infinity":8,"b:19:10:19:34:19:38:19:58":4,"s:20:8:20:Infinity":9,"s:21:8:21:Infinity":10,"s:22:8:22:Infinity":11,"s:25:6:25:Infinity":12,"s:26:6:26:Infinity":13,"s:30:2:30:Infinity":14,"f:33:22:33:45":1,"s:34:18:34:19":15,"s:35:20:35:21":16,"s:37:2:41:Infinity":17,"s:38:19:38:56":18,"s:39:4:39:Infinity":19,"s:40:4:40:Infinity":20,"s:43:2:43:Infinity":21,"f:46:22:46:35":2,"s:47:34:50:21":22,"b:52:2:55:Infinity:undefined:undefined:undefined:undefined":5,"s:52:2:55:Infinity":23,"b:52:6:52:11:52:15:52:22":6,"s:53:4:53:Infinity":24,"s:54:4:54:Infinity":25,"s:57:18:57:60":26,"f:57:41:57:42":3,"s:57:48:57:57":27,"s:58:2:58:Infinity":28},"fnNames":{}}}
,"D:\\mt club1\\backend\\utils\\storage.js": {"path":"D:\\mt club1\\backend\\utils\\storage.js","statementMap":{"0":{"start":{"line":4,"column":24},"end":{"line":4,"column":50}},"1":{"start":{"line":5,"column":15},"end":{"line":5,"column":24}},"2":{"start":{"line":6,"column":21},"end":{"line":6,"column":30}},"3":{"start":{"line":9,"column":2},"end":{"line":9,"column":null}},"4":{"start":{"line":9,"column":36},"end":{"line":9,"column":null}},"5":{"start":{"line":10,"column":44},"end":{"line":10,"column":80}},"6":{"start":{"line":11,"column":2},"end":{"line":13,"column":null}},"7":{"start":{"line":12,"column":4},"end":{"line":12,"column":null}},"8":{"start":{"line":14,"column":17},"end":{"line":14,"column":60}},"9":{"start":{"line":14,"column":38},"end":{"line":14,"column":59}},"10":{"start":{"line":15,"column":2},"end":{"line":21,"column":null}},"11":{"start":{"line":16,"column":33},"end":{"line":16,"column":98}},"12":{"start":{"line":17,"column":4},"end":{"line":20,"column":null}},"13":{"start":{"line":18,"column":6},"end":{"line":18,"column":null}},"14":{"start":{"line":19,"column":6},"end":{"line":19,"column":null}},"15":{"start":{"line":22,"column":2},"end":{"line":22,"column":null}},"16":{"start":{"line":26,"column":19},"end":{"line":26,"column":71}},"17":{"start":{"line":27,"column":2},"end":{"line":27,"column":null}},"18":{"start":{"line":31,"column":2},"end":{"line":31,"column":null}},"19":{"start":{"line":32,"column":20},"end":{"line":37,"column":6}},"20":{"start":{"line":38,"column":2},"end":{"line":38,"column":null}},"21":{"start":{"line":38,"column":13},"end":{"line":38,"column":null}},"22":{"start":{"line":39,"column":2},"end":{"line":39,"column":null}},"23":{"start":{"line":43,"column":14},"end":{"line":43,"column":57}},"24":{"start":{"line":44,"column":2},"end":{"line":58,"column":null}},"25":{"start":{"line":46,"column":6},"end":{"line":56,"column":null}},"26":{"start":{"line":47,"column":8},"end":{"line":55,"column":null}},"27":{"start":{"line":48,"column":10},"end":{"line":48,"column":null}},"28":{"start":{"line":48,"column":19},"end":{"line":48,"column":null}},"29":{"start":{"line":49,"column":10},"end":{"line":53,"column":null}},"30":{"start":{"line":50,"column":12},"end":{"line":52,"column":null}},"31":{"start":{"line":51,"column":14},"end":{"line":51,"column":null}},"32":{"start":{"line":51,"column":33},"end":{"line":51,"column":null}},"33":{"start":{"line":54,"column":10},"end":{"line":54,"column":null}},"34":{"start":{"line":62,"column":2},"end":{"line":62,"column":null}},"35":{"start":{"line":63,"column":20},"end":{"line":68,"column":6}},"36":{"start":{"line":69,"column":2},"end":{"line":69,"column":null}},"37":{"start":{"line":69,"column":13},"end":{"line":69,"column":null}},"38":{"start":{"line":73,"column":2},"end":{"line":76,"column":null}}},"fnMap":{"0":{"name":"ensureBucket","decl":{"start":{"line":8,"column":22},"end":{"line":8,"column":34}},"loc":{"start":{"line":8,"column":47},"end":{"line":23,"column":null}},"line":8},"1":{"name":"(anonymous_1)","decl":{"start":{"line":14,"column":31},"end":{"line":14,"column":32}},"loc":{"start":{"line":14,"column":38},"end":{"line":14,"column":59}},"line":14},"2":{"name":"getPublicUrl","decl":{"start":{"line":25,"column":16},"end":{"line":25,"column":28}},"loc":{"start":{"line":25,"column":47},"end":{"line":28,"column":null}},"line":25},"3":{"name":"uploadToStorage","decl":{"start":{"line":30,"column":22},"end":{"line":30,"column":37}},"loc":{"start":{"line":30,"column":77},"end":{"line":40,"column":null}},"line":30},"4":{"name":"createMulter","decl":{"start":{"line":42,"column":16},"end":{"line":42,"column":28}},"loc":{"start":{"line":42,"column":51},"end":{"line":59,"column":null}},"line":42},"5":{"name":"single","decl":{"start":{"line":45,"column":4},"end":{"line":45,"column":10}},"loc":{"start":{"line":45,"column":22},"end":{"line":57,"column":5}},"line":45},"6":{"name":"(anonymous_6)","decl":{"start":{"line":46,"column":13},"end":{"line":46,"column":14}},"loc":{"start":{"line":46,"column":33},"end":{"line":56,"column":7}},"line":46},"7":{"name":"(anonymous_7)","decl":{"start":{"line":47,"column":40},"end":{"line":47,"column":41}},"loc":{"start":{"line":47,"column":49},"end":{"line":55,"column":9}},"line":47},"8":{"name":"(anonymous_8)","decl":{"start":{"line":50,"column":69},"end":{"line":50,"column":70}},"loc":{"start":{"line":50,"column":85},"end":{"line":52,"column":13}},"line":50},"9":{"name":"saveUpload","decl":{"start":{"line":61,"column":22},"end":{"line":61,"column":32}},"loc":{"start":{"line":61,"column":59},"end":{"line":70,"column":null}},"line":61},"10":{"name":"deleteUpload","decl":{"start":{"line":72,"column":22},"end":{"line":72,"column":34}},"loc":{"start":{"line":72,"column":55},"end":{"line":77,"column":null}},"line":72},"11":{"name":"(anonymous_11)","decl":{"start":{"line":76,"column":11},"end":{"line":76,"column":12}},"loc":{"start":{"line":76,"column":17},"end":{"line":76,"column":19}},"line":76}},"branchMap":{"0":{"loc":{"start":{"line":9,"column":2},"end":{"line":9,"column":null}},"type":"if","locations":[{"start":{"line":9,"column":2},"end":{"line":9,"column":null}},{"start":{},"end":{}}],"line":9},"1":{"loc":{"start":{"line":11,"column":2},"end":{"line":13,"column":null}},"type":"if","locations":[{"start":{"line":11,"column":2},"end":{"line":13,"column":null}},{"start":{},"end":{}}],"line":11},"2":{"loc":{"start":{"line":15,"column":2},"end":{"line":21,"column":null}},"type":"if","locations":[{"start":{"line":15,"column":2},"end":{"line":21,"column":null}},{"start":{},"end":{}}],"line":15},"3":{"loc":{"start":{"line":17,"column":4},"end":{"line":20,"column":null}},"type":"if","locations":[{"start":{"line":17,"column":4},"end":{"line":20,"column":null}},{"start":{},"end":{}}],"line":17},"4":{"loc":{"start":{"line":17,"column":8},"end":{"line":17,"column":66}},"type":"binary-expr","locations":[{"start":{"line":17,"column":8},"end":{"line":17,"column":17}},{"start":{"line":17,"column":21},"end":{"line":17,"column":66}}],"line":17},"5":{"loc":{"start":{"line":35,"column":19},"end":{"line":35,"column":60}},"type":"binary-expr","locations":[{"start":{"line":35,"column":19},"end":{"line":35,"column":30}},{"start":{"line":35,"column":34},"end":{"line":35,"column":60}}],"line":35},"6":{"loc":{"start":{"line":38,"column":2},"end":{"line":38,"column":null}},"type":"if","locations":[{"start":{"line":38,"column":2},"end":{"line":38,"column":null}},{"start":{},"end":{}}],"line":38},"7":{"loc":{"start":{"line":48,"column":10},"end":{"line":48,"column":null}},"type":"if","locations":[{"start":{"line":48,"column":10},"end":{"line":48,"column":null}},{"start":{},"end":{}}],"line":48},"8":{"loc":{"start":{"line":49,"column":10},"end":{"line":53,"column":null}},"type":"if","locations":[{"start":{"line":49,"column":10},"end":{"line":53,"column":null}},{"start":{},"end":{}}],"line":49},"9":{"loc":{"start":{"line":51,"column":14},"end":{"line":51,"column":null}},"type":"if","locations":[{"start":{"line":51,"column":14},"end":{"line":51,"column":null}},{"start":{},"end":{}}],"line":51},"10":{"loc":{"start":{"line":51,"column":18},"end":{"line":51,"column":31}},"type":"binary-expr","locations":[{"start":{"line":51,"column":18},"end":{"line":51,"column":23}},{"start":{"line":51,"column":27},"end":{"line":51,"column":31}}],"line":51},"11":{"loc":{"start":{"line":66,"column":19},"end":{"line":66,"column":62}},"type":"binary-expr","locations":[{"start":{"line":66,"column":19},"end":{"line":66,"column":32}},{"start":{"line":66,"column":36},"end":{"line":66,"column":62}}],"line":66},"12":{"loc":{"start":{"line":69,"column":2},"end":{"line":69,"column":null}},"type":"if","locations":[{"start":{"line":69,"column":2},"end":{"line":69,"column":null}},{"start":{},"end":{}}],"line":69}},"s":{"0":0,"1":0,"2":0,"3":0,"4":0,"5":0,"6":0,"7":0,"8":0,"9":0,"10":0,"11":0,"12":0,"13":0,"14":0,"15":0,"16":0,"17":0,"18":0,"19":0,"20":0,"21":0,"22":0,"23":0,"24":0,"25":0,"26":0,"27":0,"28":0,"29":0,"30":0,"31":0,"32":0,"33":0,"34":0,"35":0,"36":0,"37":0,"38":0},"f":{"0":0,"1":0,"2":0,"3":0,"4":0,"5":0,"6":0,"7":0,"8":0,"9":0,"10":0,"11":0},"b":{"0":[0,0],"1":[0,0],"2":[0,0],"3":[0,0],"4":[0,0],"5":[0,0],"6":[0,0],"7":[0,0],"8":[0,0],"9":[0,0],"10":[0,0],"11":[0,0],"12":[0,0]},"meta":{"lastBranch":13,"lastFunction":12,"lastStatement":39,"seen":{"s:4:24:4:50":0,"s:5:15:5:24":1,"s:6:21:6:30":2,"f:8:22:8:34":0,"b:9:2:9:Infinity:undefined:undefined:undefined:undefined":0,"s:9:2:9:Infinity":3,"s:9:36:9:Infinity":4,"s:10:44:10:80":5,"b:11:2:13:Infinity:undefined:undefined:undefined:undefined":1,"s:11:2:13:Infinity":6,"s:12:4:12:Infinity":7,"s:14:17:14:60":8,"f:14:31:14:32":1,"s:14:38:14:59":9,"b:15:2:21:Infinity:undefined:undefined:undefined:undefined":2,"s:15:2:21:Infinity":10,"s:16:33:16:98":11,"b:17:4:20:Infinity:undefined:undefined:undefined:undefined":3,"s:17:4:20:Infinity":12,"b:17:8:17:17:17:21:17:66":4,"s:18:6:18:Infinity":13,"s:19:6:19:Infinity":14,"s:22:2:22:Infinity":15,"f:25:16:25:28":2,"s:26:19:26:71":16,"s:27:2:27:Infinity":17,"f:30:22:30:37":3,"s:31:2:31:Infinity":18,"s:32:20:37:6":19,"b:35:19:35:30:35:34:35:60":5,"b:38:2:38:Infinity:undefined:undefined:undefined:undefined":6,"s:38:2:38:Infinity":20,"s:38:13:38:Infinity":21,"s:39:2:39:Infinity":22,"f:42:16:42:28":4,"s:43:14:43:57":23,"s:44:2:58:Infinity":24,"f:45:4:45:10":5,"s:46:6:56:Infinity":25,"f:46:13:46:14":6,"s:47:8:55:Infinity":26,"f:47:40:47:41":7,"b:48:10:48:Infinity:undefined:undefined:undefined:undefined":7,"s:48:10:48:Infinity":27,"s:48:19:48:Infinity":28,"b:49:10:53:Infinity:undefined:undefined:undefined:undefined":8,"s:49:10:53:Infinity":29,"s:50:12:52:Infinity":30,"f:50:69:50:70":8,"b:51:14:51:Infinity:undefined:undefined:undefined:undefined":9,"s:51:14:51:Infinity":31,"b:51:18:51:23:51:27:51:31":10,"s:51:33:51:Infinity":32,"s:54:10:54:Infinity":33,"f:61:22:61:32":9,"s:62:2:62:Infinity":34,"s:63:20:68:6":35,"b:66:19:66:32:66:36:66:62":11,"b:69:2:69:Infinity:undefined:undefined:undefined:undefined":12,"s:69:2:69:Infinity":36,"s:69:13:69:Infinity":37,"f:72:22:72:34":10,"s:73:2:76:Infinity":38,"f:76:11:76:12":11},"fnNames":{}}}
}
