{"D:\\mt club1\\src\\App.jsx": {"path":"D:\\mt club1\\src\\App.jsx","statementMap":{"0":{"start":{"line":17,"column":6},"end":{"line":17,"column":null}},"1":{"start":{"line":17,"column":24},"end":{"line":17,"column":null}},"2":{"start":{"line":18,"column":6},"end":{"line":18,"column":null}},"3":{"start":{"line":18,"column":26},"end":{"line":18,"column":null}},"4":{"start":{"line":19,"column":6},"end":{"line":19,"column":null}},"5":{"start":{"line":19,"column":32},"end":{"line":19,"column":null}},"6":{"start":{"line":20,"column":6},"end":{"line":20,"column":null}},"7":{"start":{"line":20,"column":27},"end":{"line":20,"column":null}},"8":{"start":{"line":21,"column":6},"end":{"line":21,"column":null}},"9":{"start":{"line":21,"column":28},"end":{"line":21,"column":null}},"10":{"start":{"line":22,"column":6},"end":{"line":22,"column":null}},"11":{"start":{"line":22,"column":27},"end":{"line":22,"column":null}},"12":{"start":{"line":23,"column":6},"end":{"line":23,"column":null}},"13":{"start":{"line":23,"column":32},"end":{"line":23,"column":null}},"14":{"start":{"line":24,"column":6},"end":{"line":24,"column":null}},"15":{"start":{"line":24,"column":30},"end":{"line":24,"column":null}},"16":{"start":{"line":25,"column":6},"end":{"line":25,"column":null}},"17":{"start":{"line":25,"column":33},"end":{"line":25,"column":null}},"18":{"start":{"line":26,"column":6},"end":{"line":26,"column":null}},"19":{"start":{"line":26,"column":30},"end":{"line":26,"column":null}},"20":{"start":{"line":27,"column":6},"end":{"line":27,"column":null}},"21":{"start":{"line":27,"column":30},"end":{"line":27,"column":null}},"22":{"start":{"line":28,"column":6},"end":{"line":28,"column":null}},"23":{"start":{"line":28,"column":34},"end":{"line":28,"column":null}},"24":{"start":{"line":29,"column":6},"end":{"line":29,"column":null}},"25":{"start":{"line":29,"column":29},"end":{"line":29,"column":null}},"26":{"start":{"line":32,"column":2},"end":{"line":37,"column":null}},"27":{"start":{"line":42,"column":19},"end":{"line":42,"column":null}},"28":{"start":{"line":43,"column":26},"end":{"line":43,"column":null}},"29":{"start":{"line":44,"column":8},"end":{"line":44,"column":null}},"30":{"start":{"line":44,"column":41},"end":{"line":44,"column":58}},"31":{"start":{"line":45,"column":2},"end":{"line":45,"column":null}},"32":{"start":{"line":47,"column":15},"end":{"line":47,"column":null}},"33":{"start":{"line":48,"column":2},"end":{"line":48,"column":null}},"34":{"start":{"line":50,"column":2},"end":{"line":93,"column":null}},"35":{"start":{"line":98,"column":2},"end":{"line":105,"column":null}}},"fnMap":{"0":{"name":"(anonymous_0)","decl":{"start":{"line":17,"column":18},"end":{"line":17,"column":24}},"loc":{"start":{"line":17,"column":24},"end":{"line":17,"column":null}},"line":17},"1":{"name":"(anonymous_1)","decl":{"start":{"line":18,"column":20},"end":{"line":18,"column":26}},"loc":{"start":{"line":18,"column":26},"end":{"line":18,"column":null}},"line":18},"2":{"name":"(anonymous_2)","decl":{"start":{"line":19,"column":26},"end":{"line":19,"column":32}},"loc":{"start":{"line":19,"column":32},"end":{"line":19,"column":null}},"line":19},"3":{"name":"(anonymous_3)","decl":{"start":{"line":20,"column":21},"end":{"line":20,"column":27}},"loc":{"start":{"line":20,"column":27},"end":{"line":20,"column":null}},"line":20},"4":{"name":"(anonymous_4)","decl":{"start":{"line":21,"column":22},"end":{"line":21,"column":28}},"loc":{"start":{"line":21,"column":28},"end":{"line":21,"column":null}},"line":21},"5":{"name":"(anonymous_5)","decl":{"start":{"line":22,"column":21},"end":{"line":22,"column":27}},"loc":{"start":{"line":22,"column":27},"end":{"line":22,"column":null}},"line":22},"6":{"name":"(anonymous_6)","decl":{"start":{"line":23,"column":26},"end":{"line":23,"column":32}},"loc":{"start":{"line":23,"column":32},"end":{"line":23,"column":null}},"line":23},"7":{"name":"(anonymous_7)","decl":{"start":{"line":24,"column":24},"end":{"line":24,"column":30}},"loc":{"start":{"line":24,"column":30},"end":{"line":24,"column":null}},"line":24},"8":{"name":"(anonymous_8)","decl":{"start":{"line":25,"column":27},"end":{"line":25,"column":33}},"loc":{"start":{"line":25,"column":33},"end":{"line":25,"column":null}},"line":25},"9":{"name":"(anonymous_9)","decl":{"start":{"line":26,"column":24},"end":{"line":26,"column":30}},"loc":{"start":{"line":26,"column":30},"end":{"line":26,"column":null}},"line":26},"10":{"name":"(anonymous_10)","decl":{"start":{"line":27,"column":24},"end":{"line":27,"column":30}},"loc":{"start":{"line":27,"column":30},"end":{"line":27,"column":null}},"line":27},"11":{"name":"(anonymous_11)","decl":{"start":{"line":28,"column":28},"end":{"line":28,"column":34}},"loc":{"start":{"line":28,"column":34},"end":{"line":28,"column":null}},"line":28},"12":{"name":"(anonymous_12)","decl":{"start":{"line":29,"column":23},"end":{"line":29,"column":29}},"loc":{"start":{"line":29,"column":29},"end":{"line":29,"column":null}},"line":29},"13":{"name":"AppFallback","decl":{"start":{"line":31,"column":9},"end":{"line":31,"column":23}},"loc":{"start":{"line":31,"column":23},"end":{"line":39,"column":null}},"line":31},"14":{"name":"AppContent","decl":{"start":{"line":41,"column":9},"end":{"line":41,"column":22}},"loc":{"start":{"line":41,"column":22},"end":{"line":95,"column":null}},"line":41},"15":{"name":"(anonymous_15)","decl":{"start":{"line":44,"column":35},"end":{"line":44,"column":41}},"loc":{"start":{"line":44,"column":41},"end":{"line":44,"column":58}},"line":44},"16":{"name":"App","decl":{"start":{"line":97,"column":24},"end":{"line":97,"column":30}},"loc":{"start":{"line":97,"column":30},"end":{"line":107,"column":null}},"line":97}},"branchMap":{"0":{"loc":{"start":{"line":55,"column":22},"end":{"line":55,"column":null}},"type":"cond-expr","locations":[{"start":{"line":55,"column":31},"end":{"line":55,"column":53}},{"start":{"line":55,"column":53},"end":{"line":55,"column":null}}],"line":55},"1":{"loc":{"start":{"line":85,"column":9},"end":{"line":88,"column":null}},"type":"binary-expr","locations":[{"start":{"line":85,"column":9},"end":{"line":85,"column":null}},{"start":{"line":86,"column":10},"end":{"line":88,"column":null}}],"line":85}},"s":{"0":0,"1":0,"2":0,"3":0,"4":0,"5":0,"6":0,"7":0,"8":0,"9":0,"10":0,"11":0,"12":0,"13":0,"14":0,"15":0,"16":0,"17":0,"18":0,"19":0,"20":0,"21":0,"22":0,"23":0,"24":0,"25":0,"26":0,"27":0,"28":0,"29":0,"30":0,"31":0,"32":0,"33":0,"34":0,"35":0},"f":{"0":0,"1":0,"2":0,"3":0,"4":0,"5":0,"6":0,"7":0,"8":0,"9":0,"10":0,"11":0,"12":0,"13":0,"14":0,"15":0,"16":0},"b":{"0":[0,0],"1":[0,0]},"meta":{"lastBranch":2,"lastFunction":17,"lastStatement":36,"seen":{"s:17:6:17:Infinity":0,"f:17:18:17:24":0,"s:17:24:17:Infinity":1,"s:18:6:18:Infinity":2,"f:18:20:18:26":1,"s:18:26:18:Infinity":3,"s:19:6:19:Infinity":4,"f:19:26:19:32":2,"s:19:32:19:Infinity":5,"s:20:6:20:Infinity":6,"f:20:21:20:27":3,"s:20:27:20:Infinity":7,"s:21:6:21:Infinity":8,"f:21:22:21:28":4,"s:21:28:21:Infinity":9,"s:22:6:22:Infinity":10,"f:22:21:22:27":5,"s:22:27:22:Infinity":11,"s:23:6:23:Infinity":12,"f:23:26:23:32":6,"s:23:32:23:Infinity":13,"s:24:6:24:Infinity":14,"f:24:24:24:30":7,"s:24:30:24:Infinity":15,"s:25:6:25:Infinity":16,"f:25:27:25:33":8,"s:25:33:25:Infinity":17,"s:26:6:26:Infinity":18,"f:26:24:26:30":9,"s:26:30:26:Infinity":19,"s:27:6:27:Infinity":20,"f:27:24:27:30":10,"s:27:30:27:Infinity":21,"s:28:6:28:Infinity":22,"f:28:28:28:34":11,"s:28:34:28:Infinity":23,"s:29:6:29:Infinity":24,"f:29:23:29:29":12,"s:29:29:29:Infinity":25,"f:31:9:31:23":13,"s:32:2:37:Infinity":26,"f:41:9:41:22":14,"s:42:19:42:Infinity":27,"s:43:26:43:Infinity":28,"s:44:8:44:Infinity":29,"f:44:35:44:41":15,"s:44:41:44:58":30,"s:45:2:45:Infinity":31,"s:47:15:47:Infinity":32,"s:48:2:48:Infinity":33,"s:50:2:93:Infinity":34,"b:55:31:55:53:55:53:55:Infinity":0,"b:85:9:85:Infinity:86:10:88:Infinity":1,"f:97:24:97:30":16,"s:98:2:105:Infinity":35},"fnNames":{}}}
,"D:\\mt club1\\src\\components\\BottomNav.jsx": {"path":"D:\\mt club1\\src\\components\\BottomNav.jsx","statementMap":{"0":{"start":{"line":6,"column":13},"end":{"line":12,"column":null}},"1":{"start":{"line":14,"column":17},"end":{"line":14,"column":null}},"2":{"start":{"line":17,"column":15},"end":{"line":17,"column":null}},"3":{"start":{"line":18,"column":8},"end":{"line":18,"column":null}},"4":{"start":{"line":19,"column":8},"end":{"line":19,"column":null}},"5":{"start":{"line":21,"column":25},"end":{"line":21,"column":null}},"6":{"start":{"line":22,"column":18},"end":{"line":22,"column":null}},"7":{"start":{"line":24,"column":19},"end":{"line":27,"column":null}},"8":{"start":{"line":25,"column":4},"end":{"line":25,"column":null}},"9":{"start":{"line":25,"column":22},"end":{"line":25,"column":null}},"10":{"start":{"line":26,"column":4},"end":{"line":26,"column":null}},"11":{"start":{"line":29,"column":2},"end":{"line":77,"column":null}},"12":{"start":{"line":48,"column":25},"end":{"line":48,"column":null}},"13":{"start":{"line":49,"column":23},"end":{"line":49,"column":null}},"14":{"start":{"line":50,"column":10},"end":{"line":73,"column":null}},"15":{"start":{"line":53,"column":29},"end":{"line":53,"column":null}}},"fnMap":{"0":{"name":"BottomNav","decl":{"start":{"line":16,"column":24},"end":{"line":16,"column":36}},"loc":{"start":{"line":16,"column":36},"end":{"line":79,"column":null}},"line":16},"1":{"name":"(anonymous_1)","decl":{"start":{"line":24,"column":19},"end":{"line":24,"column":20}},"loc":{"start":{"line":24,"column":29},"end":{"line":27,"column":null}},"line":24},"2":{"name":"(anonymous_2)","decl":{"start":{"line":47,"column":21},"end":{"line":47,"column":22}},"loc":{"start":{"line":47,"column":30},"end":{"line":75,"column":9}},"line":47},"3":{"name":"(anonymous_3)","decl":{"start":{"line":53,"column":23},"end":{"line":53,"column":29}},"loc":{"start":{"line":53,"column":29},"end":{"line":53,"column":null}},"line":53}},"branchMap":{"0":{"loc":{"start":{"line":21,"column":25},"end":{"line":21,"column":null}},"type":"binary-expr","locations":[{"start":{"line":21,"column":25},"end":{"line":21,"column":51}},{"start":{"line":21,"column":51},"end":{"line":21,"column":null}}],"line":21},"1":{"loc":{"start":{"line":22,"column":18},"end":{"line":22,"column":null}},"type":"cond-expr","locations":[{"start":{"line":22,"column":35},"end":{"line":22,"column":57}},{"start":{"line":22,"column":57},"end":{"line":22,"column":null}}],"line":22},"2":{"loc":{"start":{"line":25,"column":4},"end":{"line":25,"column":null}},"type":"if","locations":[{"start":{"line":25,"column":4},"end":{"line":25,"column":null}},{"start":{},"end":{}}],"line":25},"3":{"loc":{"start":{"line":55,"column":16},"end":{"line":55,"column":null}},"type":"cond-expr","locations":[{"start":{"line":55,"column":25},"end":{"line":55,"column":43}},{"start":{"line":55,"column":43},"end":{"line":55,"column":null}}],"line":55},"4":{"loc":{"start":{"line":58,"column":28},"end":{"line":58,"column":null}},"type":"cond-expr","locations":[{"start":{"line":58,"column":37},"end":{"line":58,"column":46}},{"start":{"line":58,"column":46},"end":{"line":58,"column":null}}],"line":58},"5":{"loc":{"start":{"line":63,"column":29},"end":{"line":63,"column":null}},"type":"cond-expr","locations":[{"start":{"line":63,"column":38},"end":{"line":63,"column":44}},{"start":{"line":63,"column":44},"end":{"line":63,"column":null}}],"line":63},"6":{"loc":{"start":{"line":65,"column":18},"end":{"line":65,"column":null}},"type":"cond-expr","locations":[{"start":{"line":65,"column":27},"end":{"line":65,"column":73}},{"start":{"line":65,"column":73},"end":{"line":65,"column":null}}],"line":65},"7":{"loc":{"start":{"line":69,"column":16},"end":{"line":69,"column":null}},"type":"cond-expr","locations":[{"start":{"line":69,"column":25},"end":{"line":69,"column":43}},{"start":{"line":69,"column":43},"end":{"line":69,"column":null}}],"line":69}},"s":{"0":0,"1":0,"2":0,"3":0,"4":0,"5":0,"6":0,"7":0,"8":0,"9":0,"10":0,"11":0,"12":0,"13":0,"14":0,"15":0},"f":{"0":0,"1":0,"2":0,"3":0},"b":{"0":[0,0],"1":[0,0],"2":[0,0],"3":[0,0],"4":[0,0],"5":[0,0],"6":[0,0],"7":[0,0]},"meta":{"lastBranch":8,"lastFunction":4,"lastStatement":16,"seen":{"s:6:13:12:Infinity":0,"s:14:17:14:Infinity":1,"f:16:24:16:36":0,"s:17:15:17:Infinity":2,"s:18:8:18:Infinity":3,"s:19:8:19:Infinity":4,"s:21:25:21:Infinity":5,"b:21:25:21:51:21:51:21:Infinity":0,"s:22:18:22:Infinity":6,"b:22:35:22:57:22:57:22:Infinity":1,"s:24:19:27:Infinity":7,"f:24:19:24:20":1,"b:25:4:25:Infinity:undefined:undefined:undefined:undefined":2,"s:25:4:25:Infinity":8,"s:25:22:25:Infinity":9,"s:26:4:26:Infinity":10,"s:29:2:77:Infinity":11,"f:47:21:47:22":2,"s:48:25:48:Infinity":12,"s:49:23:49:Infinity":13,"s:50:10:73:Infinity":14,"f:53:23:53:29":3,"s:53:29:53:Infinity":15,"b:55:25:55:43:55:43:55:Infinity":3,"b:58:37:58:46:58:46:58:Infinity":4,"b:63:38:63:44:63:44:63:Infinity":5,"b:65:27:65:73:65:73:65:Infinity":6,"b:69:25:69:43:69:43:69:Infinity":7},"fnNames":{}}}
,"D:\\mt club1\\src\\components\\EmptyState.jsx": {"path":"D:\\mt club1\\src\\components\\EmptyState.jsx","statementMap":{"0":{"start":{"line":3,"column":14},"end":{"line":10,"column":null}},"1":{"start":{"line":19,"column":15},"end":{"line":19,"column":null}},"2":{"start":{"line":21,"column":2},"end":{"line":38,"column":null}}},"fnMap":{"0":{"name":"EmptyState","decl":{"start":{"line":12,"column":24},"end":{"line":12,"column":35}},"loc":{"start":{"line":18,"column":3},"end":{"line":40,"column":null}},"line":18}},"branchMap":{"0":{"loc":{"start":{"line":13,"column":2},"end":{"line":13,"column":null}},"type":"default-arg","locations":[{"start":{"line":13,"column":9},"end":{"line":13,"column":null}}],"line":13},"1":{"loc":{"start":{"line":14,"column":2},"end":{"line":14,"column":null}},"type":"default-arg","locations":[{"start":{"line":14,"column":10},"end":{"line":14,"column":null}}],"line":14},"2":{"loc":{"start":{"line":15,"column":2},"end":{"line":15,"column":null}},"type":"default-arg","locations":[{"start":{"line":15,"column":16},"end":{"line":15,"column":null}}],"line":15},"3":{"loc":{"start":{"line":19,"column":15},"end":{"line":19,"column":null}},"type":"binary-expr","locations":[{"start":{"line":19,"column":15},"end":{"line":19,"column":30}},{"start":{"line":19,"column":30},"end":{"line":19,"column":null}}],"line":19},"4":{"loc":{"start":{"line":27,"column":7},"end":{"line":28,"column":null}},"type":"binary-expr","locations":[{"start":{"line":27,"column":7},"end":{"line":27,"column":null}},{"start":{"line":28,"column":8},"end":{"line":28,"column":null}}],"line":27},"5":{"loc":{"start":{"line":30,"column":7},"end":{"line":36,"column":null}},"type":"binary-expr","locations":[{"start":{"line":30,"column":7},"end":{"line":30,"column":17}},{"start":{"line":30,"column":17},"end":{"line":30,"column":null}},{"start":{"line":31,"column":8},"end":{"line":36,"column":null}}],"line":30}},"s":{"0":1,"1":9,"2":9},"f":{"0":9},"b":{"0":[9],"1":[9],"2":[9],"3":[9,0],"4":[9,1],"5":[9,3,2]},"meta":{"lastBranch":6,"lastFunction":1,"lastStatement":3,"seen":{"s:3:14:10:Infinity":0,"f:12:24:12:35":0,"b:13:9:13:Infinity":0,"b:14:10:14:Infinity":1,"b:15:16:15:Infinity":2,"s:19:15:19:Infinity":1,"b:19:15:19:30:19:30:19:Infinity":3,"s:21:2:38:Infinity":2,"b:27:7:27:Infinity:28:8:28:Infinity":4,"b:30:7:30:17:30:17:30:Infinity:31:8:36:Infinity":5},"fnNames":{}}}
,"D:\\mt club1\\src\\components\\ErrorBoundary.jsx": {"path":"D:\\mt club1\\src\\components\\ErrorBoundary.jsx","statementMap":{"0":{"start":{"line":18,"column":16},"end":{"line":20,"column":null}},"1":{"start":{"line":6,"column":4},"end":{"line":6,"column":null}},"2":{"start":{"line":7,"column":4},"end":{"line":7,"column":null}},"3":{"start":{"line":11,"column":4},"end":{"line":11,"column":null}},"4":{"start":{"line":15,"column":4},"end":{"line":15,"column":null}},"5":{"start":{"line":19,"column":4},"end":{"line":19,"column":null}},"6":{"start":{"line":23,"column":4},"end":{"line":54,"column":null}},"7":{"start":{"line":24,"column":6},"end":{"line":52,"column":null}},"8":{"start":{"line":43,"column":16},"end":{"line":43,"column":null}},"9":{"start":{"line":44,"column":16},"end":{"line":44,"column":null}},"10":{"start":{"line":56,"column":4},"end":{"line":56,"column":null}}},"fnMap":{"0":{"name":"constructor","decl":{"start":{"line":5,"column":2},"end":{"line":5,"column":14}},"loc":{"start":{"line":5,"column":21},"end":{"line":8,"column":null}},"line":5},"1":{"name":"getDerivedStateFromError","decl":{"start":{"line":10,"column":9},"end":{"line":10,"column":34}},"loc":{"start":{"line":10,"column":41},"end":{"line":12,"column":null}},"line":10},"2":{"name":"componentDidCatch","decl":{"start":{"line":14,"column":2},"end":{"line":14,"column":20}},"loc":{"start":{"line":14,"column":38},"end":{"line":16,"column":null}},"line":14},"3":{"name":"(anonymous_3)","decl":{"start":{"line":18,"column":16},"end":{"line":18,"column":22}},"loc":{"start":{"line":18,"column":22},"end":{"line":20,"column":null}},"line":18},"4":{"name":"render","decl":{"start":{"line":22,"column":2},"end":{"line":22,"column":11}},"loc":{"start":{"line":22,"column":11},"end":{"line":57,"column":null}},"line":22},"5":{"name":"(anonymous_5)","decl":{"start":{"line":42,"column":23},"end":{"line":42,"column":29}},"loc":{"start":{"line":42,"column":29},"end":{"line":45,"column":null}},"line":42}},"branchMap":{"0":{"loc":{"start":{"line":23,"column":4},"end":{"line":54,"column":null}},"type":"if","locations":[{"start":{"line":23,"column":4},"end":{"line":54,"column":null}},{"start":{},"end":{}}],"line":23},"1":{"loc":{"start":{"line":34,"column":13},"end":{"line":39,"column":null}},"type":"binary-expr","locations":[{"start":{"line":34,"column":13},"end":{"line":34,"column":null}},{"start":{"line":35,"column":14},"end":{"line":39,"column":null}}],"line":34}},"s":{"0":1,"1":8,"2":8,"3":8,"4":4,"5":1,"6":17,"7":8,"8":1,"9":1,"10":9},"f":{"0":8,"1":1,"2":4,"3":1,"4":17,"5":1},"b":{"0":[8,9],"1":[8,8]},"meta":{"lastBranch":2,"lastFunction":6,"lastStatement":11,"seen":{"s:18:16:20:Infinity":0,"f:5:2:5:14":0,"s:6:4:6:Infinity":1,"s:7:4:7:Infinity":2,"f:10:9:10:34":1,"s:11:4:11:Infinity":3,"f:14:2:14:20":2,"s:15:4:15:Infinity":4,"f:18:16:18:22":3,"s:19:4:19:Infinity":5,"f:22:2:22:11":4,"b:23:4:54:Infinity:undefined:undefined:undefined:undefined":0,"s:23:4:54:Infinity":6,"s:24:6:52:Infinity":7,"b:34:13:34:Infinity:35:14:39:Infinity":1,"f:42:23:42:29":5,"s:43:16:43:Infinity":8,"s:44:16:44:Infinity":9,"s:56:4:56:Infinity":10},"fnNames":{}}}
,"D:\\mt club1\\src\\components\\Header.jsx": {"path":"D:\\mt club1\\src\\components\\Header.jsx","statementMap":{"0":{"start":{"line":8,"column":33},"end":{"line":8,"column":null}},"1":{"start":{"line":10,"column":18},"end":{"line":10,"column":null}},"2":{"start":{"line":11,"column":19},"end":{"line":11,"column":null}},"3":{"start":{"line":12,"column":25},"end":{"line":12,"column":null}},"4":{"start":{"line":14,"column":2},"end":{"line":54,"column":null}}},"fnMap":{"0":{"name":"Header","decl":{"start":{"line":7,"column":24},"end":{"line":7,"column":33}},"loc":{"start":{"line":7,"column":33},"end":{"line":56,"column":null}},"line":7}},"branchMap":{"0":{"loc":{"start":{"line":12,"column":25},"end":{"line":12,"column":null}},"type":"binary-expr","locations":[{"start":{"line":12,"column":25},"end":{"line":12,"column":36}},{"start":{"line":12,"column":36},"end":{"line":12,"column":null}}],"line":12},"1":{"loc":{"start":{"line":25,"column":9},"end":{"line":25,"column":null}},"type":"binary-expr","locations":[{"start":{"line":25,"column":9},"end":{"line":25,"column":27}},{"start":{"line":25,"column":27},"end":{"line":25,"column":null}}],"line":25},"2":{"loc":{"start":{"line":29,"column":9},"end":{"line":51,"column":null}},"type":"cond-expr","locations":[{"start":{"line":30,"column":10},"end":{"line":30,"column":null}},{"start":{"line":32,"column":10},"end":{"line":51,"column":null}}],"line":29},"3":{"loc":{"start":{"line":33,"column":92},"end":{"line":33,"column":115}},"type":"binary-expr","locations":[{"start":{"line":33,"column":92},"end":{"line":33,"column":105}},{"start":{"line":33,"column":105},"end":{"line":33,"column":115}}],"line":33},"4":{"loc":{"start":{"line":35,"column":17},"end":{"line":38,"column":null}},"type":"cond-expr","locations":[{"start":{"line":36,"column":18},"end":{"line":36,"column":null}},{"start":{"line":38,"column":18},"end":{"line":38,"column":null}}],"line":35},"5":{"loc":{"start":{"line":42,"column":104},"end":{"line":42,"column":128}},"type":"binary-expr","locations":[{"start":{"line":42,"column":104},"end":{"line":42,"column":117}},{"start":{"line":42,"column":117},"end":{"line":42,"column":128}}],"line":42},"6":{"loc":{"start":{"line":48,"column":67},"end":{"line":48,"column":84}},"type":"binary-expr","locations":[{"start":{"line":48,"column":67},"end":{"line":48,"column":82}},{"start":{"line":48,"column":82},"end":{"line":48,"column":84}}],"line":48}},"s":{"0":0,"1":0,"2":0,"3":0,"4":0},"f":{"0":0},"b":{"0":[0,0],"1":[0,0],"2":[0,0],"3":[0,0],"4":[0,0],"5":[0,0],"6":[0,0]},"meta":{"lastBranch":7,"lastFunction":1,"lastStatement":5,"seen":{"f:7:24:7:33":0,"s:8:33:8:Infinity":0,"s:10:18:10:Infinity":1,"s:11:19:11:Infinity":2,"s:12:25:12:Infinity":3,"b:12:25:12:36:12:36:12:Infinity":0,"s:14:2:54:Infinity":4,"b:25:9:25:27:25:27:25:Infinity":1,"b:30:10:30:Infinity:32:10:51:Infinity":2,"b:33:92:33:105:33:105:33:115":3,"b:36:18:36:Infinity:38:18:38:Infinity":4,"b:42:104:42:117:42:117:42:128":5,"b:48:67:48:82:48:82:48:84":6},"fnNames":{}}}
,"D:\\mt club1\\src\\components\\Hero.jsx": {"path":"D:\\mt club1\\src\\components\\Hero.jsx","statementMap":{"0":{"start":{"line":7,"column":13},"end":{"line":63,"column":null}},"1":{"start":{"line":8,"column":19},"end":{"line":8,"column":null}},"2":{"start":{"line":9,"column":8},"end":{"line":9,"column":null}},"3":{"start":{"line":11,"column":2},"end":{"line":61,"column":null}},"4":{"start":{"line":21,"column":33},"end":{"line":21,"column":54}},"5":{"start":{"line":53,"column":33},"end":{"line":53,"column":54}}},"fnMap":{"0":{"name":"(anonymous_0)","decl":{"start":{"line":7,"column":13},"end":{"line":7,"column":14}},"loc":{"start":{"line":7,"column":31},"end":{"line":63,"column":null}},"line":7},"1":{"name":"(anonymous_1)","decl":{"start":{"line":21,"column":27},"end":{"line":21,"column":33}},"loc":{"start":{"line":21,"column":33},"end":{"line":21,"column":54}},"line":21},"2":{"name":"(anonymous_2)","decl":{"start":{"line":53,"column":27},"end":{"line":53,"column":33}},"loc":{"start":{"line":53,"column":33},"end":{"line":53,"column":54}},"line":53}},"branchMap":{},"s":{"0":0,"1":0,"2":0,"3":0,"4":0,"5":0},"f":{"0":0,"1":0,"2":0},"b":{},"meta":{"lastBranch":0,"lastFunction":3,"lastStatement":6,"seen":{"s:7:13:63:Infinity":0,"f:7:13:7:14":0,"s:8:19:8:Infinity":1,"s:9:8:9:Infinity":2,"s:11:2:61:Infinity":3,"f:21:27:21:33":1,"s:21:33:21:54":4,"f:53:27:53:33":2,"s:53:33:53:54":5},"fnNames":{}}}
,"D:\\mt club1\\src\\components\\ImageViewer.jsx": {"path":"D:\\mt club1\\src\\components\\ImageViewer.jsx","statementMap":{"0":{"start":{"line":5,"column":24},"end":{"line":5,"column":null}},"1":{"start":{"line":6,"column":22},"end":{"line":6,"column":null}},"2":{"start":{"line":7,"column":22},"end":{"line":7,"column":null}},"3":{"start":{"line":8,"column":30},"end":{"line":8,"column":null}},"4":{"start":{"line":9,"column":8},"end":{"line":9,"column":null}},"5":{"start":{"line":10,"column":8},"end":{"line":10,"column":null}},"6":{"start":{"line":11,"column":8},"end":{"line":11,"column":null}},"7":{"start":{"line":12,"column":28},"end":{"line":12,"column":null}},"8":{"start":{"line":13,"column":36},"end":{"line":13,"column":null}},"9":{"start":{"line":15,"column":18},"end":{"line":15,"column":null}},"10":{"start":{"line":17,"column":8},"end":{"line":19,"column":null}},"11":{"start":{"line":18,"column":4},"end":{"line":18,"column":null}},"12":{"start":{"line":18,"column":37},"end":{"line":18,"column":59}},"13":{"start":{"line":18,"column":51},"end":{"line":18,"column":56}},"14":{"start":{"line":18,"column":59},"end":{"line":18,"column":71}},"15":{"start":{"line":18,"column":71},"end":{"line":18,"column":96}},"16":{"start":{"line":21,"column":8},"end":{"line":23,"column":null}},"17":{"start":{"line":22,"column":4},"end":{"line":22,"column":null}},"18":{"start":{"line":22,"column":21},"end":{"line":22,"column":43}},"19":{"start":{"line":22,"column":35},"end":{"line":22,"column":40}},"20":{"start":{"line":22,"column":43},"end":{"line":22,"column":55}},"21":{"start":{"line":22,"column":55},"end":{"line":22,"column":80}},"22":{"start":{"line":25,"column":21},"end":{"line":28,"column":null}},"23":{"start":{"line":26,"column":4},"end":{"line":26,"column":null}},"24":{"start":{"line":26,"column":17},"end":{"line":26,"column":32}},"25":{"start":{"line":27,"column":4},"end":{"line":27,"column":null}},"26":{"start":{"line":30,"column":2},"end":{"line":40,"column":null}},"27":{"start":{"line":31,"column":20},"end":{"line":37,"column":null}},"28":{"start":{"line":32,"column":6},"end":{"line":32,"column":null}},"29":{"start":{"line":32,"column":30},"end":{"line":32,"column":null}},"30":{"start":{"line":33,"column":6},"end":{"line":33,"column":null}},"31":{"start":{"line":33,"column":34},"end":{"line":33,"column":null}},"32":{"start":{"line":34,"column":6},"end":{"line":34,"column":null}},"33":{"start":{"line":34,"column":33},"end":{"line":34,"column":null}},"34":{"start":{"line":35,"column":6},"end":{"line":35,"column":null}},"35":{"start":{"line":35,"column":42},"end":{"line":35,"column":null}},"36":{"start":{"line":35,"column":55},"end":{"line":35,"column":75}},"37":{"start":{"line":36,"column":6},"end":{"line":36,"column":null}},"38":{"start":{"line":36,"column":25},"end":{"line":36,"column":null}},"39":{"start":{"line":36,"column":38},"end":{"line":36,"column":58}},"40":{"start":{"line":38,"column":4},"end":{"line":38,"column":null}},"41":{"start":{"line":39,"column":4},"end":{"line":39,"column":null}},"42":{"start":{"line":39,"column":17},"end":{"line":39,"column":null}},"43":{"start":{"line":42,"column":22},"end":{"line":48,"column":null}},"44":{"start":{"line":43,"column":4},"end":{"line":43,"column":null}},"45":{"start":{"line":44,"column":4},"end":{"line":47,"column":null}},"46":{"start":{"line":45,"column":19},"end":{"line":45,"column":null}},"47":{"start":{"line":46,"column":6},"end":{"line":46,"column":null}},"48":{"start":{"line":50,"column":26},"end":{"line":55,"column":null}},"49":{"start":{"line":51,"column":4},"end":{"line":54,"column":null}},"50":{"start":{"line":52,"column":6},"end":{"line":52,"column":null}},"51":{"start":{"line":53,"column":6},"end":{"line":53,"column":null}},"52":{"start":{"line":57,"column":26},"end":{"line":61,"column":null}},"53":{"start":{"line":58,"column":4},"end":{"line":60,"column":null}},"54":{"start":{"line":59,"column":6},"end":{"line":59,"column":null}},"55":{"start":{"line":63,"column":24},"end":{"line":63,"column":null}},"56":{"start":{"line":63,"column":30},"end":{"line":63,"column":null}},"57":{"start":{"line":65,"column":27},"end":{"line":69,"column":null}},"58":{"start":{"line":66,"column":4},"end":{"line":66,"column":null}},"59":{"start":{"line":66,"column":18},"end":{"line":66,"column":null}},"60":{"start":{"line":67,"column":4},"end":{"line":67,"column":null}},"61":{"start":{"line":68,"column":4},"end":{"line":68,"column":null}},"62":{"start":{"line":71,"column":26},"end":{"line":75,"column":null}},"63":{"start":{"line":72,"column":4},"end":{"line":72,"column":null}},"64":{"start":{"line":72,"column":18},"end":{"line":72,"column":null}},"65":{"start":{"line":73,"column":15},"end":{"line":73,"column":null}},"66":{"start":{"line":74,"column":4},"end":{"line":74,"column":null}},"67":{"start":{"line":77,"column":25},"end":{"line":85,"column":null}},"68":{"start":{"line":78,"column":4},"end":{"line":78,"column":null}},"69":{"start":{"line":78,"column":18},"end":{"line":78,"column":null}},"70":{"start":{"line":79,"column":4},"end":{"line":82,"column":null}},"71":{"start":{"line":80,"column":6},"end":{"line":81,"column":null}},"72":{"start":{"line":80,"column":27},"end":{"line":80,"column":null}},"73":{"start":{"line":81,"column":11},"end":{"line":81,"column":null}},"74":{"start":{"line":83,"column":4},"end":{"line":83,"column":null}},"75":{"start":{"line":84,"column":4},"end":{"line":84,"column":null}},"76":{"start":{"line":87,"column":2},"end":{"line":87,"column":null}},"77":{"start":{"line":87,"column":16},"end":{"line":87,"column":null}},"78":{"start":{"line":89,"column":2},"end":{"line":145,"column":null}},"79":{"start":{"line":95,"column":31},"end":{"line":95,"column":67}},"80":{"start":{"line":95,"column":44},"end":{"line":95,"column":64}},"81":{"start":{"line":98,"column":31},"end":{"line":98,"column":67}},"82":{"start":{"line":98,"column":44},"end":{"line":98,"column":64}}},"fnMap":{"0":{"name":"ImageViewer","decl":{"start":{"line":4,"column":24},"end":{"line":4,"column":36}},"loc":{"start":{"line":4,"column":71},"end":{"line":147,"column":null}},"line":4},"1":{"name":"(anonymous_1)","decl":{"start":{"line":17,"column":29},"end":{"line":17,"column":35}},"loc":{"start":{"line":17,"column":35},"end":{"line":19,"column":5}},"line":17},"2":{"name":"(anonymous_2)","decl":{"start":{"line":18,"column":46},"end":{"line":18,"column":51}},"loc":{"start":{"line":18,"column":51},"end":{"line":18,"column":56}},"line":18},"3":{"name":"(anonymous_3)","decl":{"start":{"line":21,"column":29},"end":{"line":21,"column":35}},"loc":{"start":{"line":21,"column":35},"end":{"line":23,"column":5}},"line":21},"4":{"name":"(anonymous_4)","decl":{"start":{"line":22,"column":30},"end":{"line":22,"column":35}},"loc":{"start":{"line":22,"column":35},"end":{"line":22,"column":40}},"line":22},"5":{"name":"(anonymous_5)","decl":{"start":{"line":25,"column":21},"end":{"line":25,"column":27}},"loc":{"start":{"line":25,"column":27},"end":{"line":28,"column":null}},"line":25},"6":{"name":"(anonymous_6)","decl":{"start":{"line":26,"column":12},"end":{"line":26,"column":17}},"loc":{"start":{"line":26,"column":17},"end":{"line":26,"column":32}},"line":26},"7":{"name":"(anonymous_7)","decl":{"start":{"line":30,"column":12},"end":{"line":30,"column":18}},"loc":{"start":{"line":30,"column":18},"end":{"line":40,"column":5}},"line":30},"8":{"name":"(anonymous_8)","decl":{"start":{"line":31,"column":20},"end":{"line":31,"column":21}},"loc":{"start":{"line":31,"column":27},"end":{"line":37,"column":null}},"line":31},"9":{"name":"(anonymous_9)","decl":{"start":{"line":35,"column":50},"end":{"line":35,"column":55}},"loc":{"start":{"line":35,"column":55},"end":{"line":35,"column":75}},"line":35},"10":{"name":"(anonymous_10)","decl":{"start":{"line":36,"column":33},"end":{"line":36,"column":38}},"loc":{"start":{"line":36,"column":38},"end":{"line":36,"column":58}},"line":36},"11":{"name":"(anonymous_11)","decl":{"start":{"line":39,"column":11},"end":{"line":39,"column":17}},"loc":{"start":{"line":39,"column":17},"end":{"line":39,"column":null}},"line":39},"12":{"name":"(anonymous_12)","decl":{"start":{"line":42,"column":22},"end":{"line":42,"column":23}},"loc":{"start":{"line":42,"column":29},"end":{"line":48,"column":null}},"line":42},"13":{"name":"(anonymous_13)","decl":{"start":{"line":44,"column":12},"end":{"line":44,"column":17}},"loc":{"start":{"line":44,"column":17},"end":{"line":47,"column":5}},"line":44},"14":{"name":"(anonymous_14)","decl":{"start":{"line":50,"column":26},"end":{"line":50,"column":27}},"loc":{"start":{"line":50,"column":33},"end":{"line":55,"column":null}},"line":50},"15":{"name":"(anonymous_15)","decl":{"start":{"line":57,"column":26},"end":{"line":57,"column":27}},"loc":{"start":{"line":57,"column":33},"end":{"line":61,"column":null}},"line":57},"16":{"name":"(anonymous_16)","decl":{"start":{"line":63,"column":24},"end":{"line":63,"column":30}},"loc":{"start":{"line":63,"column":30},"end":{"line":63,"column":null}},"line":63},"17":{"name":"(anonymous_17)","decl":{"start":{"line":65,"column":27},"end":{"line":65,"column":28}},"loc":{"start":{"line":65,"column":34},"end":{"line":69,"column":null}},"line":65},"18":{"name":"(anonymous_18)","decl":{"start":{"line":71,"column":26},"end":{"line":71,"column":27}},"loc":{"start":{"line":71,"column":33},"end":{"line":75,"column":null}},"line":71},"19":{"name":"(anonymous_19)","decl":{"start":{"line":77,"column":25},"end":{"line":77,"column":31}},"loc":{"start":{"line":77,"column":31},"end":{"line":85,"column":null}},"line":77},"20":{"name":"(anonymous_20)","decl":{"start":{"line":95,"column":25},"end":{"line":95,"column":31}},"loc":{"start":{"line":95,"column":31},"end":{"line":95,"column":67}},"line":95},"21":{"name":"(anonymous_21)","decl":{"start":{"line":95,"column":39},"end":{"line":95,"column":44}},"loc":{"start":{"line":95,"column":44},"end":{"line":95,"column":64}},"line":95},"22":{"name":"(anonymous_22)","decl":{"start":{"line":98,"column":25},"end":{"line":98,"column":31}},"loc":{"start":{"line":98,"column":31},"end":{"line":98,"column":67}},"line":98},"23":{"name":"(anonymous_23)","decl":{"start":{"line":98,"column":39},"end":{"line":98,"column":44}},"loc":{"start":{"line":98,"column":44},"end":{"line":98,"column":64}},"line":98}},"branchMap":{"0":{"loc":{"start":{"line":18,"column":4},"end":{"line":18,"column":null}},"type":"if","locations":[{"start":{"line":18,"column":4},"end":{"line":18,"column":null}},{"start":{},"end":{}}],"line":18},"1":{"loc":{"start":{"line":22,"column":4},"end":{"line":22,"column":null}},"type":"if","locations":[{"start":{"line":22,"column":4},"end":{"line":22,"column":null}},{"start":{},"end":{}}],"line":22},"2":{"loc":{"start":{"line":26,"column":17},"end":{"line":26,"column":32}},"type":"cond-expr","locations":[{"start":{"line":26,"column":27},"end":{"line":26,"column":31}},{"start":{"line":26,"column":31},"end":{"line":26,"column":32}}],"line":26},"3":{"loc":{"start":{"line":32,"column":6},"end":{"line":32,"column":null}},"type":"if","locations":[{"start":{"line":32,"column":6},"end":{"line":32,"column":null}},{"start":{},"end":{}}],"line":32},"4":{"loc":{"start":{"line":33,"column":6},"end":{"line":33,"column":null}},"type":"if","locations":[{"start":{"line":33,"column":6},"end":{"line":33,"column":null}},{"start":{},"end":{}}],"line":33},"5":{"loc":{"start":{"line":34,"column":6},"end":{"line":34,"column":null}},"type":"if","locations":[{"start":{"line":34,"column":6},"end":{"line":34,"column":null}},{"start":{},"end":{}}],"line":34},"6":{"loc":{"start":{"line":35,"column":6},"end":{"line":35,"column":null}},"type":"if","locations":[{"start":{"line":35,"column":6},"end":{"line":35,"column":null}},{"start":{},"end":{}}],"line":35},"7":{"loc":{"start":{"line":35,"column":10},"end":{"line":35,"column":42}},"type":"binary-expr","locations":[{"start":{"line":35,"column":10},"end":{"line":35,"column":27}},{"start":{"line":35,"column":27},"end":{"line":35,"column":42}}],"line":35},"8":{"loc":{"start":{"line":36,"column":6},"end":{"line":36,"column":null}},"type":"if","locations":[{"start":{"line":36,"column":6},"end":{"line":36,"column":null}},{"start":{},"end":{}}],"line":36},"9":{"loc":{"start":{"line":45,"column":19},"end":{"line":45,"column":null}},"type":"cond-expr","locations":[{"start":{"line":45,"column":34},"end":{"line":45,"column":44}},{"start":{"line":45,"column":44},"end":{"line":45,"column":null}}],"line":45},"10":{"loc":{"start":{"line":51,"column":4},"end":{"line":54,"column":null}},"type":"if","locations":[{"start":{"line":51,"column":4},"end":{"line":54,"column":null}},{"start":{},"end":{}}],"line":51},"11":{"loc":{"start":{"line":58,"column":4},"end":{"line":60,"column":null}},"type":"if","locations":[{"start":{"line":58,"column":4},"end":{"line":60,"column":null}},{"start":{},"end":{}}],"line":58},"12":{"loc":{"start":{"line":58,"column":8},"end":{"line":58,"column":30}},"type":"binary-expr","locations":[{"start":{"line":58,"column":8},"end":{"line":58,"column":20}},{"start":{"line":58,"column":20},"end":{"line":58,"column":30}}],"line":58},"13":{"loc":{"start":{"line":66,"column":4},"end":{"line":66,"column":null}},"type":"if","locations":[{"start":{"line":66,"column":4},"end":{"line":66,"column":null}},{"start":{},"end":{}}],"line":66},"14":{"loc":{"start":{"line":72,"column":4},"end":{"line":72,"column":null}},"type":"if","locations":[{"start":{"line":72,"column":4},"end":{"line":72,"column":null}},{"start":{},"end":{}}],"line":72},"15":{"loc":{"start":{"line":78,"column":4},"end":{"line":78,"column":null}},"type":"if","locations":[{"start":{"line":78,"column":4},"end":{"line":78,"column":null}},{"start":{},"end":{}}],"line":78},"16":{"loc":{"start":{"line":79,"column":4},"end":{"line":82,"column":null}},"type":"if","locations":[{"start":{"line":79,"column":4},"end":{"line":82,"column":null}},{"start":{},"end":{}}],"line":79},"17":{"loc":{"start":{"line":80,"column":6},"end":{"line":81,"column":null}},"type":"if","locations":[{"start":{"line":80,"column":6},"end":{"line":81,"column":null}},{"start":{"line":81,"column":11},"end":{"line":81,"column":null}}],"line":80},"18":{"loc":{"start":{"line":87,"column":2},"end":{"line":87,"column":null}},"type":"if","locations":[{"start":{"line":87,"column":2},"end":{"line":87,"column":null}},{"start":{},"end":{}}],"line":87},"19":{"loc":{"start":{"line":110,"column":7},"end":{"line":113,"column":null}},"type":"binary-expr","locations":[{"start":{"line":110,"column":7},"end":{"line":110,"column":null}},{"start":{"line":111,"column":8},"end":{"line":113,"column":null}}],"line":110},"20":{"loc":{"start":{"line":115,"column":7},"end":{"line":118,"column":null}},"type":"binary-expr","locations":[{"start":{"line":115,"column":7},"end":{"line":115,"column":null}},{"start":{"line":116,"column":8},"end":{"line":118,"column":null}}],"line":115},"21":{"loc":{"start":{"line":123,"column":25},"end":{"line":123,"column":81}},"type":"cond-expr","locations":[{"start":{"line":123,"column":37},"end":{"line":123,"column":71}},{"start":{"line":123,"column":71},"end":{"line":123,"column":81}}],"line":123},"22":{"loc":{"start":{"line":123,"column":37},"end":{"line":123,"column":71}},"type":"cond-expr","locations":[{"start":{"line":123,"column":48},"end":{"line":123,"column":61}},{"start":{"line":123,"column":61},"end":{"line":123,"column":71}}],"line":123},"23":{"loc":{"start":{"line":134,"column":15},"end":{"line":134,"column":null}},"type":"binary-expr","locations":[{"start":{"line":134,"column":15},"end":{"line":134,"column":35}},{"start":{"line":134,"column":35},"end":{"line":134,"column":null}}],"line":134},"24":{"loc":{"start":{"line":139,"column":24},"end":{"line":139,"column":null}},"type":"cond-expr","locations":[{"start":{"line":139,"column":46},"end":{"line":139,"column":55}},{"start":{"line":139,"column":55},"end":{"line":139,"column":null}}],"line":139},"25":{"loc":{"start":{"line":139,"column":24},"end":{"line":139,"column":46}},"type":"binary-expr","locations":[{"start":{"line":139,"column":24},"end":{"line":139,"column":36}},{"start":{"line":139,"column":36},"end":{"line":139,"column":46}}],"line":139}},"s":{"0":0,"1":0,"2":0,"3":0,"4":0,"5":0,"6":0,"7":0,"8":0,"9":0,"10":0,"11":0,"12":0,"13":0,"14":0,"15":0,"16":0,"17":0,"18":0,"19":0,"20":0,"21":0,"22":0,"23":0,"24":0,"25":0,"26":0,"27":0,"28":0,"29":0,"30":0,"31":0,"32":0,"33":0,"34":0,"35":0,"36":0,"37":0,"38":0,"39":0,"40":0,"41":0,"42":0,"43":0,"44":0,"45":0,"46":0,"47":0,"48":0,"49":0,"50":0,"51":0,"52":0,"53":0,"54":0,"55":0,"56":0,"57":0,"58":0,"59":0,"60":0,"61":0,"62":0,"63":0,"64":0,"65":0,"66":0,"67":0,"68":0,"69":0,"70":0,"71":0,"72":0,"73":0,"74":0,"75":0,"76":0,"77":0,"78":0,"79":0,"80":0,"81":0,"82":0},"f":{"0":0,"1":0,"2":0,"3":0,"4":0,"5":0,"6":0,"7":0,"8":0,"9":0,"10":0,"11":0,"12":0,"13":0,"14":0,"15":0,"16":0,"17":0,"18":0,"19":0,"20":0,"21":0,"22":0,"23":0},"b":{"0":[0,0],"1":[0,0],"2":[0,0],"3":[0,0],"4":[0,0],"5":[0,0],"6":[0,0],"7":[0,0],"8":[0,0],"9":[0,0],"10":[0,0],"11":[0,0],"12":[0,0],"13":[0,0],"14":[0,0],"15":[0,0],"16":[0,0],"17":[0,0],"18":[0,0],"19":[0,0],"20":[0,0],"21":[0,0],"22":[0,0],"23":[0,0],"24":[0,0],"25":[0,0]},"meta":{"lastBranch":26,"lastFunction":24,"lastStatement":83,"seen":{"f:4:24:4:36":0,"s:5:24:5:Infinity":0,"s:6:22:6:Infinity":1,"s:7:22:7:Infinity":2,"s:8:30:8:Infinity":3,"s:9:8:9:Infinity":4,"s:10:8:10:Infinity":5,"s:11:8:11:Infinity":6,"s:12:28:12:Infinity":7,"s:13:36:13:Infinity":8,"s:15:18:15:Infinity":9,"s:17:8:19:Infinity":10,"f:17:29:17:35":1,"b:18:4:18:Infinity:undefined:undefined:undefined:undefined":0,"s:18:4:18:Infinity":11,"s:18:37:18:59":12,"f:18:46:18:51":2,"s:18:51:18:56":13,"s:18:59:18:71":14,"s:18:71:18:96":15,"s:21:8:23:Infinity":16,"f:21:29:21:35":3,"b:22:4:22:Infinity:undefined:undefined:undefined:undefined":1,"s:22:4:22:Infinity":17,"s:22:21:22:43":18,"f:22:30:22:35":4,"s:22:35:22:40":19,"s:22:43:22:55":20,"s:22:55:22:80":21,"s:25:21:28:Infinity":22,"f:25:21:25:27":5,"s:26:4:26:Infinity":23,"f:26:12:26:17":6,"s:26:17:26:32":24,"b:26:27:26:31:26:31:26:32":2,"s:27:4:27:Infinity":25,"s:30:2:40:Infinity":26,"f:30:12:30:18":7,"s:31:20:37:Infinity":27,"f:31:20:31:21":8,"b:32:6:32:Infinity:undefined:undefined:undefined:undefined":3,"s:32:6:32:Infinity":28,"s:32:30:32:Infinity":29,"b:33:6:33:Infinity:undefined:undefined:undefined:undefined":4,"s:33:6:33:Infinity":30,"s:33:34:33:Infinity":31,"b:34:6:34:Infinity:undefined:undefined:undefined:undefined":5,"s:34:6:34:Infinity":32,"s:34:33:34:Infinity":33,"b:35:6:35:Infinity:undefined:undefined:undefined:undefined":6,"s:35:6:35:Infinity":34,"b:35:10:35:27:35:27:35:42":7,"s:35:42:35:Infinity":35,"f:35:50:35:55":9,"s:35:55:35:75":36,"b:36:6:36:Infinity:undefined:undefined:undefined:undefined":8,"s:36:6:36:Infinity":37,"s:36:25:36:Infinity":38,"f:36:33:36:38":10,"s:36:38:36:58":39,"s:38:4:38:Infinity":40,"s:39:4:39:Infinity":41,"f:39:11:39:17":11,"s:39:17:39:Infinity":42,"s:42:22:48:Infinity":43,"f:42:22:42:23":12,"s:43:4:43:Infinity":44,"s:44:4:47:Infinity":45,"f:44:12:44:17":13,"s:45:19:45:Infinity":46,"b:45:34:45:44:45:44:45:Infinity":9,"s:46:6:46:Infinity":47,"s:50:26:55:Infinity":48,"f:50:26:50:27":14,"b:51:4:54:Infinity:undefined:undefined:undefined:undefined":10,"s:51:4:54:Infinity":49,"s:52:6:52:Infinity":50,"s:53:6:53:Infinity":51,"s:57:26:61:Infinity":52,"f:57:26:57:27":15,"b:58:4:60:Infinity:undefined:undefined:undefined:undefined":11,"s:58:4:60:Infinity":53,"b:58:8:58:20:58:20:58:30":12,"s:59:6:59:Infinity":54,"s:63:24:63:Infinity":55,"f:63:24:63:30":16,"s:63:30:63:Infinity":56,"s:65:27:69:Infinity":57,"f:65:27:65:28":17,"b:66:4:66:Infinity:undefined:undefined:undefined:undefined":13,"s:66:4:66:Infinity":58,"s:66:18:66:Infinity":59,"s:67:4:67:Infinity":60,"s:68:4:68:Infinity":61,"s:71:26:75:Infinity":62,"f:71:26:71:27":18,"b:72:4:72:Infinity:undefined:undefined:undefined:undefined":14,"s:72:4:72:Infinity":63,"s:72:18:72:Infinity":64,"s:73:15:73:Infinity":65,"s:74:4:74:Infinity":66,"s:77:25:85:Infinity":67,"f:77:25:77:31":19,"b:78:4:78:Infinity:undefined:undefined:undefined:undefined":15,"s:78:4:78:Infinity":68,"s:78:18:78:Infinity":69,"b:79:4:82:Infinity:undefined:undefined:undefined:undefined":16,"s:79:4:82:Infinity":70,"b:80:6:81:Infinity:81:11:81:Infinity":17,"s:80:6:81:Infinity":71,"s:80:27:80:Infinity":72,"s:81:11:81:Infinity":73,"s:83:4:83:Infinity":74,"s:84:4:84:Infinity":75,"b:87:2:87:Infinity:undefined:undefined:undefined:undefined":18,"s:87:2:87:Infinity":76,"s:87:16:87:Infinity":77,"s:89:2:145:Infinity":78,"f:95:25:95:31":20,"s:95:31:95:67":79,"f:95:39:95:44":21,"s:95:44:95:64":80,"f:98:25:98:31":22,"s:98:31:98:67":81,"f:98:39:98:44":23,"s:98:44:98:64":82,"b:110:7:110:Infinity:111:8:113:Infinity":19,"b:115:7:115:Infinity:116:8:118:Infinity":20,"b:123:37:123:71:123:71:123:81":21,"b:123:48:123:61:123:61:123:71":22,"b:134:15:134:35:134:35:134:Infinity":23,"b:139:46:139:55:139:55:139:Infinity":24,"b:139:24:139:36:139:36:139:46":25},"fnNames":{}}}
,"D:\\mt club1\\src\\components\\LoadingPage.jsx": {"path":"D:\\mt club1\\src\\components\\LoadingPage.jsx","statementMap":{"0":{"start":{"line":1,"column":20},"end":{"line":27,"column":null}},"1":{"start":{"line":2,"column":2},"end":{"line":25,"column":null}}},"fnMap":{"0":{"name":"(anonymous_0)","decl":{"start":{"line":1,"column":20},"end":{"line":1,"column":26}},"loc":{"start":{"line":1,"column":26},"end":{"line":27,"column":null}},"line":1}},"branchMap":{},"s":{"0":0,"1":0},"f":{"0":0},"b":{},"meta":{"lastBranch":0,"lastFunction":1,"lastStatement":2,"seen":{"s:1:20:27:Infinity":0,"f:1:20:1:26":0,"s:2:2:25:Infinity":1},"fnNames":{}}}
,"D:\\mt club1\\src\\components\\LoadingScreen.jsx": {"path":"D:\\mt club1\\src\\components\\LoadingScreen.jsx","statementMap":{"0":{"start":{"line":4,"column":24},"end":{"line":4,"column":null}},"1":{"start":{"line":6,"column":2},"end":{"line":20,"column":null}},"2":{"start":{"line":7,"column":23},"end":{"line":9,"column":null}},"3":{"start":{"line":8,"column":6},"end":{"line":8,"column":null}},"4":{"start":{"line":11,"column":19},"end":{"line":14,"column":null}},"5":{"start":{"line":12,"column":6},"end":{"line":12,"column":null}},"6":{"start":{"line":13,"column":6},"end":{"line":13,"column":null}},"7":{"start":{"line":16,"column":4},"end":{"line":19,"column":null}},"8":{"start":{"line":17,"column":6},"end":{"line":17,"column":null}},"9":{"start":{"line":18,"column":6},"end":{"line":18,"column":null}},"10":{"start":{"line":22,"column":2},"end":{"line":22,"column":null}},"11":{"start":{"line":22,"column":24},"end":{"line":22,"column":null}},"12":{"start":{"line":24,"column":2},"end":{"line":71,"column":null}}},"fnMap":{"0":{"name":"LoadingScreen","decl":{"start":{"line":3,"column":24},"end":{"line":3,"column":38}},"loc":{"start":{"line":3,"column":54},"end":{"line":73,"column":null}},"line":3},"1":{"name":"(anonymous_1)","decl":{"start":{"line":6,"column":12},"end":{"line":6,"column":18}},"loc":{"start":{"line":6,"column":18},"end":{"line":20,"column":5}},"line":6},"2":{"name":"(anonymous_2)","decl":{"start":{"line":7,"column":34},"end":{"line":7,"column":40}},"loc":{"start":{"line":7,"column":40},"end":{"line":9,"column":7}},"line":7},"3":{"name":"(anonymous_3)","decl":{"start":{"line":11,"column":30},"end":{"line":11,"column":36}},"loc":{"start":{"line":11,"column":36},"end":{"line":14,"column":7}},"line":11},"4":{"name":"(anonymous_4)","decl":{"start":{"line":16,"column":11},"end":{"line":16,"column":17}},"loc":{"start":{"line":16,"column":17},"end":{"line":19,"column":null}},"line":16}},"branchMap":{"0":{"loc":{"start":{"line":22,"column":2},"end":{"line":22,"column":null}},"type":"if","locations":[{"start":{"line":22,"column":2},"end":{"line":22,"column":null}},{"start":{},"end":{}}],"line":22},"1":{"loc":{"start":{"line":27,"column":8},"end":{"line":27,"column":null}},"type":"cond-expr","locations":[{"start":{"line":27,"column":33},"end":{"line":27,"column":67}},{"start":{"line":27,"column":67},"end":{"line":27,"column":null}}],"line":27}},"s":{"0":0,"1":0,"2":0,"3":0,"4":0,"5":0,"6":0,"7":0,"8":0,"9":0,"10":0,"11":0,"12":0},"f":{"0":0,"1":0,"2":0,"3":0,"4":0},"b":{"0":[0,0],"1":[0,0]},"meta":{"lastBranch":2,"lastFunction":5,"lastStatement":13,"seen":{"f:3:24:3:38":0,"s:4:24:4:Infinity":0,"s:6:2:20:Infinity":1,"f:6:12:6:18":1,"s:7:23:9:Infinity":2,"f:7:34:7:40":2,"s:8:6:8:Infinity":3,"s:11:19:14:Infinity":4,"f:11:30:11:36":3,"s:12:6:12:Infinity":5,"s:13:6:13:Infinity":6,"s:16:4:19:Infinity":7,"f:16:11:16:17":4,"s:17:6:17:Infinity":8,"s:18:6:18:Infinity":9,"b:22:2:22:Infinity:undefined:undefined:undefined:undefined":0,"s:22:2:22:Infinity":10,"s:22:24:22:Infinity":11,"s:24:2:71:Infinity":12,"b:27:33:27:67:27:67:27:Infinity":1},"fnNames":{}}}
,"D:\\mt club1\\src\\components\\NeonButton.jsx": {"path":"D:\\mt club1\\src\\components\\NeonButton.jsx","statementMap":{"0":{"start":{"line":5,"column":2},"end":{"line":8,"column":null}}},"fnMap":{"0":{"name":"NeonFeatureButton","decl":{"start":{"line":4,"column":24},"end":{"line":4,"column":42}},"loc":{"start":{"line":4,"column":87},"end":{"line":10,"column":null}},"line":4}},"branchMap":{"0":{"loc":{"start":{"line":4,"column":44},"end":{"line":4,"column":76}},"type":"default-arg","locations":[{"start":{"line":4,"column":55},"end":{"line":4,"column":76}}],"line":4}},"s":{"0":0},"f":{"0":0},"b":{"0":[0]},"meta":{"lastBranch":1,"lastFunction":1,"lastStatement":1,"seen":{"f:4:24:4:42":0,"b:4:55:4:76":0,"s:5:2:8:Infinity":0},"fnNames":{}}}
,"D:\\mt club1\\src\\components\\OfflineBanner.jsx": {"path":"D:\\mt club1\\src\\components\\OfflineBanner.jsx","statementMap":{"0":{"start":{"line":6,"column":19},"end":{"line":6,"column":null}},"1":{"start":{"line":9,"column":17},"end":{"line":9,"column":null}},"2":{"start":{"line":10,"column":22},"end":{"line":10,"column":null}},"3":{"start":{"line":11,"column":36},"end":{"line":11,"column":null}},"4":{"start":{"line":13,"column":2},"end":{"line":20,"column":null}},"5":{"start":{"line":14,"column":4},"end":{"line":19,"column":null}},"6":{"start":{"line":15,"column":6},"end":{"line":15,"column":null}},"7":{"start":{"line":15,"column":23},"end":{"line":15,"column":39}},"8":{"start":{"line":17,"column":6},"end":{"line":17,"column":null}},"9":{"start":{"line":18,"column":6},"end":{"line":18,"column":null}},"10":{"start":{"line":22,"column":26},"end":{"line":29,"column":null}},"11":{"start":{"line":23,"column":16},"end":{"line":23,"column":null}},"12":{"start":{"line":24,"column":4},"end":{"line":27,"column":null}},"13":{"start":{"line":25,"column":21},"end":{"line":25,"column":null}},"14":{"start":{"line":26,"column":6},"end":{"line":26,"column":null}},"15":{"start":{"line":26,"column":72},"end":{"line":26,"column":null}},"16":{"start":{"line":28,"column":4},"end":{"line":28,"column":null}},"17":{"start":{"line":31,"column":2},"end":{"line":31,"column":null}},"18":{"start":{"line":31,"column":13},"end":{"line":31,"column":null}},"19":{"start":{"line":33,"column":2},"end":{"line":64,"column":null}}},"fnMap":{"0":{"name":"OfflineBanner","decl":{"start":{"line":8,"column":24},"end":{"line":8,"column":40}},"loc":{"start":{"line":8,"column":40},"end":{"line":66,"column":null}},"line":8},"1":{"name":"(anonymous_1)","decl":{"start":{"line":13,"column":12},"end":{"line":13,"column":18}},"loc":{"start":{"line":13,"column":18},"end":{"line":20,"column":5}},"line":13},"2":{"name":"(anonymous_2)","decl":{"start":{"line":15,"column":17},"end":{"line":15,"column":23}},"loc":{"start":{"line":15,"column":23},"end":{"line":15,"column":39}},"line":15},"3":{"name":"(anonymous_3)","decl":{"start":{"line":22,"column":26},"end":{"line":22,"column":38}},"loc":{"start":{"line":22,"column":38},"end":{"line":29,"column":null}},"line":22}},"branchMap":{"0":{"loc":{"start":{"line":14,"column":4},"end":{"line":19,"column":null}},"type":"if","locations":[{"start":{"line":14,"column":4},"end":{"line":19,"column":null}},{"start":{"line":16,"column":11},"end":{"line":19,"column":null}}],"line":14},"1":{"loc":{"start":{"line":26,"column":6},"end":{"line":26,"column":null}},"type":"if","locations":[{"start":{"line":26,"column":6},"end":{"line":26,"column":null}},{"start":{},"end":{}}],"line":26},"2":{"loc":{"start":{"line":26,"column":10},"end":{"line":26,"column":72}},"type":"binary-expr","locations":[{"start":{"line":26,"column":10},"end":{"line":26,"column":21}},{"start":{"line":26,"column":21},"end":{"line":26,"column":72}}],"line":26},"3":{"loc":{"start":{"line":26,"column":21},"end":{"line":26,"column":72}},"type":"cond-expr","locations":[{"start":{"line":26,"column":45},"end":{"line":26,"column":65}},{"start":{"line":26,"column":65},"end":{"line":26,"column":72}}],"line":26},"4":{"loc":{"start":{"line":31,"column":2},"end":{"line":31,"column":null}},"type":"if","locations":[{"start":{"line":31,"column":2},"end":{"line":31,"column":null}},{"start":{},"end":{}}],"line":31},"5":{"loc":{"start":{"line":36,"column":8},"end":{"line":38,"column":null}},"type":"cond-expr","locations":[{"start":{"line":37,"column":12},"end":{"line":37,"column":null}},{"start":{"line":38,"column":12},"end":{"line":38,"column":null}}],"line":36},"6":{"loc":{"start":{"line":42,"column":7},"end":{"line":62,"column":null}},"type":"cond-expr","locations":[{"start":{"line":43,"column":8},"end":{"line":46,"column":null}},{"start":{"line":48,"column":8},"end":{"line":62,"column":null}}],"line":42},"7":{"loc":{"start":{"line":49,"column":11},"end":{"line":60,"column":null}},"type":"cond-expr","locations":[{"start":{"line":50,"column":12},"end":{"line":55,"column":null}},{"start":{"line":57,"column":12},"end":{"line":60,"column":null}}],"line":49},"8":{"loc":{"start":{"line":53,"column":62},"end":{"line":53,"column":103}},"type":"cond-expr","locations":[{"start":{"line":53,"column":82},"end":{"line":53,"column":93}},{"start":{"line":53,"column":93},"end":{"line":53,"column":103}}],"line":53}},"s":{"0":0,"1":0,"2":0,"3":0,"4":0,"5":0,"6":0,"7":0,"8":0,"9":0,"10":0,"11":0,"12":0,"13":0,"14":0,"15":0,"16":0,"17":0,"18":0,"19":0},"f":{"0":0,"1":0,"2":0,"3":0},"b":{"0":[0,0],"1":[0,0],"2":[0,0],"3":[0,0],"4":[0,0],"5":[0,0],"6":[0,0],"7":[0,0],"8":[0,0]},"meta":{"lastBranch":9,"lastFunction":4,"lastStatement":20,"seen":{"s:6:19:6:Infinity":0,"f:8:24:8:40":0,"s:9:17:9:Infinity":1,"s:10:22:10:Infinity":2,"s:11:36:11:Infinity":3,"s:13:2:20:Infinity":4,"f:13:12:13:18":1,"b:14:4:19:Infinity:16:11:19:Infinity":0,"s:14:4:19:Infinity":5,"s:15:6:15:Infinity":6,"f:15:17:15:23":2,"s:15:23:15:39":7,"s:17:6:17:Infinity":8,"s:18:6:18:Infinity":9,"s:22:26:29:Infinity":10,"f:22:26:22:38":3,"s:23:16:23:Infinity":11,"s:24:4:27:Infinity":12,"s:25:21:25:Infinity":13,"b:26:6:26:Infinity:undefined:undefined:undefined:undefined":1,"s:26:6:26:Infinity":14,"b:26:10:26:21:26:21:26:72":2,"b:26:45:26:65:26:65:26:72":3,"s:26:72:26:Infinity":15,"s:28:4:28:Infinity":16,"b:31:2:31:Infinity:undefined:undefined:undefined:undefined":4,"s:31:2:31:Infinity":17,"s:31:13:31:Infinity":18,"s:33:2:64:Infinity":19,"b:37:12:37:Infinity:38:12:38:Infinity":5,"b:43:8:46:Infinity:48:8:62:Infinity":6,"b:50:12:55:Infinity:57:12:60:Infinity":7,"b:53:82:53:93:53:93:53:103":8},"fnNames":{}}}
,"D:\\mt club1\\src\\components\\PageTransition.jsx": {"path":"D:\\mt club1\\src\\components\\PageTransition.jsx","statementMap":{"0":{"start":{"line":5,"column":8},"end":{"line":5,"column":null}},"1":{"start":{"line":6,"column":44},"end":{"line":6,"column":null}},"2":{"start":{"line":7,"column":24},"end":{"line":7,"column":null}},"3":{"start":{"line":8,"column":34},"end":{"line":8,"column":null}},"4":{"start":{"line":9,"column":8},"end":{"line":9,"column":null}},"5":{"start":{"line":10,"column":8},"end":{"line":10,"column":null}},"6":{"start":{"line":12,"column":2},"end":{"line":27,"column":null}},"7":{"start":{"line":13,"column":4},"end":{"line":16,"column":null}},"8":{"start":{"line":14,"column":6},"end":{"line":14,"column":null}},"9":{"start":{"line":15,"column":6},"end":{"line":15,"column":null}},"10":{"start":{"line":18,"column":24},"end":{"line":18,"column":null}},"11":{"start":{"line":19,"column":26},"end":{"line":19,"column":null}},"12":{"start":{"line":21,"column":4},"end":{"line":24,"column":null}},"13":{"start":{"line":22,"column":6},"end":{"line":22,"column":null}},"14":{"start":{"line":23,"column":6},"end":{"line":23,"column":null}},"15":{"start":{"line":23,"column":45},"end":{"line":23,"column":66}},"16":{"start":{"line":26,"column":4},"end":{"line":26,"column":null}},"17":{"start":{"line":26,"column":17},"end":{"line":26,"column":null}},"18":{"start":{"line":29,"column":8},"end":{"line":47,"column":null}},"19":{"start":{"line":31,"column":6},"end":{"line":31,"column":null}},"20":{"start":{"line":31,"column":40},"end":{"line":31,"column":null}},"21":{"start":{"line":33,"column":6},"end":{"line":44,"column":null}},"22":{"start":{"line":34,"column":8},"end":{"line":34,"column":null}},"23":{"start":{"line":35,"column":8},"end":{"line":35,"column":null}},"24":{"start":{"line":36,"column":8},"end":{"line":36,"column":null}},"25":{"start":{"line":37,"column":8},"end":{"line":41,"column":null}},"26":{"start":{"line":38,"column":10},"end":{"line":40,"column":null}},"27":{"start":{"line":39,"column":12},"end":{"line":39,"column":null}},"28":{"start":{"line":42,"column":6},"end":{"line":44,"column":null}},"29":{"start":{"line":43,"column":8},"end":{"line":43,"column":null}},"30":{"start":{"line":49,"column":2},"end":{"line":105,"column":null}}},"fnMap":{"0":{"name":"PageTransition","decl":{"start":{"line":4,"column":24},"end":{"line":4,"column":39}},"loc":{"start":{"line":4,"column":53},"end":{"line":107,"column":null}},"line":4},"1":{"name":"(anonymous_1)","decl":{"start":{"line":12,"column":12},"end":{"line":12,"column":18}},"loc":{"start":{"line":12,"column":18},"end":{"line":27,"column":5}},"line":12},"2":{"name":"(anonymous_2)","decl":{"start":{"line":23,"column":39},"end":{"line":23,"column":45}},"loc":{"start":{"line":23,"column":45},"end":{"line":23,"column":66}},"line":23},"3":{"name":"(anonymous_3)","decl":{"start":{"line":26,"column":11},"end":{"line":26,"column":17}},"loc":{"start":{"line":26,"column":17},"end":{"line":26,"column":null}},"line":26},"4":{"name":"(anonymous_4)","decl":{"start":{"line":30,"column":4},"end":{"line":30,"column":5}},"loc":{"start":{"line":30,"column":11},"end":{"line":45,"column":null}},"line":30},"5":{"name":"(anonymous_5)","decl":{"start":{"line":37,"column":30},"end":{"line":37,"column":36}},"loc":{"start":{"line":37,"column":36},"end":{"line":41,"column":9}},"line":37},"6":{"name":"(anonymous_6)","decl":{"start":{"line":38,"column":32},"end":{"line":38,"column":38}},"loc":{"start":{"line":38,"column":38},"end":{"line":40,"column":11}},"line":38}},"branchMap":{"0":{"loc":{"start":{"line":13,"column":4},"end":{"line":16,"column":null}},"type":"if","locations":[{"start":{"line":13,"column":4},"end":{"line":16,"column":null}},{"start":{},"end":{}}],"line":13},"1":{"loc":{"start":{"line":21,"column":4},"end":{"line":24,"column":null}},"type":"if","locations":[{"start":{"line":21,"column":4},"end":{"line":24,"column":null}},{"start":{},"end":{}}],"line":21},"2":{"loc":{"start":{"line":21,"column":8},"end":{"line":21,"column":38}},"type":"binary-expr","locations":[{"start":{"line":21,"column":8},"end":{"line":21,"column":23}},{"start":{"line":21,"column":23},"end":{"line":21,"column":38}}],"line":21},"3":{"loc":{"start":{"line":31,"column":6},"end":{"line":31,"column":null}},"type":"if","locations":[{"start":{"line":31,"column":6},"end":{"line":31,"column":null}},{"start":{},"end":{}}],"line":31},"4":{"loc":{"start":{"line":33,"column":6},"end":{"line":44,"column":null}},"type":"if","locations":[{"start":{"line":33,"column":6},"end":{"line":44,"column":null}},{"start":{"line":42,"column":6},"end":{"line":44,"column":null}}],"line":33},"5":{"loc":{"start":{"line":42,"column":6},"end":{"line":44,"column":null}},"type":"if","locations":[{"start":{"line":42,"column":6},"end":{"line":44,"column":null}},{"start":{},"end":{}}],"line":42},"6":{"loc":{"start":{"line":53,"column":10},"end":{"line":53,"column":null}},"type":"cond-expr","locations":[{"start":{"line":53,"column":32},"end":{"line":53,"column":66}},{"start":{"line":53,"column":66},"end":{"line":53,"column":null}}],"line":53},"7":{"loc":{"start":{"line":65,"column":12},"end":{"line":65,"column":52}},"type":"cond-expr","locations":[{"start":{"line":65,"column":25},"end":{"line":65,"column":41}},{"start":{"line":65,"column":41},"end":{"line":65,"column":52}}],"line":65}},"s":{"0":0,"1":0,"2":0,"3":0,"4":0,"5":0,"6":0,"7":0,"8":0,"9":0,"10":0,"11":0,"12":0,"13":0,"14":0,"15":0,"16":0,"17":0,"18":0,"19":0,"20":0,"21":0,"22":0,"23":0,"24":0,"25":0,"26":0,"27":0,"28":0,"29":0,"30":0},"f":{"0":0,"1":0,"2":0,"3":0,"4":0,"5":0,"6":0},"b":{"0":[0,0],"1":[0,0],"2":[0,0],"3":[0,0],"4":[0,0],"5":[0,0],"6":[0,0],"7":[0,0]},"meta":{"lastBranch":8,"lastFunction":7,"lastStatement":31,"seen":{"f:4:24:4:39":0,"s:5:8:5:Infinity":0,"s:6:44:6:Infinity":1,"s:7:24:7:Infinity":2,"s:8:34:8:Infinity":3,"s:9:8:9:Infinity":4,"s:10:8:10:Infinity":5,"s:12:2:27:Infinity":6,"f:12:12:12:18":1,"b:13:4:16:Infinity:undefined:undefined:undefined:undefined":0,"s:13:4:16:Infinity":7,"s:14:6:14:Infinity":8,"s:15:6:15:Infinity":9,"s:18:24:18:Infinity":10,"s:19:26:19:Infinity":11,"b:21:4:24:Infinity:undefined:undefined:undefined:undefined":1,"s:21:4:24:Infinity":12,"b:21:8:21:23:21:23:21:38":2,"s:22:6:22:Infinity":13,"s:23:6:23:Infinity":14,"f:23:39:23:45":2,"s:23:45:23:66":15,"s:26:4:26:Infinity":16,"f:26:11:26:17":3,"s:26:17:26:Infinity":17,"s:29:8:47:Infinity":18,"f:30:4:30:5":4,"b:31:6:31:Infinity:undefined:undefined:undefined:undefined":3,"s:31:6:31:Infinity":19,"s:31:40:31:Infinity":20,"b:33:6:44:Infinity:42:6:44:Infinity":4,"s:33:6:44:Infinity":21,"s:34:8:34:Infinity":22,"s:35:8:35:Infinity":23,"s:36:8:36:Infinity":24,"s:37:8:41:Infinity":25,"f:37:30:37:36":5,"s:38:10:40:Infinity":26,"f:38:32:38:38":6,"s:39:12:39:Infinity":27,"b:42:6:44:Infinity:undefined:undefined:undefined:undefined":5,"s:42:6:44:Infinity":28,"s:43:8:43:Infinity":29,"s:49:2:105:Infinity":30,"b:53:32:53:66:53:66:53:Infinity":6,"b:65:25:65:41:65:41:65:52":7},"fnNames":{}}}
,"D:\\mt club1\\src\\components\\ProtectedRoute.jsx": {"path":"D:\\mt club1\\src\\components\\ProtectedRoute.jsx","statementMap":{"0":{"start":{"line":7,"column":24},"end":{"line":7,"column":null}},"1":{"start":{"line":9,"column":2},"end":{"line":9,"column":null}},"2":{"start":{"line":9,"column":15},"end":{"line":9,"column":null}},"3":{"start":{"line":10,"column":2},"end":{"line":10,"column":null}},"4":{"start":{"line":10,"column":13},"end":{"line":10,"column":null}},"5":{"start":{"line":12,"column":2},"end":{"line":14,"column":null}},"6":{"start":{"line":13,"column":4},"end":{"line":13,"column":null}},"7":{"start":{"line":16,"column":2},"end":{"line":16,"column":null}}},"fnMap":{"0":{"name":"ProtectedRoute","decl":{"start":{"line":6,"column":24},"end":{"line":6,"column":39}},"loc":{"start":{"line":6,"column":60},"end":{"line":17,"column":null}},"line":6}},"branchMap":{"0":{"loc":{"start":{"line":9,"column":2},"end":{"line":9,"column":null}},"type":"if","locations":[{"start":{"line":9,"column":2},"end":{"line":9,"column":null}},{"start":{},"end":{}}],"line":9},"1":{"loc":{"start":{"line":10,"column":2},"end":{"line":10,"column":null}},"type":"if","locations":[{"start":{"line":10,"column":2},"end":{"line":10,"column":null}},{"start":{},"end":{}}],"line":10},"2":{"loc":{"start":{"line":12,"column":2},"end":{"line":14,"column":null}},"type":"if","locations":[{"start":{"line":12,"column":2},"end":{"line":14,"column":null}},{"start":{},"end":{}}],"line":12},"3":{"loc":{"start":{"line":12,"column":6},"end":{"line":12,"column":43}},"type":"binary-expr","locations":[{"start":{"line":12,"column":6},"end":{"line":12,"column":15}},{"start":{"line":12,"column":15},"end":{"line":12,"column":43}}],"line":12}},"s":{"0":0,"1":0,"2":0,"3":0,"4":0,"5":0,"6":0,"7":0},"f":{"0":0},"b":{"0":[0,0],"1":[0,0],"2":[0,0],"3":[0,0]},"meta":{"lastBranch":4,"lastFunction":1,"lastStatement":8,"seen":{"f:6:24:6:39":0,"s:7:24:7:Infinity":0,"b:9:2:9:Infinity:undefined:undefined:undefined:undefined":0,"s:9:2:9:Infinity":1,"s:9:15:9:Infinity":2,"b:10:2:10:Infinity:undefined:undefined:undefined:undefined":1,"s:10:2:10:Infinity":3,"s:10:13:10:Infinity":4,"b:12:2:14:Infinity:undefined:undefined:undefined:undefined":2,"s:12:2:14:Infinity":5,"b:12:6:12:15:12:15:12:43":3,"s:13:4:13:Infinity":6,"s:16:2:16:Infinity":7},"fnNames":{}}}
,"D:\\mt club1\\src\\components\\SkeletonLoader.jsx": {"path":"D:\\mt club1\\src\\components\\SkeletonLoader.jsx","statementMap":{"0":{"start":{"line":2,"column":2},"end":{"line":13,"column":null}},"1":{"start":{"line":3,"column":4},"end":{"line":11,"column":null}},"2":{"start":{"line":15,"column":2},"end":{"line":29,"column":null}},"3":{"start":{"line":16,"column":4},"end":{"line":27,"column":null}},"4":{"start":{"line":19,"column":10},"end":{"line":25,"column":null}},"5":{"start":{"line":31,"column":2},"end":{"line":40,"column":null}},"6":{"start":{"line":32,"column":4},"end":{"line":38,"column":null}},"7":{"start":{"line":36,"column":10},"end":{"line":36,"column":null}},"8":{"start":{"line":42,"column":2},"end":{"line":59,"column":null}},"9":{"start":{"line":43,"column":4},"end":{"line":57,"column":null}},"10":{"start":{"line":48,"column":12},"end":{"line":54,"column":null}},"11":{"start":{"line":61,"column":2},"end":{"line":61,"column":null}}},"fnMap":{"0":{"name":"SkeletonLoader","decl":{"start":{"line":1,"column":24},"end":{"line":1,"column":39}},"loc":{"start":{"line":1,"column":58},"end":{"line":62,"column":null}},"line":1},"1":{"name":"(anonymous_1)","decl":{"start":{"line":18,"column":39},"end":{"line":18,"column":40}},"loc":{"start":{"line":19,"column":10},"end":{"line":25,"column":null}},"line":19},"2":{"name":"(anonymous_2)","decl":{"start":{"line":35,"column":39},"end":{"line":35,"column":40}},"loc":{"start":{"line":36,"column":10},"end":{"line":36,"column":null}},"line":36},"3":{"name":"(anonymous_3)","decl":{"start":{"line":47,"column":41},"end":{"line":47,"column":42}},"loc":{"start":{"line":48,"column":12},"end":{"line":54,"column":null}},"line":48}},"branchMap":{"0":{"loc":{"start":{"line":1,"column":41},"end":{"line":1,"column":55}},"type":"default-arg","locations":[{"start":{"line":1,"column":48},"end":{"line":1,"column":55}}],"line":1},"1":{"loc":{"start":{"line":2,"column":2},"end":{"line":13,"column":null}},"type":"if","locations":[{"start":{"line":2,"column":2},"end":{"line":13,"column":null}},{"start":{},"end":{}}],"line":2},"2":{"loc":{"start":{"line":15,"column":2},"end":{"line":29,"column":null}},"type":"if","locations":[{"start":{"line":15,"column":2},"end":{"line":29,"column":null}},{"start":{},"end":{}}],"line":15},"3":{"loc":{"start":{"line":31,"column":2},"end":{"line":40,"column":null}},"type":"if","locations":[{"start":{"line":31,"column":2},"end":{"line":40,"column":null}},{"start":{},"end":{}}],"line":31},"4":{"loc":{"start":{"line":42,"column":2},"end":{"line":59,"column":null}},"type":"if","locations":[{"start":{"line":42,"column":2},"end":{"line":59,"column":null}},{"start":{},"end":{}}],"line":42}},"s":{"0":0,"1":0,"2":0,"3":0,"4":0,"5":0,"6":0,"7":0,"8":0,"9":0,"10":0,"11":0},"f":{"0":0,"1":0,"2":0,"3":0},"b":{"0":[0],"1":[0,0],"2":[0,0],"3":[0,0],"4":[0,0]},"meta":{"lastBranch":5,"lastFunction":4,"lastStatement":12,"seen":{"f:1:24:1:39":0,"b:1:48:1:55":0,"b:2:2:13:Infinity:undefined:undefined:undefined:undefined":1,"s:2:2:13:Infinity":0,"s:3:4:11:Infinity":1,"b:15:2:29:Infinity:undefined:undefined:undefined:undefined":2,"s:15:2:29:Infinity":2,"s:16:4:27:Infinity":3,"f:18:39:18:40":1,"s:19:10:25:Infinity":4,"b:31:2:40:Infinity:undefined:undefined:undefined:undefined":3,"s:31:2:40:Infinity":5,"s:32:4:38:Infinity":6,"f:35:39:35:40":2,"s:36:10:36:Infinity":7,"b:42:2:59:Infinity:undefined:undefined:undefined:undefined":4,"s:42:2:59:Infinity":8,"s:43:4:57:Infinity":9,"f:47:41:47:42":3,"s:48:12:54:Infinity":10,"s:61:2:61:Infinity":11},"fnNames":{}}}
,"D:\\mt club1\\src\\components\\Toast.jsx": {"path":"D:\\mt club1\\src\\components\\Toast.jsx","statementMap":{"0":{"start":{"line":4,"column":6},"end":{"line":4,"column":null}},"1":{"start":{"line":6,"column":14},"end":{"line":6,"column":null}},"2":{"start":{"line":8,"column":21},"end":{"line":33,"column":null}},"3":{"start":{"line":36,"column":16},"end":{"line":36,"column":null}},"4":{"start":{"line":37,"column":15},"end":{"line":37,"column":null}},"5":{"start":{"line":38,"column":8},"end":{"line":38,"column":null}},"6":{"start":{"line":40,"column":8},"end":{"line":42,"column":null}},"7":{"start":{"line":41,"column":4},"end":{"line":41,"column":null}},"8":{"start":{"line":41,"column":40},"end":{"line":41,"column":60}},"9":{"start":{"line":44,"column":8},"end":{"line":46,"column":null}},"10":{"start":{"line":45,"column":4},"end":{"line":45,"column":null}},"11":{"start":{"line":45,"column":26},"end":{"line":45,"column":null}},"12":{"start":{"line":48,"column":2},"end":{"line":51,"column":null}},"13":{"start":{"line":49,"column":4},"end":{"line":49,"column":null}},"14":{"start":{"line":50,"column":4},"end":{"line":50,"column":null}},"15":{"start":{"line":53,"column":2},"end":{"line":81,"column":null}},"16":{"start":{"line":69,"column":23},"end":{"line":69,"column":null}},"17":{"start":{"line":86,"column":26},"end":{"line":86,"column":null}},"18":{"start":{"line":88,"column":8},"end":{"line":99,"column":null}},"19":{"start":{"line":89,"column":15},"end":{"line":89,"column":null}},"20":{"start":{"line":90,"column":18},"end":{"line":96,"column":null}},"21":{"start":{"line":97,"column":4},"end":{"line":97,"column":null}},"22":{"start":{"line":97,"column":24},"end":{"line":97,"column":40}},"23":{"start":{"line":98,"column":4},"end":{"line":98,"column":null}},"24":{"start":{"line":101,"column":8},"end":{"line":103,"column":null}},"25":{"start":{"line":102,"column":4},"end":{"line":102,"column":null}},"26":{"start":{"line":102,"column":24},"end":{"line":102,"column":55}},"27":{"start":{"line":102,"column":43},"end":{"line":102,"column":54}},"28":{"start":{"line":105,"column":8},"end":{"line":108,"column":null}},"29":{"start":{"line":106,"column":26},"end":{"line":106,"column":null}},"30":{"start":{"line":109,"column":2},"end":{"line":110,"column":null}},"31":{"start":{"line":110,"column":4},"end":{"line":110,"column":null}},"32":{"start":{"line":111,"column":2},"end":{"line":112,"column":null}},"33":{"start":{"line":112,"column":4},"end":{"line":112,"column":null}},"34":{"start":{"line":113,"column":2},"end":{"line":114,"column":null}},"35":{"start":{"line":114,"column":4},"end":{"line":114,"column":null}},"36":{"start":{"line":115,"column":2},"end":{"line":116,"column":null}},"37":{"start":{"line":116,"column":4},"end":{"line":116,"column":null}},"38":{"start":{"line":118,"column":2},"end":{"line":128,"column":null}},"39":{"start":{"line":123,"column":10},"end":{"line":125,"column":null}},"40":{"start":{"line":133,"column":8},"end":{"line":133,"column":null}},"41":{"start":{"line":134,"column":2},"end":{"line":134,"column":null}},"42":{"start":{"line":134,"column":12},"end":{"line":134,"column":null}},"43":{"start":{"line":135,"column":2},"end":{"line":135,"column":null}}},"fnMap":{"0":{"name":"Toast","decl":{"start":{"line":35,"column":9},"end":{"line":35,"column":15}},"loc":{"start":{"line":35,"column":36},"end":{"line":83,"column":null}},"line":35},"1":{"name":"(anonymous_1)","decl":{"start":{"line":40,"column":33},"end":{"line":40,"column":39}},"loc":{"start":{"line":40,"column":39},"end":{"line":42,"column":5}},"line":40},"2":{"name":"(anonymous_2)","decl":{"start":{"line":41,"column":34},"end":{"line":41,"column":40}},"loc":{"start":{"line":41,"column":40},"end":{"line":41,"column":60}},"line":41},"3":{"name":"(anonymous_3)","decl":{"start":{"line":44,"column":33},"end":{"line":44,"column":39}},"loc":{"start":{"line":44,"column":39},"end":{"line":46,"column":5}},"line":44},"4":{"name":"(anonymous_4)","decl":{"start":{"line":48,"column":11},"end":{"line":48,"column":17}},"loc":{"start":{"line":48,"column":17},"end":{"line":51,"column":3}},"line":48},"5":{"name":"(anonymous_5)","decl":{"start":{"line":69,"column":17},"end":{"line":69,"column":23}},"loc":{"start":{"line":69,"column":23},"end":{"line":69,"column":null}},"line":69},"6":{"name":"ToastProvider","decl":{"start":{"line":85,"column":16},"end":{"line":85,"column":30}},"loc":{"start":{"line":85,"column":44},"end":{"line":130,"column":null}},"line":85},"7":{"name":"(anonymous_7)","decl":{"start":{"line":88,"column":31},"end":{"line":88,"column":32}},"loc":{"start":{"line":88,"column":58},"end":{"line":99,"column":5}},"line":88},"8":{"name":"(anonymous_8)","decl":{"start":{"line":97,"column":14},"end":{"line":97,"column":15}},"loc":{"start":{"line":97,"column":24},"end":{"line":97,"column":40}},"line":97},"9":{"name":"(anonymous_9)","decl":{"start":{"line":101,"column":34},"end":{"line":101,"column":35}},"loc":{"start":{"line":101,"column":42},"end":{"line":103,"column":5}},"line":101},"10":{"name":"(anonymous_10)","decl":{"start":{"line":102,"column":14},"end":{"line":102,"column":15}},"loc":{"start":{"line":102,"column":24},"end":{"line":102,"column":55}},"line":102},"11":{"name":"(anonymous_11)","decl":{"start":{"line":102,"column":36},"end":{"line":102,"column":37}},"loc":{"start":{"line":102,"column":43},"end":{"line":102,"column":54}},"line":102},"12":{"name":"(anonymous_12)","decl":{"start":{"line":106,"column":4},"end":{"line":106,"column":5}},"loc":{"start":{"line":106,"column":26},"end":{"line":106,"column":null}},"line":106},"13":{"name":"(anonymous_13)","decl":{"start":{"line":109,"column":18},"end":{"line":109,"column":19}},"loc":{"start":{"line":110,"column":4},"end":{"line":110,"column":null}},"line":110},"14":{"name":"(anonymous_14)","decl":{"start":{"line":111,"column":16},"end":{"line":111,"column":17}},"loc":{"start":{"line":112,"column":4},"end":{"line":112,"column":null}},"line":112},"15":{"name":"(anonymous_15)","decl":{"start":{"line":113,"column":18},"end":{"line":113,"column":19}},"loc":{"start":{"line":114,"column":4},"end":{"line":114,"column":null}},"line":114},"16":{"name":"(anonymous_16)","decl":{"start":{"line":115,"column":15},"end":{"line":115,"column":16}},"loc":{"start":{"line":116,"column":4},"end":{"line":116,"column":null}},"line":116},"17":{"name":"(anonymous_17)","decl":{"start":{"line":122,"column":20},"end":{"line":122,"column":21}},"loc":{"start":{"line":123,"column":10},"end":{"line":125,"column":null}},"line":123},"18":{"name":"useToast","decl":{"start":{"line":132,"column":16},"end":{"line":132,"column":27}},"loc":{"start":{"line":132,"column":27},"end":{"line":136,"column":null}},"line":132}},"branchMap":{"0":{"loc":{"start":{"line":36,"column":16},"end":{"line":36,"column":null}},"type":"binary-expr","locations":[{"start":{"line":36,"column":16},"end":{"line":36,"column":44}},{"start":{"line":36,"column":44},"end":{"line":36,"column":null}}],"line":36},"1":{"loc":{"start":{"line":41,"column":60},"end":{"line":41,"column":82}},"type":"binary-expr","locations":[{"start":{"line":41,"column":60},"end":{"line":41,"column":78}},{"start":{"line":41,"column":78},"end":{"line":41,"column":82}}],"line":41},"2":{"loc":{"start":{"line":45,"column":4},"end":{"line":45,"column":null}},"type":"if","locations":[{"start":{"line":45,"column":4},"end":{"line":45,"column":null}},{"start":{},"end":{}}],"line":45},"3":{"loc":{"start":{"line":63,"column":9},"end":{"line":64,"column":null}},"type":"binary-expr","locations":[{"start":{"line":63,"column":9},"end":{"line":63,"column":null}},{"start":{"line":64,"column":10},"end":{"line":64,"column":null}}],"line":63},"4":{"loc":{"start":{"line":78,"column":41},"end":{"line":78,"column":63}},"type":"binary-expr","locations":[{"start":{"line":78,"column":41},"end":{"line":78,"column":59}},{"start":{"line":78,"column":59},"end":{"line":78,"column":63}}],"line":78},"5":{"loc":{"start":{"line":88,"column":41},"end":{"line":88,"column":58}},"type":"default-arg","locations":[{"start":{"line":88,"column":51},"end":{"line":88,"column":58}}],"line":88},"6":{"loc":{"start":{"line":92,"column":15},"end":{"line":92,"column":null}},"type":"cond-expr","locations":[{"start":{"line":92,"column":45},"end":{"line":92,"column":55}},{"start":{"line":92,"column":55},"end":{"line":92,"column":null}}],"line":92},"7":{"loc":{"start":{"line":92,"column":55},"end":{"line":92,"column":null}},"type":"binary-expr","locations":[{"start":{"line":92,"column":55},"end":{"line":92,"column":74}},{"start":{"line":92,"column":74},"end":{"line":92,"column":null}}],"line":92},"8":{"loc":{"start":{"line":93,"column":13},"end":{"line":93,"column":null}},"type":"binary-expr","locations":[{"start":{"line":93,"column":13},"end":{"line":93,"column":31}},{"start":{"line":93,"column":31},"end":{"line":93,"column":null}}],"line":93},"9":{"loc":{"start":{"line":93,"column":31},"end":{"line":93,"column":null}},"type":"cond-expr","locations":[{"start":{"line":93,"column":61},"end":{"line":93,"column":77}},{"start":{"line":93,"column":77},"end":{"line":93,"column":null}}],"line":93},"10":{"loc":{"start":{"line":94,"column":12},"end":{"line":94,"column":null}},"type":"binary-expr","locations":[{"start":{"line":94,"column":12},"end":{"line":94,"column":28}},{"start":{"line":94,"column":28},"end":{"line":94,"column":null}}],"line":94},"11":{"loc":{"start":{"line":95,"column":16},"end":{"line":95,"column":null}},"type":"binary-expr","locations":[{"start":{"line":95,"column":16},"end":{"line":95,"column":36}},{"start":{"line":95,"column":36},"end":{"line":95,"column":null}}],"line":95},"12":{"loc":{"start":{"line":134,"column":2},"end":{"line":134,"column":null}},"type":"if","locations":[{"start":{"line":134,"column":2},"end":{"line":134,"column":null}},{"start":{},"end":{}}],"line":134}},"s":{"0":1,"1":1,"2":1,"3":7,"4":7,"5":7,"6":7,"7":7,"8":1,"9":7,"10":0,"11":0,"12":7,"13":7,"14":7,"15":7,"16":1,"17":17,"18":17,"19":7,"20":7,"21":7,"22":7,"23":7,"24":17,"25":2,"26":2,"27":2,"28":17,"29":3,"30":17,"31":1,"32":17,"33":1,"34":17,"35":1,"36":17,"37":1,"38":17,"39":7,"40":12,"41":12,"42":4,"43":7},"f":{"0":7,"1":7,"2":1,"3":0,"4":7,"5":1,"6":17,"7":7,"8":7,"9":2,"10":2,"11":2,"12":3,"13":1,"14":1,"15":1,"16":1,"17":7,"18":12},"b":{"0":[7,0],"1":[7,0],"2":[0,0],"3":[7,0],"4":[7,0],"5":[7],"6":[7,0],"7":[0,0],"8":[7,7],"9":[0,7],"10":[7,3],"11":[7,7],"12":[4,8]},"meta":{"lastBranch":13,"lastFunction":19,"lastStatement":44,"seen":{"s:4:6:4:Infinity":0,"s:6:14:6:Infinity":1,"s:8:21:33:Infinity":2,"f:35:9:35:15":0,"s:36:16:36:Infinity":3,"b:36:16:36:44:36:44:36:Infinity":0,"s:37:15:37:Infinity":4,"s:38:8:38:Infinity":5,"s:40:8:42:Infinity":6,"f:40:33:40:39":1,"s:41:4:41:Infinity":7,"f:41:34:41:40":2,"s:41:40:41:60":8,"b:41:60:41:78:41:78:41:82":1,"s:44:8:46:Infinity":9,"f:44:33:44:39":3,"b:45:4:45:Infinity:undefined:undefined:undefined:undefined":2,"s:45:4:45:Infinity":10,"s:45:26:45:Infinity":11,"s:48:2:51:Infinity":12,"f:48:11:48:17":4,"s:49:4:49:Infinity":13,"s:50:4:50:Infinity":14,"s:53:2:81:Infinity":15,"b:63:9:63:Infinity:64:10:64:Infinity":3,"f:69:17:69:23":5,"s:69:23:69:Infinity":16,"b:78:41:78:59:78:59:78:63":4,"f:85:16:85:30":6,"s:86:26:86:Infinity":17,"s:88:8:99:Infinity":18,"f:88:31:88:32":7,"b:88:51:88:58":5,"s:89:15:89:Infinity":19,"s:90:18:96:Infinity":20,"b:92:45:92:55:92:55:92:Infinity":6,"b:92:55:92:74:92:74:92:Infinity":7,"b:93:13:93:31:93:31:93:Infinity":8,"b:93:61:93:77:93:77:93:Infinity":9,"b:94:12:94:28:94:28:94:Infinity":10,"b:95:16:95:36:95:36:95:Infinity":11,"s:97:4:97:Infinity":21,"f:97:14:97:15":8,"s:97:24:97:40":22,"s:98:4:98:Infinity":23,"s:101:8:103:Infinity":24,"f:101:34:101:35":9,"s:102:4:102:Infinity":25,"f:102:14:102:15":10,"s:102:24:102:55":26,"f:102:36:102:37":11,"s:102:43:102:54":27,"s:105:8:108:Infinity":28,"f:106:4:106:5":12,"s:106:26:106:Infinity":29,"s:109:2:110:Infinity":30,"f:109:18:109:19":13,"s:110:4:110:Infinity":31,"s:111:2:112:Infinity":32,"f:111:16:111:17":14,"s:112:4:112:Infinity":33,"s:113:2:114:Infinity":34,"f:113:18:113:19":15,"s:114:4:114:Infinity":35,"s:115:2:116:Infinity":36,"f:115:15:115:16":16,"s:116:4:116:Infinity":37,"s:118:2:128:Infinity":38,"f:122:20:122:21":17,"s:123:10:125:Infinity":39,"f:132:16:132:27":18,"s:133:8:133:Infinity":40,"b:134:2:134:Infinity:undefined:undefined:undefined:undefined":12,"s:134:2:134:Infinity":41,"s:134:12:134:Infinity":42,"s:135:2:135:Infinity":43},"fnNames":{}}}
[...]
},"2":{"loc":{"start":{"line":18,"column":4},"end":{"line":18,"column":null}},"type":"if","locations":[{"start":{"line":18,"column":4},"end":{"line":18,"column":null}},{"start":{},"end":{}}],"line":18},"3":{"loc":{"start":{"line":35,"column":4},"end":{"line":35,"column":null}},"type":"if","locations":[{"start":{"line":35,"column":4},"end":{"line":35,"column":null}},{"start":{},"end":{}}],"line":35},"4":{"loc":{"start":{"line":42,"column":4},"end":{"line":42,"column":null}},"type":"if","locations":[{"start":{"line":42,"column":4},"end":{"line":42,"column":null}},{"start":{},"end":{}}],"line":42},"5":{"loc":{"start":{"line":49,"column":4},"end":{"line":49,"column":null}},"type":"if","locations":[{"start":{"line":49,"column":4},"end":{"line":49,"column":null}},{"start":{},"end":{}}],"line":49},"6":{"loc":{"start":{"line":61,"column":4},"end":{"line":61,"column":null}},"type":"if","locations":[{"start":{"line":61,"column":4},"end":{"line":61,"column":null}},{"start":{},"end":{}}],"line":61},"7":{"loc":{"start":{"line":74,"column":4},"end":{"line":74,"column":null}},"type":"if","locations":[{"start":{"line":74,"column":4},"end":{"line":74,"column":null}},{"start":{},"end":{}}],"line":74}},"s":{"0":0,"1":0,"2":0,"3":0,"4":0,"5":0,"6":0,"7":0,"8":0,"9":0,"10":0,"11":0,"12":0,"13":0,"14":0,"15":0,"16":0,"17":0,"18":0,"19":0,"20":0,"21":0,"22":0,"23":0,"24":0,"25":0,"26":0,"27":0,"28":0,"29":0,"30":0,"31":0,"32":0,"33":0,"34":0,"35":0,"36":0,"37":0,"38":0,"39":0,"40":0,"41":0,"42":0,"43":0,"44":0,"45":0,"46":0,"47":0},"f":{"0":0,"1":0,"2":0,"3":0,"4":0,"5":0,"6":0,"7":0,"8":0,"9":0,"10":0,"11":0,"12":0,"13":0,"14":0,"15":0,"16":0,"17":0,"18":0,"19":0,"20":0,"21":0,"22":0,"23":0,"24":0,"25":0},"b":{"0":[0,0],"1":[0,0],"2":[0,0],"3":[0,0],"4":[0,0],"5":[0,0],"6":[0,0],"7":[0,0]},"meta":{"lastBranch":8,"lastFunction":26,"lastStatement":48,"seen":{"s:4:18:4:20":0,"s:6:35:84:1":1,"f:7:8:7:24":0,"b:8:4:8:Infinity:undefined:undefined:undefined:undefined":0,"s:8:4:8:Infinity":2,"s:8:30:8:Infinity":3,"s:9:4:9:Infinity":4,"f:12:8:12:25":1,"b:13:4:13:Infinity:undefined:undefined:undefined:undefined":1,"s:13:4:13:Infinity":5,"s:13:30:13:Infinity":6,"s:14:4:14:Infinity":7,"f:17:8:17:16":2,"b:18:4:18:Infinity:undefined:undefined:undefined:undefined":2,"s:18:4:18:Infinity":8,"s:18:30:18:Infinity":9,"s:19:4:19:Infinity":10,"s:20:4:31:Infinity":11,"f:20:23:20:24":3,"s:21:22:21:60":12,"f:21:33:21:34":4,"s:21:39:21:52":13,"s:22:6:25:Infinity":14,"f:22:52:22:53":5,"s:23:8:23:Infinity":15,"s:24:8:24:Infinity":16,"s:26:6:30:Infinity":17,"f:26:57:26:58":6,"s:27:8:27:Infinity":18,"s:28:8:28:Infinity":19,"s:29:8:29:Infinity":20,"f:34:8:34:18":7,"b:35:4:35:Infinity:undefined:undefined:undefined:undefined":3,"s:35:4:35:Infinity":21,"s:35:30:35:Infinity":22,"s:36:4:38:Infinity":23,"s:37:6:37:Infinity":24,"f:41:2:41:25":8,"b:42:4:42:Infinity:undefined:undefined:undefined:undefined":4,"s:42:4:42:Infinity":25,"s:42:30:42:Infinity":26,"f:42:47:42:48":9,"s:43:4:45:Infinity":27,"f:43:50:43:51":10,"s:44:6:44:Infinity":28,"f:45:12:45:13":11,"s:45:24:45:46":29,"f:48:2:48:33":12,"b:49:4:49:Infinity:undefined:undefined:undefined:undefined":5,"s:49:4:49:Infinity":30,"s:49:30:49:Infinity":31,"f:49:47:49:48":13,"s:50:4:57:Infinity":32,"f:50:62:50:63":14,"s:51:6:56:Infinity":33,"f:57:12:57:13":15,"s:57:24:57:46":34,"f:60:2:60:40":16,"b:61:4:61:Infinity:undefined:undefined:undefined:undefined":6,"s:61:4:61:Infinity":35,"s:61:30:61:Infinity":36,"f:61:47:61:48":17,"s:62:4:70:Infinity":37,"f:62:69:62:70":18,"s:63:6:69:Infinity":38,"f:70:12:70:13":19,"s:70:24:70:46":39,"f:73:2:73:25":20,"b:74:4:74:Infinity:undefined:undefined:undefined:undefined":7,"s:74:4:74:Infinity":40,"s:74:30:74:Infinity":41,"f:74:47:74:48":21,"s:75:4:77:Infinity":42,"f:75:50:75:51":22,"s:76:6:76:Infinity":43,"f:77:12:77:13":23,"s:77:24:77:46":44,"f:80:2:80:20":24,"s:81:4:81:Infinity":45,"f:81:22:81:23":25,"s:81:29:81:39":46,"s:82:4:82:Infinity":47},"fnNames":{}}}
,"D:\\mt club1\\src\\services\\native\\share.js": {"path":"D:\\mt club1\\src\\services\\native\\share.js","statementMap":{"0":{"start":{"line":4,"column":28},"end":{"line":37,"column":1}},"1":{"start":{"line":6,"column":4},"end":{"line":19,"column":null}},"2":{"start":{"line":7,"column":6},"end":{"line":18,"column":null}},"3":{"start":{"line":8,"column":8},"end":{"line":13,"column":null}},"4":{"start":{"line":14,"column":8},"end":{"line":14,"column":null}},"5":{"start":{"line":16,"column":8},"end":{"line":16,"column":null}},"6":{"start":{"line":16,"column":48},"end":{"line":16,"column":null}},"7":{"start":{"line":17,"column":8},"end":{"line":17,"column":null}},"8":{"start":{"line":21,"column":4},"end":{"line":29,"column":null}},"9":{"start":{"line":22,"column":6},"end":{"line":28,"column":null}},"10":{"start":{"line":23,"column":8},"end":{"line":23,"column":null}},"11":{"start":{"line":24,"column":8},"end":{"line":24,"column":null}},"12":{"start":{"line":26,"column":8},"end":{"line":26,"column":null}},"13":{"start":{"line":26,"column":39},"end":{"line":26,"column":null}},"14":{"start":{"line":27,"column":8},"end":{"line":27,"column":null}},"15":{"start":{"line":31,"column":4},"end":{"line":34,"column":null}},"16":{"start":{"line":32,"column":6},"end":{"line":32,"column":null}},"17":{"start":{"line":33,"column":6},"end":{"line":33,"column":null}},"18":{"start":{"line":35,"column":4},"end":{"line":35,"column":null}}},"fnMap":{"0":{"name":"share","decl":{"start":{"line":5,"column":8},"end":{"line":5,"column":13}},"loc":{"start":{"line":5,"column":28},"end":{"line":36,"column":3}},"line":5}},"branchMap":{"0":{"loc":{"start":{"line":5,"column":14},"end":{"line":5,"column":26}},"type":"default-arg","locations":[{"start":{"line":5,"column":24},"end":{"line":5,"column":26}}],"line":5},"1":{"loc":{"start":{"line":6,"column":4},"end":{"line":19,"column":null}},"type":"if","locations":[{"start":{"line":6,"column":4},"end":{"line":19,"column":null}},{"start":{},"end":{}}],"line":6},"2":{"loc":{"start":{"line":9,"column":17},"end":{"line":9,"column":43}},"type":"binary-expr","locations":[{"start":{"line":9,"column":17},"end":{"line":9,"column":30}},{"start":{"line":9,"column":34},"end":{"line":9,"column":43}}],"line":9},"3":{"loc":{"start":{"line":10,"column":16},"end":{"line":10,"column":34}},"type":"binary-expr","locations":[{"start":{"line":10,"column":16},"end":{"line":10,"column":28}},{"start":{"line":10,"column":32},"end":{"line":10,"column":34}}],"line":10},"4":{"loc":{"start":{"line":11,"column":15},"end":{"line":11,"column":32}},"type":"binary-expr","locations":[{"start":{"line":11,"column":15},"end":{"line":11,"column":26}},{"start":{"line":11,"column":30},"end":{"line":11,"column":32}}],"line":11},"5":{"loc":{"start":{"line":12,"column":23},"end":{"line":12,"column":58}},"type":"binary-expr","locations":[{"start":{"line":12,"column":23},"end":{"line":12,"column":42}},{"start":{"line":12,"column":46},"end":{"line":12,"column":58}}],"line":12},"6":{"loc":{"start":{"line":16,"column":8},"end":{"line":16,"column":null}},"type":"if","locations":[{"start":{"line":16,"column":8},"end":{"line":16,"column":null}},{"start":{},"end":{}}],"line":16},"7":{"loc":{"start":{"line":21,"column":4},"end":{"line":29,"column":null}},"type":"if","locations":[{"start":{"line":21,"column":4},"end":{"line":29,"column":null}},{"start":{},"end":{}}],"line":21},"8":{"loc":{"start":{"line":26,"column":8},"end":{"line":26,"column":null}},"type":"if","locations":[{"start":{"line":26,"column":8},"end":{"line":26,"column":null}},{"start":{},"end":{}}],"line":26},"9":{"loc":{"start":{"line":31,"column":4},"end":{"line":34,"column":null}},"type":"if","locations":[{"start":{"line":31,"column":4},"end":{"line":34,"column":null}},{"start":{},"end":{}}],"line":31}},"s":{"0":0,"1":0,"2":0,"3":0,"4":0,"5":0,"6":0,"7":0,"8":0,"9":0,"10":0,"11":0,"12":0,"13":0,"14":0,"15":0,"16":0,"17":0,"18":0},"f":{"0":0},"b":{"0":[0],"1":[0,0],"2":[0,0],"3":[0,0],"4":[0,0],"5":[0,0],"6":[0,0],"7":[0,0],"8":[0,0],"9":[0,0]},"meta":{"lastBranch":10,"lastFunction":1,"lastStatement":19,"seen":{"s:4:28:37:1":0,"f:5:8:5:13":0,"b:5:24:5:26":0,"b:6:4:19:Infinity:undefined:undefined:undefined:undefined":1,"s:6:4:19:Infinity":1,"s:7:6:18:Infinity":2,"s:8:8:13:Infinity":3,"b:9:17:9:30:9:34:9:43":2,"b:10:16:10:28:10:32:10:34":3,"b:11:15:11:26:11:30:11:32":4,"b:12:23:12:42:12:46:12:58":5,"s:14:8:14:Infinity":4,"b:16:8:16:Infinity:undefined:undefined:undefined:undefined":6,"s:16:8:16:Infinity":5,"s:16:48:16:Infinity":6,"s:17:8:17:Infinity":7,"b:21:4:29:Infinity:undefined:undefined:undefined:undefined":7,"s:21:4:29:Infinity":8,"s:22:6:28:Infinity":9,"s:23:8:23:Infinity":10,"s:24:8:24:Infinity":11,"b:26:8:26:Infinity:undefined:undefined:undefined:undefined":8,"s:26:8:26:Infinity":12,"s:26:39:26:Infinity":13,"s:27:8:27:Infinity":14,"b:31:4:34:Infinity:undefined:undefined:undefined:undefined":9,"s:31:4:34:Infinity":15,"s:32:6:32:Infinity":16,"s:33:6:33:Infinity":17,"s:35:4:35:Infinity":18},"fnNames":{}}}
,"D:\\mt club1\\src\\services\\native\\splashscreen.js": {"path":"D:\\mt club1\\src\\services\\native\\splashscreen.js","statementMap":{"0":{"start":{"line":4,"column":35},"end":{"line":13,"column":1}},"1":{"start":{"line":6,"column":4},"end":{"line":6,"column":null}},"2":{"start":{"line":6,"column":30},"end":{"line":6,"column":null}},"3":{"start":{"line":7,"column":4},"end":{"line":11,"column":null}},"4":{"start":{"line":8,"column":6},"end":{"line":8,"column":null}},"5":{"start":{"line":10,"column":6},"end":{"line":10,"column":null}}},"fnMap":{"0":{"name":"hide","decl":{"start":{"line":5,"column":8},"end":{"line":5,"column":12}},"loc":{"start":{"line":5,"column":15},"end":{"line":12,"column":3}},"line":5}},"branchMap":{"0":{"loc":{"start":{"line":6,"column":4},"end":{"line":6,"column":null}},"type":"if","locations":[{"start":{"line":6,"column":4},"end":{"line":6,"column":null}},{"start":{},"end":{}}],"line":6}},"s":{"0":0,"1":0,"2":0,"3":0,"4":0,"5":0},"f":{"0":0},"b":{"0":[0,0]},"meta":{"lastBranch":1,"lastFunction":1,"lastStatement":6,"seen":{"s:4:35:13:1":0,"f:5:8:5:12":0,"b:6:4:6:Infinity:undefined:undefined:undefined:undefined":0,"s:6:4:6:Infinity":1,"s:6:30:6:Infinity":2,"s:7:4:11:Infinity":3,"s:8:6:8:Infinity":4,"s:10:6:10:Infinity":5},"fnNames":{}}}
,"D:\\mt club1\\src\\services\\native\\statusbar.js": {"path":"D:\\mt club1\\src\\services\\native\\statusbar.js","statementMap":{"0":{"start":{"line":4,"column":32},"end":{"line":28,"column":1}},"1":{"start":{"line":6,"column":4},"end":{"line":6,"column":null}},"2":{"start":{"line":6,"column":30},"end":{"line":6,"column":null}},"3":{"start":{"line":8,"column":4},"end":{"line":14,"column":null}},"4":{"start":{"line":9,"column":6},"end":{"line":9,"column":null}},"5":{"start":{"line":10,"column":6},"end":{"line":10,"column":null}},"6":{"start":{"line":11,"column":6},"end":{"line":11,"column":null}},"7":{"start":{"line":13,"column":6},"end":{"line":13,"column":null}},"8":{"start":{"line":18,"column":4},"end":{"line":20,"column":null}},"9":{"start":{"line":19,"column":6},"end":{"line":19,"column":null}},"10":{"start":{"line":19,"column":12},"end":{"line":19,"column":35}},"11":{"start":{"line":24,"column":4},"end":{"line":26,"column":null}},"12":{"start":{"line":25,"column":6},"end":{"line":25,"column":null}},"13":{"start":{"line":25,"column":12},"end":{"line":25,"column":35}}},"fnMap":{"0":{"name":"configure","decl":{"start":{"line":5,"column":8},"end":{"line":5,"column":17}},"loc":{"start":{"line":5,"column":20},"end":{"line":15,"column":3}},"line":5},"1":{"name":"hide","decl":{"start":{"line":17,"column":8},"end":{"line":17,"column":12}},"loc":{"start":{"line":17,"column":15},"end":{"line":21,"column":3}},"line":17},"2":{"name":"show","decl":{"start":{"line":23,"column":8},"end":{"line":23,"column":12}},"loc":{"start":{"line":23,"column":15},"end":{"line":27,"column":3}},"line":23}},"branchMap":{"0":{"loc":{"start":{"line":6,"column":4},"end":{"line":6,"column":null}},"type":"if","locations":[{"start":{"line":6,"column":4},"end":{"line":6,"column":null}},{"start":{},"end":{}}],"line":6},"1":{"loc":{"start":{"line":18,"column":4},"end":{"line":20,"column":null}},"type":"if","locations":[{"start":{"line":18,"column":4},"end":{"line":20,"column":null}},{"start":{},"end":{}}],"line":18},"2":{"loc":{"start":{"line":24,"column":4},"end":{"line":26,"column":null}},"type":"if","locations":[{"start":{"line":24,"column":4},"end":{"line":26,"column":null}},{"start":{},"end":{}}],"line":24}},"s":{"0":0,"1":0,"2":0,"3":0,"4":0,"5":0,"6":0,"7":0,"8":0,"9":0,"10":0,"11":0,"12":0,"13":0},"f":{"0":0,"1":0,"2":0},"b":{"0":[0,0],"1":[0,0],"2":[0,0]},"meta":{"lastBranch":3,"lastFunction":3,"lastStatement":14,"seen":{"s:4:32:28:1":0,"f:5:8:5:17":0,"b:6:4:6:Infinity:undefined:undefined:undefined:undefined":0,"s:6:4:6:Infinity":1,"s:6:30:6:Infinity":2,"s:8:4:14:Infinity":3,"s:9:6:9:Infinity":4,"s:10:6:10:Infinity":5,"s:11:6:11:Infinity":6,"s:13:6:13:Infinity":7,"f:17:8:17:12":1,"b:18:4:20:Infinity:undefined:undefined:undefined:undefined":1,"s:18:4:20:Infinity":8,"s:19:6:19:Infinity":9,"s:19:12:19:35":10,"f:23:8:23:12":2,"b:24:4:26:Infinity:undefined:undefined:undefined:undefined":2,"s:24:4:26:Infinity":11,"s:25:6:25:Infinity":12,"s:25:12:25:35":13},"fnNames":{}}}
,"D:\\mt club1\\src\\services\\native\\storage.js": {"path":"D:\\mt club1\\src\\services\\native\\storage.js","statementMap":{"0":{"start":{"line":4,"column":19},"end":{"line":4,"column":33}},"1":{"start":{"line":6,"column":18},"end":{"line":6,"column":22}},"2":{"start":{"line":9,"column":2},"end":{"line":9,"column":null}},"3":{"start":{"line":9,"column":19},"end":{"line":9,"column":null}},"4":{"start":{"line":10,"column":2},"end":{"line":16,"column":null}},"5":{"start":{"line":11,"column":22},"end":{"line":11,"column":64}},"6":{"start":{"line":12,"column":4},"end":{"line":12,"column":null}},"7":{"start":{"line":14,"column":16},"end":{"line":14,"column":48}},"8":{"start":{"line":15,"column":4},"end":{"line":15,"column":null}},"9":{"start":{"line":17,"column":2},"end":{"line":17,"column":null}},"10":{"start":{"line":21,"column":2},"end":{"line":21,"column":null}},"11":{"start":{"line":22,"column":15},"end":{"line":22,"column":35}},"12":{"start":{"line":23,"column":2},"end":{"line":27,"column":null}},"13":{"start":{"line":24,"column":4},"end":{"line":24,"column":null}},"14":{"start":{"line":26,"column":4},"end":{"line":26,"column":null}},"15":{"start":{"line":30,"column":30},"end":{"line":56,"column":1}},"16":{"start":{"line":32,"column":17},"end":{"line":32,"column":35}},"17":{"start":{"line":33,"column":4},"end":{"line":33,"column":null}},"18":{"start":{"line":37,"column":17},"end":{"line":37,"column":35}},"19":{"start":{"line":38,"column":4},"end":{"line":38,"column":null}},"20":{"start":{"line":39,"column":4},"end":{"line":39,"column":null}},"21":{"start":{"line":43,"column":17},"end":{"line":43,"column":35}},"22":{"start":{"line":44,"column":4},"end":{"line":44,"column":null}},"23":{"start":{"line":45,"column":4},"end":{"line":45,"column":null}},"24":{"start":{"line":49,"column":4},"end":{"line":49,"column":null}},"25":{"start":{"line":50,"column":4},"end":{"line":54,"column":null}},"26":{"start":{"line":51,"column":6},"end":{"line":51,"column":null}},"27":{"start":{"line":53,"column":6},"end":{"line":53,"column":null}}},"fnMap":{"0":{"name":"loadMemory","decl":{"start":{"line":8,"column":15},"end":{"line":8,"column":25}},"loc":{"start":{"line":8,"column":28},"end":{"line":18,"column":null}},"line":8},"1":{"name":"saveMemory","decl":{"start":{"line":20,"column":15},"end":{"line":20,"column":25}},"loc":{"start":{"line":20,"column":32},"end":{"line":28,"column":null}},"line":20},"2":{"name":"get","decl":{"start":{"line":31,"column":8},"end":{"line":31,"column":11}},"loc":{"start":{"line":31,"column":17},"end":{"line":34,"column":3}},"line":31},"3":{"name":"set","decl":{"start":{"line":36,"column":8},"end":{"line":36,"column":11}},"loc":{"start":{"line":36,"column":24},"end":{"line":40,"column":3}},"line":36},"4":{"name":"remove","decl":{"start":{"line":42,"column":8},"end":{"line":42,"column":14}},"loc":{"start":{"line":42,"column":20},"end":{"line":46,"column":3}},"line":42},"5":{"name":"clear","decl":{"start":{"line":48,"column":8},"end":{"line":48,"column":13}},"loc":{"start":{"line":48,"column":16},"end":{"line":55,"column":3}},"line":48}},"branchMap":{"0":{"loc":{"start":{"line":9,"column":2},"end":{"line":9,"column":null}},"type":"if","locations":[{"start":{"line":9,"column":2},"end":{"line":9,"column":null}},{"start":{},"end":{}}],"line":9},"1":{"loc":{"start":{"line":10,"column":2},"end":{"line":16,"column":null}},"type":"if","locations":[{"start":{"line":10,"column":2},"end":{"line":16,"column":null}},{"start":{"line":13,"column":9},"end":{"line":16,"column":null}}],"line":10},"2":{"loc":{"start":{"line":12,"column":18},"end":{"line":12,"column":48}},"type":"cond-expr","locations":[{"start":{"line":12,"column":26},"end":{"line":12,"column":43}},{"start":{"line":12,"column":46},"end":{"line":12,"column":48}}],"line":12},"3":{"loc":{"start":{"line":15,"column":18},"end":{"line":15,"column":44}},"type":"cond-expr","locations":[{"start":{"line":15,"column":24},"end":{"line":15,"column":39}},{"start":{"line":15,"column":42},"end":{"line":15,"column":44}}],"line":15},"4":{"loc":{"start":{"line":23,"column":2},"end":{"line":27,"column":null}},"type":"if","locations":[{"start":{"line":23,"column":2},"end":{"line":27,"column":null}},{"start":{"line":25,"column":9},"end":{"line":27,"column":null}}],"line":23},"5":{"loc":{"start":{"line":33,"column":11},"end":{"line":33,"column":28}},"type":"binary-expr","locations":[{"start":{"line":33,"column":11},"end":{"line":33,"column":20}},{"start":{"line":33,"column":24},"end":{"line":33,"column":28}}],"line":33},"6":{"loc":{"start":{"line":50,"column":4},"end":{"line":54,"column":null}},"type":"if","locations":[{"start":{"line":50,"column":4},"end":{"line":54,"column":null}},{"start":{"line":52,"column":11},"end":{"line":54,"column":null}}],"line":50}},"s":{"0":0,"1":0,"2":0,"3":0,"4":0,"5":0,"6":0,"7":0,"8":0,"9":0,"10":0,"11":0,"12":0,"13":0,"14":0,"15":0,"16":0,"17":0,"18":0,"19":0,"20":0,"21":0,"22":0,"23":0,"24":0,"25":0,"26":0,"27":0},"f":{"0":0,"1":0,"2":0,"3":0,"4":0,"5":0},"b":{"0":[0,0],"1":[0,0],"2":[0,0],"3":[0,0],"4":[0,0],"5":[0,0],"6":[0,0]},"meta":{"lastBranch":7,"lastFunction":6,"lastStatement":28,"seen":{"s:4:19:4:33":0,"s:6:18:6:22":1,"f:8:15:8:25":0,"b:9:2:9:Infinity:undefined:undefined:undefined:undefined":0,"s:9:2:9:Infinity":2,"s:9:19:9:Infinity":3,"b:10:2:16:Infinity:13:9:16:Infinity":1,"s:10:2:16:Infinity":4,"s:11:22:11:64":5,"s:12:4:12:Infinity":6,"b:12:26:12:43:12:46:12:48":2,"s:14:16:14:48":7,"s:15:4:15:Infinity":8,"b:15:24:15:39:15:42:15:44":3,"s:17:2:17:Infinity":9,"f:20:15:20:25":1,"s:21:2:21:Infinity":10,"s:22:15:22:35":11,"b:23:2:27:Infinity:25:9:27:Infinity":4,"s:23:2:27:Infinity":12,"s:24:4:24:Infinity":13,"s:26:4:26:Infinity":14,"s:30:30:56:1":15,"f:31:8:31:11":2,"s:32:17:32:35":16,"s:33:4:33:Infinity":17,"b:33:11:33:20:33:24:33:28":5,"f:36:8:36:11":3,"s:37:17:37:35":18,"s:38:4:38:Infinity":19,"s:39:4:39:Infinity":20,"f:42:8:42:14":4,"s:43:17:43:35":21,"s:44:4:44:Infinity":22,"s:45:4:45:Infinity":23,"f:48:8:48:13":5,"s:49:4:49:Infinity":24,"b:50:4:54:Infinity:52:11:54:Infinity":6,"s:50:4:54:Infinity":25,"s:51:6:51:Infinity":26,"s:53:6:53:Infinity":27},"fnNames":{}}}
,"D:\\mt club1\\src\\utils\\axios.js": {"path":"D:\\mt club1\\src\\utils\\axios.js","statementMap":{"0":{"start":{"line":3,"column":29},"end":{"line":6,"column":2}}},"fnMap":{},"branchMap":{"0":{"loc":{"start":{"line":4,"column":11},"end":{"line":4,"column":45}},"type":"binary-expr","locations":[{"start":{"line":4,"column":11},"end":{"line":4,"column":39}},{"start":{"line":4,"column":43},"end":{"line":4,"column":45}}],"line":4}},"s":{"0":0},"f":{},"b":{"0":[0,0]},"meta":{"lastBranch":1,"lastFunction":0,"lastStatement":1,"seen":{"s:3:29:6:2":0,"b:4:11:4:39:4:43:4:45":0},"fnNames":{}}}
}
